{"level":"info","message":"Docs available at http://localhost:3006/docs","service":"user-service","timestamp":"2023-01-19T04:45:24.898Z"}
{"level":"info","message":"Docs available at http://localhost:3006/docs","service":"user-service","timestamp":"2023-01-19T05:07:21.123Z"}
{"level":"info","message":"Docs available at http://localhost:3006/docs","service":"user-service","timestamp":"2023-01-19T05:07:29.147Z"}
{"level":"info","message":"Docs available at http://localhost:3006/docs","service":"user-service","timestamp":"2023-01-19T05:08:47.112Z"}
{"level":"info","message":"Docs available at http://localhost:3006/docs","service":"user-service","timestamp":"2023-01-19T05:09:00.703Z"}
{"level":"info","message":"Docs available at http://localhost:3006/docs","service":"user-service","timestamp":"2023-01-19T05:09:24.850Z"}
{"level":"info","message":"Docs available at http://localhost:3006/docs","service":"user-service","timestamp":"2023-01-19T05:09:41.150Z"}
{"level":"info","message":"Docs available at http://localhost:3006/docs","service":"user-service","timestamp":"2023-01-19T05:10:40.710Z"}
{"level":"info","message":"Docs available at http://localhost:3006/docs","service":"user-service","timestamp":"2023-01-19T05:11:06.153Z"}
{"level":"info","message":"Docs available at http://localhost:3006/docs","service":"user-service","timestamp":"2023-01-19T05:16:28.823Z"}
{"level":"info","message":"Docs available at http://localhost:3006/docs","service":"user-service","timestamp":"2023-01-19T05:20:43.805Z"}
{"level":"info","message":"/payment/payfast/success?&err_code=000&err_msg=Success&transaction_id=967f037f-14b8-349f-9b51-109804544ba8&basket_id=61213139-ABCD123343451&order_date=2023-01-23&Rdv_Message_Key=010AF71A-786C-4D7A-B4D0-A554817B6796&Response_Key=678F585A2CED384F882646A74952A706&PaymentType=3&PaymentName=Account&validation_hash=468fcc21f35113d68575173bf2deca945840b3a0df5e901417372b198ee150c5&transaction_amount=10&merchant_amount=10&discounted_amount=&issuer_name=Demo%20Bank&transaction_currency=PKR&BillNumber=&CustomerId=","service":"user-service","timestamp":"2023-01-19T05:21:54.794Z"}
{"level":"info","message":{},"service":"user-service","timestamp":"2023-01-19T05:21:54.794Z"}
{"level":"info","message":{"msg":"Route Not found"},"service":"user-service","timestamp":"2023-01-19T05:21:54.799Z"}
{"level":"info","message":"{\"msg\":\"Route Not found\"}","service":"user-service","timestamp":"2023-01-19T05:21:54.801Z"}
{"level":"info","message":"/api/v1/payment/payfast/success?&err_code=000&err_msg=Success&transaction_id=7ddbff41-b3fe-15f9-3ea4-00e3878ecf01&basket_id=61213139-ABCD123343451&order_date=2023-01-23&Rdv_Message_Key=1836DAA8-2C33-4347-8104-F85D2B2CA328&Response_Key=678F585A2CED384F882646A74952A706&PaymentType=3&PaymentName=Account&validation_hash=468fcc21f35113d68575173bf2deca945840b3a0df5e901417372b198ee150c5&transaction_amount=10&merchant_amount=10&discounted_amount=&issuer_name=Demo%20Bank&transaction_currency=PKR&BillNumber=&CustomerId=","service":"user-service","timestamp":"2023-01-19T05:24:22.444Z"}
{"level":"info","message":{},"service":"user-service","timestamp":"2023-01-19T05:24:22.445Z"}
{"level":"info","message":{"msg":"payment successfully"},"service":"user-service","timestamp":"2023-01-19T05:24:22.823Z"}
{"level":"info","message":"{\"msg\":\"payment successfully\"}","service":"user-service","timestamp":"2023-01-19T05:24:22.824Z"}
{"level":"info","message":"Docs available at http://localhost:3006/docs","service":"user-service","timestamp":"2023-01-19T05:29:03.865Z"}
{"level":"info","message":"/api/v1/payment/payfast/failure??&err_code=000&err_msg=Success&transaction_id=51ad9594-703a-f286-1505-c3e29333a62c&basket_id=61213139-ABCD123343451&order_date=2023-01-23&Rdv_Message_Key=1D7B096C-1C61-45F0-9DDF-C464220656C6&Response_Key=678F585A2CED384F882646A74952A706&PaymentType=3&PaymentName=Account&validation_hash=468fcc21f35113d68575173bf2deca945840b3a0df5e901417372b198ee150c5&transaction_amount=10&merchant_amount=10&discounted_amount=&issuer_name=Demo%20Bank&transaction_currency=PKR&BillNumber=&CustomerId=","service":"user-service","timestamp":"2023-01-19T05:29:42.539Z"}
{"level":"info","message":{},"service":"user-service","timestamp":"2023-01-19T05:29:42.540Z"}
{"level":"info","message":{"?":"","BillNumber":"","CustomerId":"","PaymentName":"Account","PaymentType":"3","Rdv_Message_Key":"1D7B096C-1C61-45F0-9DDF-C464220656C6","Response_Key":"678F585A2CED384F882646A74952A706","basket_id":"61213139-ABCD123343451","discounted_amount":"","err_code":"000","err_msg":"Success","issuer_name":"Demo Bank","merchant_amount":"10","order_date":"2023-01-23","transaction_amount":"10","transaction_currency":"PKR","transaction_id":"51ad9594-703a-f286-1505-c3e29333a62c","validation_hash":"468fcc21f35113d68575173bf2deca945840b3a0df5e901417372b198ee150c5"},"service":"user-service","timestamp":"2023-01-19T05:29:42.545Z"}
{"level":"info","message":"{\"?\":\"\",\"err_code\":\"000\",\"err_msg\":\"Success\",\"transaction_id\":\"51ad9594-703a-f286-1505-c3e29333a62c\",\"basket_id\":\"61213139-ABCD123343451\",\"order_date\":\"2023-01-23\",\"Rdv_Message_Key\":\"1D7B096C-1C61-45F0-9DDF-C464220656C6\",\"Response_Key\":\"678F585A2CED384F882646A74952A706\",\"PaymentType\":\"3\",\"PaymentName\":\"Account\",\"validation_hash\":\"468fcc21f35113d68575173bf2deca945840b3a0df5e901417372b198ee150c5\",\"transaction_amount\":\"10\",\"merchant_amount\":\"10\",\"discounted_amount\":\"\",\"issuer_name\":\"Demo Bank\",\"transaction_currency\":\"PKR\",\"BillNumber\":\"\",\"CustomerId\":\"\"}","service":"user-service","timestamp":"2023-01-19T05:29:42.547Z"}
{"level":"info","message":"Docs available at http://localhost:3006/docs","service":"user-service","timestamp":"2023-01-19T05:39:24.880Z"}
{"level":"info","message":"Docs available at http://localhost:3006/docs","service":"user-service","timestamp":"2023-01-19T05:40:04.316Z"}
{"level":"info","message":"Docs available at http://localhost:3006/docs","service":"user-service","timestamp":"2023-01-19T05:40:20.663Z"}
{"level":"info","message":"Docs available at http://localhost:3006/docs","service":"user-service","timestamp":"2023-01-19T05:40:30.665Z"}
{"level":"info","message":"Docs available at http://localhost:3006/docs","service":"user-service","timestamp":"2023-01-19T05:41:04.309Z"}
{"level":"info","message":"Docs available at http://localhost:3006/docs","service":"user-service","timestamp":"2023-01-19T05:41:12.702Z"}
{"level":"info","message":"Docs available at http://localhost:3006/docs","service":"user-service","timestamp":"2023-01-19T05:41:51.520Z"}
{"level":"info","message":"Docs available at http://localhost:3006/docs","service":"user-service","timestamp":"2023-01-19T05:42:05.739Z"}
{"level":"info","message":"Docs available at http://localhost:3006/docs","service":"user-service","timestamp":"2023-01-19T05:42:42.907Z"}
{"level":"info","message":"Docs available at http://localhost:3006/docs","service":"user-service","timestamp":"2023-01-19T05:43:07.123Z"}
{"level":"info","message":"Docs available at http://localhost:3006/docs","service":"user-service","timestamp":"2023-01-19T05:43:28.032Z"}
{"level":"info","message":"Docs available at http://localhost:3006/docs","service":"user-service","timestamp":"2023-01-19T05:44:25.485Z"}
{"level":"info","message":"Docs available at http://localhost:3006/docs","service":"user-service","timestamp":"2023-01-19T05:44:49.040Z"}
{"level":"info","message":"Docs available at http://localhost:3006/docs","service":"user-service","timestamp":"2023-01-19T05:47:59.367Z"}
{"level":"info","message":"Docs available at http://localhost:3006/docs","service":"user-service","timestamp":"2023-01-19T05:48:18.814Z"}
{"level":"info","message":"Docs available at http://localhost:3006/docs","service":"user-service","timestamp":"2023-01-19T05:48:57.643Z"}
{"level":"info","message":"Docs available at http://localhost:3006/docs","service":"user-service","timestamp":"2023-01-19T05:49:18.400Z"}
{"level":"info","message":"Docs available at http://localhost:3006/docs","service":"user-service","timestamp":"2023-01-19T05:49:25.162Z"}
{"level":"info","message":"Docs available at http://localhost:3006/docs","service":"user-service","timestamp":"2023-01-19T05:49:53.487Z"}
{"level":"info","message":"/api/v1/user/","service":"user-service","timestamp":"2023-01-19T05:50:16.283Z"}
{"level":"info","message":{"contact":"03473465594","email":"mfayyazkaror@gmail.com","name":"user","password":"Admin@786","roleId":"63aa9897ae1ae5e5152d5a65"},"service":"user-service","timestamp":"2023-01-19T05:50:16.283Z"}
{"level":"info","message":{"data":{"__v":0,"_id":"63c8da18cb2cf610b5185736","contact":"03473465594","createdAt":"2023-01-19T05:50:16.483Z","email":"mfayyazkaror@gmail.com","isLogin":false,"name":"user","password":"$2b$10$H4pf2sdjHaEBKeDawrsDA.71TN/dY8QKSRp84Wtcyk6N6y9PT/VGm","role":"63aa9897ae1ae5e5152d5a65","updatedAt":"2023-01-19T05:50:16.483Z"},"msg":"User added"},"service":"user-service","timestamp":"2023-01-19T05:50:16.713Z"}
{"level":"info","message":"{\"msg\":\"User added\",\"data\":{\"role\":\"63aa9897ae1ae5e5152d5a65\",\"name\":\"user\",\"email\":\"mfayyazkaror@gmail.com\",\"password\":\"$2b$10$H4pf2sdjHaEBKeDawrsDA.71TN/dY8QKSRp84Wtcyk6N6y9PT/VGm\",\"contact\":\"03473465594\",\"isLogin\":false,\"_id\":\"63c8da18cb2cf610b5185736\",\"createdAt\":\"2023-01-19T05:50:16.483Z\",\"updatedAt\":\"2023-01-19T05:50:16.483Z\",\"__v\":0}}","service":"user-service","timestamp":"2023-01-19T05:50:16.716Z"}
{"level":"info","message":"/api/v1/user/resetpassword/otp","service":"user-service","timestamp":"2023-01-19T05:50:36.774Z"}
{"level":"info","message":{"email":"mfayyazkaror@gmail.com"},"service":"user-service","timestamp":"2023-01-19T05:50:36.775Z"}
{"level":"info","message":{"msg":"smsServices is not defined"},"service":"user-service","timestamp":"2023-01-19T05:50:37.506Z"}
{"level":"info","message":"{\"msg\":\"smsServices is not defined\"}","service":"user-service","timestamp":"2023-01-19T05:50:37.507Z"}
{"level":"info","message":"Docs available at http://localhost:3006/docs","service":"user-service","timestamp":"2023-01-19T05:51:02.341Z"}
{"level":"info","message":"/api/v1/user/resetpassword/otp","service":"user-service","timestamp":"2023-01-19T05:51:13.289Z"}
{"level":"info","message":{"email":"mfayyazkaror@gmail.com"},"service":"user-service","timestamp":"2023-01-19T05:51:13.290Z"}
{"level":"info","message":"{\"msg\":\"link sent\"}","service":"user-service","timestamp":"2023-01-19T05:51:21.459Z"}
{"level":"info","message":"/api/v1/user/resetpassword/verify","service":"user-service","timestamp":"2023-01-19T05:52:21.504Z"}
{"level":"info","message":{"email":"mfayyazkaror@gmail.com","otp":3621},"service":"user-service","timestamp":"2023-01-19T05:52:21.505Z"}
{"level":"info","message":"{\"msg\":\"OTP Verified\"}","service":"user-service","timestamp":"2023-01-19T05:52:21.774Z"}
{"level":"info","message":"Docs available at http://localhost:3006/docs","service":"user-service","timestamp":"2023-01-19T05:52:47.120Z"}
{"level":"info","message":"/api/v1/user/resetpassword/otp","service":"user-service","timestamp":"2023-01-19T05:53:25.718Z"}
{"level":"info","message":{"email":"mfayyazkaror@gmail.com"},"service":"user-service","timestamp":"2023-01-19T05:53:25.718Z"}
{"level":"info","message":"{\"msg\":\"Otp sent\"}","service":"user-service","timestamp":"2023-01-19T05:53:31.925Z"}
{"level":"info","message":"Docs available at http://localhost:3006/docs","service":"user-service","timestamp":"2023-01-19T05:54:13.188Z"}
{"level":"info","message":"Docs available at http://localhost:3006/docs","service":"user-service","timestamp":"2023-01-19T06:14:18.353Z"}
{"level":"info","message":"/api-docs/","service":"user-service","timestamp":"2023-01-19T06:14:43.327Z"}
{"level":"info","message":{},"service":"user-service","timestamp":"2023-01-19T06:14:43.327Z"}
{"level":"info","message":"\n<!-- HTML for static distribution bundle build -->\n<!DOCTYPE html>\n<html lang=\"en\">\n<head>\n  <meta charset=\"UTF-8\">\n  <title>Swagger UI</title>\n  <link rel=\"stylesheet\" type=\"text/css\" href=\"./swagger-ui.css\" >\n  <link rel=\"icon\" type=\"image/png\" href=\"./favicon-32x32.png\" sizes=\"32x32\" /><link rel=\"icon\" type=\"image/png\" href=\"./favicon-16x16.png\" sizes=\"16x16\" />\n  <style>\n    html\n    {\n      box-sizing: border-box;\n      overflow: -moz-scrollbars-vertical;\n      overflow-y: scroll;\n    }\n    *,\n    *:before,\n    *:after\n    {\n      box-sizing: inherit;\n    }\n\n    body {\n      margin:0;\n      background: #fafafa;\n    }\n  </style>\n</head>\n\n<body>\n\n<svg xmlns=\"http://www.w3.org/2000/svg\" xmlns:xlink=\"http://www.w3.org/1999/xlink\" style=\"position:absolute;width:0;height:0\">\n  <defs>\n    <symbol viewBox=\"0 0 20 20\" id=\"unlocked\">\n      <path d=\"M15.8 8H14V5.6C14 2.703 12.665 1 10 1 7.334 1 6 2.703 6 5.6V6h2v-.801C8 3.754 8.797 3 10 3c1.203 0 2 .754 2 2.199V8H4c-.553 0-1 .646-1 1.199V17c0 .549.428 1.139.951 1.307l1.197.387C5.672 18.861 6.55 19 7.1 19h5.8c.549 0 1.428-.139 1.951-.307l1.196-.387c.524-.167.953-.757.953-1.306V9.199C17 8.646 16.352 8 15.8 8z\"></path>\n    </symbol>\n\n    <symbol viewBox=\"0 0 20 20\" id=\"locked\">\n      <path d=\"M15.8 8H14V5.6C14 2.703 12.665 1 10 1 7.334 1 6 2.703 6 5.6V8H4c-.553 0-1 .646-1 1.199V17c0 .549.428 1.139.951 1.307l1.197.387C5.672 18.861 6.55 19 7.1 19h5.8c.549 0 1.428-.139 1.951-.307l1.196-.387c.524-.167.953-.757.953-1.306V9.199C17 8.646 16.352 8 15.8 8zM12 8H8V5.199C8 3.754 8.797 3 10 3c1.203 0 2 .754 2 2.199V8z\"/>\n    </symbol>\n\n    <symbol viewBox=\"0 0 20 20\" id=\"close\">\n      <path d=\"M14.348 14.849c-.469.469-1.229.469-1.697 0L10 11.819l-2.651 3.029c-.469.469-1.229.469-1.697 0-.469-.469-.469-1.229 0-1.697l2.758-3.15-2.759-3.152c-.469-.469-.469-1.228 0-1.697.469-.469 1.228-.469 1.697 0L10 8.183l2.651-3.031c.469-.469 1.228-.469 1.697 0 .469.469.469 1.229 0 1.697l-2.758 3.152 2.758 3.15c.469.469.469 1.229 0 1.698z\"/>\n    </symbol>\n\n    <symbol viewBox=\"0 0 20 20\" id=\"large-arrow\">\n      <path d=\"M13.25 10L6.109 2.58c-.268-.27-.268-.707 0-.979.268-.27.701-.27.969 0l7.83 7.908c.268.271.268.709 0 .979l-7.83 7.908c-.268.271-.701.27-.969 0-.268-.269-.268-.707 0-.979L13.25 10z\"/>\n    </symbol>\n\n    <symbol viewBox=\"0 0 20 20\" id=\"large-arrow-down\">\n      <path d=\"M17.418 6.109c.272-.268.709-.268.979 0s.271.701 0 .969l-7.908 7.83c-.27.268-.707.268-.979 0l-7.908-7.83c-.27-.268-.27-.701 0-.969.271-.268.709-.268.979 0L10 13.25l7.418-7.141z\"/>\n    </symbol>\n\n\n    <symbol viewBox=\"0 0 24 24\" id=\"jump-to\">\n      <path d=\"M19 7v4H5.83l3.58-3.59L8 6l-6 6 6 6 1.41-1.41L5.83 13H21V7z\"/>\n    </symbol>\n\n    <symbol viewBox=\"0 0 24 24\" id=\"expand\">\n      <path d=\"M10 18h4v-2h-4v2zM3 6v2h18V6H3zm3 7h12v-2H6v2z\"/>\n    </symbol>\n\n  </defs>\n</svg>\n\n<div id=\"swagger-ui\"></div>\n\n<script src=\"./swagger-ui-bundle.js\"> </script>\n<script src=\"./swagger-ui-standalone-preset.js\"> </script>\n<script src=\"./swagger-ui-init.js\"> </script>\n\n\n\n<style>\n  .swagger-ui .topbar .download-url-wrapper { display: none } undefined\n</style>\n</body>\n\n</html>\n","service":"user-service","timestamp":"2023-01-19T06:14:43.334Z"}
{"level":"info","message":"/api-docs/swagger-ui.css","service":"user-service","timestamp":"2023-01-19T06:14:43.409Z"}
{"level":"info","message":{},"service":"user-service","timestamp":"2023-01-19T06:14:43.409Z"}
{"level":"info","message":"/api-docs/swagger-ui-bundle.js","service":"user-service","timestamp":"2023-01-19T06:14:43.413Z"}
{"level":"info","message":{},"service":"user-service","timestamp":"2023-01-19T06:14:43.414Z"}
{"level":"info","message":"/api-docs/swagger-ui-standalone-preset.js","service":"user-service","timestamp":"2023-01-19T06:14:43.420Z"}
{"level":"info","message":{},"service":"user-service","timestamp":"2023-01-19T06:14:43.421Z"}
{"level":"info","message":"/api-docs/swagger-ui-init.js","service":"user-service","timestamp":"2023-01-19T06:14:43.428Z"}
{"level":"info","message":{},"service":"user-service","timestamp":"2023-01-19T06:14:43.429Z"}
{"level":"info","message":"\nwindow.onload = function() {\n  // Build a system\n  var url = window.location.search.match(/url=([^&]+)/);\n  if (url && url.length > 1) {\n    url = decodeURIComponent(url[1]);\n  } else {\n    url = window.location.origin;\n  }\n  var options = {\n  \"swaggerDoc\": {\n    \"openapi\": \"3.0.0\",\n    \"info\": {\n      \"version\": \"1.0.0\",\n      \"title\": \"ZStore APIs Document\",\n      \"description\": \"Local server zstore\"\n    },\n    \"servers\": [\n      {\n        \"url\": \"http://localhost:3006/\"\n      },\n      {\n        \"url\": \"http://20.212.227.60:3007\"\n      }\n    ],\n    \"components\": {\n      \"securitySchemas\": {\n        \"bearerAuth\": {\n          \"type\": \"http\",\n          \"scheme\": \"bearer\",\n          \"bearerFormat\": \"JWT\"\n        }\n      }\n    },\n    \"security\": [\n      {\n        \"bearerAuth\": []\n      }\n    ],\n    \"paths\": {},\n    \"tags\": []\n  },\n  \"customOptions\": {}\n};\n  url = options.swaggerUrl || url\n  var urls = options.swaggerUrls\n  var customOptions = options.customOptions\n  var spec1 = options.swaggerDoc\n  var swaggerOptions = {\n    spec: spec1,\n    url: url,\n    urls: urls,\n    dom_id: '#swagger-ui',\n    deepLinking: true,\n    presets: [\n      SwaggerUIBundle.presets.apis,\n      SwaggerUIStandalonePreset\n    ],\n    plugins: [\n      SwaggerUIBundle.plugins.DownloadUrl\n    ],\n    layout: \"StandaloneLayout\"\n  }\n  for (var attrname in customOptions) {\n    swaggerOptions[attrname] = customOptions[attrname];\n  }\n  var ui = SwaggerUIBundle(swaggerOptions)\n\n  if (customOptions.oauth) {\n    ui.initOAuth(customOptions.oauth)\n  }\n\n  if (customOptions.authAction) {\n    ui.authActions.authorize(customOptions.authAction)\n  }\n\n  window.ui = ui\n}\n","service":"user-service","timestamp":"2023-01-19T06:14:43.429Z"}
{"level":"info","message":"Docs available at http://localhost:3006/docs","service":"user-service","timestamp":"2023-01-19T06:16:18.290Z"}
{"level":"info","message":"/api-docs/","service":"user-service","timestamp":"2023-01-19T06:16:20.180Z"}
{"level":"info","message":{},"service":"user-service","timestamp":"2023-01-19T06:16:20.180Z"}
{"level":"info","message":"\n<!-- HTML for static distribution bundle build -->\n<!DOCTYPE html>\n<html lang=\"en\">\n<head>\n  <meta charset=\"UTF-8\">\n  <title>Swagger UI</title>\n  <link rel=\"stylesheet\" type=\"text/css\" href=\"./swagger-ui.css\" >\n  <link rel=\"icon\" type=\"image/png\" href=\"./favicon-32x32.png\" sizes=\"32x32\" /><link rel=\"icon\" type=\"image/png\" href=\"./favicon-16x16.png\" sizes=\"16x16\" />\n  <style>\n    html\n    {\n      box-sizing: border-box;\n      overflow: -moz-scrollbars-vertical;\n      overflow-y: scroll;\n    }\n    *,\n    *:before,\n    *:after\n    {\n      box-sizing: inherit;\n    }\n\n    body {\n      margin:0;\n      background: #fafafa;\n    }\n  </style>\n</head>\n\n<body>\n\n<svg xmlns=\"http://www.w3.org/2000/svg\" xmlns:xlink=\"http://www.w3.org/1999/xlink\" style=\"position:absolute;width:0;height:0\">\n  <defs>\n    <symbol viewBox=\"0 0 20 20\" id=\"unlocked\">\n      <path d=\"M15.8 8H14V5.6C14 2.703 12.665 1 10 1 7.334 1 6 2.703 6 5.6V6h2v-.801C8 3.754 8.797 3 10 3c1.203 0 2 .754 2 2.199V8H4c-.553 0-1 .646-1 1.199V17c0 .549.428 1.139.951 1.307l1.197.387C5.672 18.861 6.55 19 7.1 19h5.8c.549 0 1.428-.139 1.951-.307l1.196-.387c.524-.167.953-.757.953-1.306V9.199C17 8.646 16.352 8 15.8 8z\"></path>\n    </symbol>\n\n    <symbol viewBox=\"0 0 20 20\" id=\"locked\">\n      <path d=\"M15.8 8H14V5.6C14 2.703 12.665 1 10 1 7.334 1 6 2.703 6 5.6V8H4c-.553 0-1 .646-1 1.199V17c0 .549.428 1.139.951 1.307l1.197.387C5.672 18.861 6.55 19 7.1 19h5.8c.549 0 1.428-.139 1.951-.307l1.196-.387c.524-.167.953-.757.953-1.306V9.199C17 8.646 16.352 8 15.8 8zM12 8H8V5.199C8 3.754 8.797 3 10 3c1.203 0 2 .754 2 2.199V8z\"/>\n    </symbol>\n\n    <symbol viewBox=\"0 0 20 20\" id=\"close\">\n      <path d=\"M14.348 14.849c-.469.469-1.229.469-1.697 0L10 11.819l-2.651 3.029c-.469.469-1.229.469-1.697 0-.469-.469-.469-1.229 0-1.697l2.758-3.15-2.759-3.152c-.469-.469-.469-1.228 0-1.697.469-.469 1.228-.469 1.697 0L10 8.183l2.651-3.031c.469-.469 1.228-.469 1.697 0 .469.469.469 1.229 0 1.697l-2.758 3.152 2.758 3.15c.469.469.469 1.229 0 1.698z\"/>\n    </symbol>\n\n    <symbol viewBox=\"0 0 20 20\" id=\"large-arrow\">\n      <path d=\"M13.25 10L6.109 2.58c-.268-.27-.268-.707 0-.979.268-.27.701-.27.969 0l7.83 7.908c.268.271.268.709 0 .979l-7.83 7.908c-.268.271-.701.27-.969 0-.268-.269-.268-.707 0-.979L13.25 10z\"/>\n    </symbol>\n\n    <symbol viewBox=\"0 0 20 20\" id=\"large-arrow-down\">\n      <path d=\"M17.418 6.109c.272-.268.709-.268.979 0s.271.701 0 .969l-7.908 7.83c-.27.268-.707.268-.979 0l-7.908-7.83c-.27-.268-.27-.701 0-.969.271-.268.709-.268.979 0L10 13.25l7.418-7.141z\"/>\n    </symbol>\n\n\n    <symbol viewBox=\"0 0 24 24\" id=\"jump-to\">\n      <path d=\"M19 7v4H5.83l3.58-3.59L8 6l-6 6 6 6 1.41-1.41L5.83 13H21V7z\"/>\n    </symbol>\n\n    <symbol viewBox=\"0 0 24 24\" id=\"expand\">\n      <path d=\"M10 18h4v-2h-4v2zM3 6v2h18V6H3zm3 7h12v-2H6v2z\"/>\n    </symbol>\n\n  </defs>\n</svg>\n\n<div id=\"swagger-ui\"></div>\n\n<script src=\"./swagger-ui-bundle.js\"> </script>\n<script src=\"./swagger-ui-standalone-preset.js\"> </script>\n<script src=\"./swagger-ui-init.js\"> </script>\n\n\n\n<style>\n  .swagger-ui .topbar .download-url-wrapper { display: none } undefined\n</style>\n</body>\n\n</html>\n","service":"user-service","timestamp":"2023-01-19T06:16:20.187Z"}
{"level":"info","message":"/api-docs/swagger-ui.css","service":"user-service","timestamp":"2023-01-19T06:16:20.225Z"}
{"level":"info","message":{},"service":"user-service","timestamp":"2023-01-19T06:16:20.226Z"}
{"level":"info","message":"/api-docs/swagger-ui-bundle.js","service":"user-service","timestamp":"2023-01-19T06:16:20.228Z"}
{"level":"info","message":{},"service":"user-service","timestamp":"2023-01-19T06:16:20.228Z"}
{"level":"info","message":"/api-docs/swagger-ui-standalone-preset.js","service":"user-service","timestamp":"2023-01-19T06:16:20.230Z"}
{"level":"info","message":{},"service":"user-service","timestamp":"2023-01-19T06:16:20.232Z"}
{"level":"info","message":"/api-docs/swagger-ui-init.js","service":"user-service","timestamp":"2023-01-19T06:16:20.242Z"}
{"level":"info","message":{},"service":"user-service","timestamp":"2023-01-19T06:16:20.242Z"}
{"level":"info","message":"\nwindow.onload = function() {\n  // Build a system\n  var url = window.location.search.match(/url=([^&]+)/);\n  if (url && url.length > 1) {\n    url = decodeURIComponent(url[1]);\n  } else {\n    url = window.location.origin;\n  }\n  var options = {\n  \"swaggerDoc\": {\n    \"openapi\": \"3.0.0\",\n    \"info\": {\n      \"version\": \"1.0.0\",\n      \"title\": \"ZStore APIs Document\",\n      \"description\": \"Local server zstore\"\n    },\n    \"servers\": [\n      {\n        \"url\": \"http://localhost:3006\"\n      },\n      {\n        \"url\": \"http://20.212.227.60:3007\"\n      }\n    ],\n    \"components\": {\n      \"securitySchemas\": {\n        \"bearerAuth\": {\n          \"type\": \"http\",\n          \"scheme\": \"bearer\",\n          \"bearerFormat\": \"JWT\"\n        }\n      }\n    },\n    \"security\": [\n      {\n        \"bearerAuth\": []\n      }\n    ],\n    \"paths\": {},\n    \"tags\": []\n  },\n  \"customOptions\": {}\n};\n  url = options.swaggerUrl || url\n  var urls = options.swaggerUrls\n  var customOptions = options.customOptions\n  var spec1 = options.swaggerDoc\n  var swaggerOptions = {\n    spec: spec1,\n    url: url,\n    urls: urls,\n    dom_id: '#swagger-ui',\n    deepLinking: true,\n    presets: [\n      SwaggerUIBundle.presets.apis,\n      SwaggerUIStandalonePreset\n    ],\n    plugins: [\n      SwaggerUIBundle.plugins.DownloadUrl\n    ],\n    layout: \"StandaloneLayout\"\n  }\n  for (var attrname in customOptions) {\n    swaggerOptions[attrname] = customOptions[attrname];\n  }\n  var ui = SwaggerUIBundle(swaggerOptions)\n\n  if (customOptions.oauth) {\n    ui.initOAuth(customOptions.oauth)\n  }\n\n  if (customOptions.authAction) {\n    ui.authActions.authorize(customOptions.authAction)\n  }\n\n  window.ui = ui\n}\n","service":"user-service","timestamp":"2023-01-19T06:16:20.242Z"}
{"level":"info","message":"/api-docs/favicon-32x32.png","service":"user-service","timestamp":"2023-01-19T06:16:20.421Z"}
{"level":"info","message":{},"service":"user-service","timestamp":"2023-01-19T06:16:20.421Z"}
{"level":"info","message":"/api/v1/payment/payfast/checkout?","service":"user-service","timestamp":"2023-01-19T06:27:27.839Z"}
{"level":"info","message":{"Rdv_Message_Key":"1836DAA8-2C33-4347-8104-F85D2B2CA328","basket_id":"61213139-ABCD123343451","err_code":"000","err_msg":"Success","order_date":"2023-01-23","transaction_amount":"50","transaction_id":"7ddbff41-b3fe-15f9-3ea4-00e3878ecf01"},"service":"user-service","timestamp":"2023-01-19T06:27:27.840Z"}
{"level":"info","message":"Docs available at http://localhost:3006/docs","service":"user-service","timestamp":"2023-01-19T06:31:16.785Z"}
{"level":"info","message":"/api/v1/payment/payfast/checkout?","service":"user-service","timestamp":"2023-01-19T06:31:16.878Z"}
{"level":"info","message":{"Rdv_Message_Key":"1836DAA8-2C33-4347-8104-F85D2B2CA328","basket_id":"61213139-ABCD123343451","err_code":"000","err_msg":"Success","order_date":"2023-01-23","transaction_amount":"50","transaction_id":"7ddbff41-b3fe-15f9-3ea4-00e3878ecf01"},"service":"user-service","timestamp":"2023-01-19T06:31:16.878Z"}
{"level":"info","message":{"msg":"payment successfully"},"service":"user-service","timestamp":"2023-01-19T06:31:19.457Z"}
{"level":"info","message":"{\"msg\":\"payment successfully\"}","service":"user-service","timestamp":"2023-01-19T06:31:19.458Z"}
{"level":"info","message":"Docs available at http://localhost:3006/docs","service":"user-service","timestamp":"2023-01-19T06:31:39.290Z"}
{"level":"info","message":"/api/v1/payment/payfast/checkout?","service":"user-service","timestamp":"2023-01-19T06:31:42.104Z"}
{"level":"info","message":{"Rdv_Message_Key":"1836DAA8-2C33-4347-8104-F85D2B2CA328","basket_id":"61213139-ABCD123343451","err_code":"000","err_msg":"Success","order_date":"2023-01-23","transaction_amount":"50","transaction_id":"7ddbff41-b3fe-15f9-3ea4-00e3878ecf01"},"service":"user-service","timestamp":"2023-01-19T06:31:42.104Z"}
{"level":"info","message":{"msg":"payment successfully"},"service":"user-service","timestamp":"2023-01-19T06:31:42.259Z"}
{"level":"info","message":"{\"msg\":\"payment successfully\"}","service":"user-service","timestamp":"2023-01-19T06:31:42.261Z"}
{"level":"info","message":"Docs available at http://localhost:3006/docs","service":"user-service","timestamp":"2023-01-19T06:32:01.969Z"}
{"level":"info","message":"/api/v1/payment/payfast/checkout?","service":"user-service","timestamp":"2023-01-19T06:32:02.776Z"}
{"level":"info","message":{"Rdv_Message_Key":"1836DAA8-2C33-4347-8104-F85D2B2CA328","basket_id":"61213139-ABCD123343451","err_code":"000","err_msg":"Success","order_date":"2023-01-23","transaction_amount":"50","transaction_id":"7ddbff41-b3fe-15f9-3ea4-00e3878ecf01"},"service":"user-service","timestamp":"2023-01-19T06:32:02.776Z"}
{"level":"info","message":{"msg":"payment successfully"},"service":"user-service","timestamp":"2023-01-19T06:32:04.920Z"}
{"level":"info","message":"{\"msg\":\"payment successfully\"}","service":"user-service","timestamp":"2023-01-19T06:32:04.921Z"}
{"level":"info","message":"Docs available at http://localhost:3006/docs","service":"user-service","timestamp":"2023-01-19T06:34:13.738Z"}
{"level":"info","message":"Docs available at http://localhost:3006/docs","service":"user-service","timestamp":"2023-01-19T06:35:08.462Z"}
{"level":"info","message":"/api/v1/payment/payfast/checkout?","service":"user-service","timestamp":"2023-01-19T06:35:11.697Z"}
{"level":"info","message":{"Rdv_Message_Key":"1836DAA8-2C33-4347-8104-F85D2B2CA328","basket_id":"61213139-ABCD123343451","err_code":"000","err_msg":"Success","order_date":"2023-01-23","transaction_amount":"50","transaction_id":"7ddbff41-b3fe-15f9-3ea4-00e3878ecf01"},"service":"user-service","timestamp":"2023-01-19T06:35:11.697Z"}
{"level":"info","message":"Docs available at http://localhost:3006/docs","service":"user-service","timestamp":"2023-01-19T06:35:43.822Z"}
{"level":"info","message":"/api/v1/payment/payfast/checkout?","service":"user-service","timestamp":"2023-01-19T06:35:47.170Z"}
{"level":"info","message":{"Rdv_Message_Key":"1836DAA8-2C33-4347-8104-F85D2B2CA328","basket_id":"61213139-ABCD123343451","err_code":"000","err_msg":"Success","order_date":"2023-01-23","transaction_amount":"50","transaction_id":"7ddbff41-b3fe-15f9-3ea4-00e3878ecf01"},"service":"user-service","timestamp":"2023-01-19T06:35:47.171Z"}
{"level":"info","message":"Docs available at http://localhost:3006/docs","service":"user-service","timestamp":"2023-01-19T06:36:14.519Z"}
{"level":"info","message":"/api/v1/payment/payfast/checkout?","service":"user-service","timestamp":"2023-01-19T06:36:16.006Z"}
{"level":"info","message":{"Rdv_Message_Key":"1836DAA8-2C33-4347-8104-F85D2B2CA328","basket_id":"61213139-ABCD123343451","err_code":"000","err_msg":"Success","order_date":"2023-01-23","transaction_amount":"50","transaction_id":"7ddbff41-b3fe-15f9-3ea4-00e3878ecf01"},"service":"user-service","timestamp":"2023-01-19T06:36:16.007Z"}
{"level":"info","message":"Docs available at http://localhost:3006/docs","service":"user-service","timestamp":"2023-01-19T06:38:11.892Z"}
{"level":"info","message":"/api/v1/payment/payfast/checkout?","service":"user-service","timestamp":"2023-01-19T06:38:12.922Z"}
{"level":"info","message":{"Rdv_Message_Key":"1836DAA8-2C33-4347-8104-F85D2B2CA328","basket_id":"61213139-ABCD123343451","err_code":"000","err_msg":"Success","order_date":"2023-01-23","transaction_amount":"50","transaction_id":"7ddbff41-b3fe-15f9-3ea4-00e3878ecf01"},"service":"user-service","timestamp":"2023-01-19T06:38:12.922Z"}
{"level":"info","message":"OK","service":"user-service","timestamp":"2023-01-19T06:38:14.330Z"}
{"level":"info","message":"Docs available at http://localhost:3006/docs","service":"user-service","timestamp":"2023-01-19T06:38:52.875Z"}
{"level":"info","message":"Docs available at http://localhost:3006/docs","service":"user-service","timestamp":"2023-01-19T06:39:05.736Z"}
{"level":"info","message":"/api/v1/payment/payfast/checkout?&id=12","service":"user-service","timestamp":"2023-01-19T06:39:21.337Z"}
{"level":"info","message":{"Rdv_Message_Key":"1836DAA8-2C33-4347-8104-F85D2B2CA328","basket_id":"61213139-ABCD123343451","err_code":"000","err_msg":"Success","order_date":"2023-01-23","transaction_amount":"50","transaction_id":"7ddbff41-b3fe-15f9-3ea4-00e3878ecf01"},"service":"user-service","timestamp":"2023-01-19T06:39:21.338Z"}
{"level":"info","message":"OK","service":"user-service","timestamp":"2023-01-19T06:39:21.521Z"}
{"level":"info","message":"Docs available at http://localhost:3006/docs","service":"user-service","timestamp":"2023-01-19T06:39:52.509Z"}
{"level":"info","message":"/api/v1/payment/payfast/checkout?&id=12","service":"user-service","timestamp":"2023-01-19T06:39:56.793Z"}
{"level":"info","message":{"Rdv_Message_Key":"1836DAA8-2C33-4347-8104-F85D2B2CA328","basket_id":"61213139-ABCD123343451","err_code":"000","err_msg":"Success","order_date":"2023-01-23","transaction_amount":"50","transaction_id":"7ddbff41-b3fe-15f9-3ea4-00e3878ecf01"},"service":"user-service","timestamp":"2023-01-19T06:39:56.793Z"}
{"level":"info","message":"OK","service":"user-service","timestamp":"2023-01-19T06:39:56.940Z"}
{"level":"info","message":"Docs available at http://localhost:3006/docs","service":"user-service","timestamp":"2023-01-19T06:40:15.895Z"}
{"level":"info","message":"/api/v1/payment/payfast/checkout?id=78","service":"user-service","timestamp":"2023-01-19T06:40:33.846Z"}
{"level":"info","message":{"Rdv_Message_Key":"1836DAA8-2C33-4347-8104-F85D2B2CA328","basket_id":"61213139-ABCD123343451","err_code":"000","err_msg":"Success","order_date":"2023-01-23","transaction_amount":"50","transaction_id":"7ddbff41-b3fe-15f9-3ea4-00e3878ecf01"},"service":"user-service","timestamp":"2023-01-19T06:40:33.847Z"}
{"level":"info","message":"OK","service":"user-service","timestamp":"2023-01-19T06:40:34.016Z"}
{"level":"info","message":"/api/v1/payment/payfast/checkout?id=78","service":"user-service","timestamp":"2023-01-19T06:42:06.897Z"}
{"level":"info","message":{"Rdv_Message_Key":"1836DAA8-2C33-4347-8104-F85D2B2CA328","basket_id":"61213139-ABCD123343451","err_code":"000","err_msg":"Success","order_date":"2023-01-23","transaction_amount":"50","transaction_id":"7ddbff41-b3fe-15f9-3ea4-00e3878ecf01"},"service":"user-service","timestamp":"2023-01-19T06:42:06.898Z"}
{"level":"info","message":"OK","service":"user-service","timestamp":"2023-01-19T06:42:07.034Z"}
{"level":"info","message":"Docs available at http://localhost:3006/docs","service":"user-service","timestamp":"2023-01-19T06:53:33.354Z"}
{"level":"info","message":"/api/v1/payment/payfast/checkout?:id=78","service":"user-service","timestamp":"2023-01-19T06:53:42.726Z"}
{"level":"info","message":{"Rdv_Message_Key":"1836DAA8-2C33-4347-8104-F85D2B2CA328","basket_id":"61213139-ABCD123343451","err_code":"000","err_msg":"Success","order_date":"2023-01-23","transaction_amount":"50","transaction_id":"7ddbff41-b3fe-15f9-3ea4-00e3878ecf01"},"service":"user-service","timestamp":"2023-01-19T06:53:42.727Z"}
{"level":"info","message":{"msg":"Cannot destructure property 'id' of 'req.params.id' as it is undefined."},"service":"user-service","timestamp":"2023-01-19T06:53:42.741Z"}
{"level":"info","message":"{\"msg\":\"Cannot destructure property 'id' of 'req.params.id' as it is undefined.\"}","service":"user-service","timestamp":"2023-01-19T06:53:42.743Z"}
{"level":"info","message":"/api/v1/payment/payfast/checkout?id=78","service":"user-service","timestamp":"2023-01-19T06:53:54.988Z"}
{"level":"info","message":{"Rdv_Message_Key":"1836DAA8-2C33-4347-8104-F85D2B2CA328","basket_id":"61213139-ABCD123343451","err_code":"000","err_msg":"Success","order_date":"2023-01-23","transaction_amount":"50","transaction_id":"7ddbff41-b3fe-15f9-3ea4-00e3878ecf01"},"service":"user-service","timestamp":"2023-01-19T06:53:54.989Z"}
{"level":"info","message":{"msg":"Cannot destructure property 'id' of 'req.params.id' as it is undefined."},"service":"user-service","timestamp":"2023-01-19T06:53:54.998Z"}
{"level":"info","message":"{\"msg\":\"Cannot destructure property 'id' of 'req.params.id' as it is undefined.\"}","service":"user-service","timestamp":"2023-01-19T06:53:55.000Z"}
{"level":"info","message":"Docs available at http://localhost:3006/docs","service":"user-service","timestamp":"2023-01-19T06:54:29.087Z"}
{"level":"info","message":"/api/v1/payment/payfast/checkout?id=78","service":"user-service","timestamp":"2023-01-19T06:54:32.843Z"}
{"level":"info","message":{"Rdv_Message_Key":"1836DAA8-2C33-4347-8104-F85D2B2CA328","basket_id":"61213139-ABCD123343451","err_code":"000","err_msg":"Success","order_date":"2023-01-23","transaction_amount":"50","transaction_id":"7ddbff41-b3fe-15f9-3ea4-00e3878ecf01"},"service":"user-service","timestamp":"2023-01-19T06:54:32.843Z"}
{"level":"info","message":"OK","service":"user-service","timestamp":"2023-01-19T06:54:33.038Z"}
{"level":"info","message":"Docs available at http://localhost:3006/docs","service":"user-service","timestamp":"2023-01-19T06:54:52.947Z"}
{"level":"info","message":"/api/v1/payment/payfast/checkout:id=78","service":"user-service","timestamp":"2023-01-19T06:55:09.128Z"}
{"level":"info","message":{"Rdv_Message_Key":"1836DAA8-2C33-4347-8104-F85D2B2CA328","basket_id":"61213139-ABCD123343451","err_code":"000","err_msg":"Success","order_date":"2023-01-23","transaction_amount":"50","transaction_id":"7ddbff41-b3fe-15f9-3ea4-00e3878ecf01"},"service":"user-service","timestamp":"2023-01-19T06:55:09.129Z"}
{"level":"info","message":"OK","service":"user-service","timestamp":"2023-01-19T06:55:09.303Z"}
{"level":"info","message":"/api/v1/payment/payfast/checkout:78","service":"user-service","timestamp":"2023-01-19T06:55:33.449Z"}
{"level":"info","message":{"Rdv_Message_Key":"1836DAA8-2C33-4347-8104-F85D2B2CA328","basket_id":"61213139-ABCD123343451","err_code":"000","err_msg":"Success","order_date":"2023-01-23","transaction_amount":"50","transaction_id":"7ddbff41-b3fe-15f9-3ea4-00e3878ecf01"},"service":"user-service","timestamp":"2023-01-19T06:55:33.449Z"}
{"level":"info","message":"OK","service":"user-service","timestamp":"2023-01-19T06:55:33.645Z"}
{"level":"info","message":"/api/v1/payment/payfast/checkout78","service":"user-service","timestamp":"2023-01-19T06:55:49.179Z"}
{"level":"info","message":{"Rdv_Message_Key":"1836DAA8-2C33-4347-8104-F85D2B2CA328","basket_id":"61213139-ABCD123343451","err_code":"000","err_msg":"Success","order_date":"2023-01-23","transaction_amount":"50","transaction_id":"7ddbff41-b3fe-15f9-3ea4-00e3878ecf01"},"service":"user-service","timestamp":"2023-01-19T06:55:49.180Z"}
{"level":"info","message":"OK","service":"user-service","timestamp":"2023-01-19T06:55:49.319Z"}
{"level":"info","message":"/api/v1/payment/payfast/checkout12","service":"user-service","timestamp":"2023-01-19T06:56:21.032Z"}
{"level":"info","message":{"Rdv_Message_Key":"1836DAA8-2C33-4347-8104-F85D2B2CA328","basket_id":"61213139-ABCD123343451","err_code":"000","err_msg":"Success","order_date":"2023-01-23","transaction_amount":"50","transaction_id":"7ddbff41-b3fe-15f9-3ea4-00e3878ecf01"},"service":"user-service","timestamp":"2023-01-19T06:56:21.033Z"}
{"level":"info","message":"OK","service":"user-service","timestamp":"2023-01-19T06:56:21.262Z"}
{"level":"info","message":"Docs available at http://localhost:3006/docs","service":"user-service","timestamp":"2023-01-19T06:58:34.114Z"}
{"level":"info","message":"/api/v1/payment/payfast/checkout?error_code=000","service":"user-service","timestamp":"2023-01-19T06:59:20.618Z"}
{"level":"info","message":{"Rdv_Message_Key":"1836DAA8-2C33-4347-8104-F85D2B2CA328","basket_id":"61213139-ABCD123343451","err_code":"000","err_msg":"Success","order_date":"2023-01-23","transaction_amount":"50","transaction_id":"7ddbff41-b3fe-15f9-3ea4-00e3878ecf01"},"service":"user-service","timestamp":"2023-01-19T06:59:20.619Z"}
{"level":"info","message":"OK","service":"user-service","timestamp":"2023-01-19T06:59:20.781Z"}
{"level":"info","message":"Docs available at http://localhost:3006/docs","service":"user-service","timestamp":"2023-01-19T06:59:55.464Z"}
{"level":"info","message":"/api/v1/payment/payfast/checkout?error_code=000","service":"user-service","timestamp":"2023-01-19T07:00:00.314Z"}
{"level":"info","message":{"Rdv_Message_Key":"1836DAA8-2C33-4347-8104-F85D2B2CA328","basket_id":"61213139-ABCD123343451","err_code":"000","err_msg":"Success","order_date":"2023-01-23","transaction_amount":"50","transaction_id":"7ddbff41-b3fe-15f9-3ea4-00e3878ecf01"},"service":"user-service","timestamp":"2023-01-19T07:00:00.315Z"}
{"level":"info","message":"Docs available at http://localhost:3006/docs","service":"user-service","timestamp":"2023-01-19T07:00:34.820Z"}
{"level":"info","message":"Docs available at http://localhost:3006/docs","service":"user-service","timestamp":"2023-01-19T07:00:40.808Z"}
{"level":"info","message":"/api/v1/payment/payfast/checkout?","service":"user-service","timestamp":"2023-01-19T07:00:52.802Z"}
{"level":"info","message":{"Rdv_Message_Key":"1836DAA8-2C33-4347-8104-F85D2B2CA328","basket_id":"61213139-ABCD123343451","err_code":"000","err_msg":"Success","order_date":"2023-01-23","transaction_amount":"50","transaction_id":"7ddbff41-b3fe-15f9-3ea4-00e3878ecf01"},"service":"user-service","timestamp":"2023-01-19T07:00:52.803Z"}
{"level":"info","message":"OK","service":"user-service","timestamp":"2023-01-19T07:00:52.962Z"}
{"level":"info","message":"Docs available at http://localhost:3006/docs","service":"user-service","timestamp":"2023-01-19T07:01:39.908Z"}
{"level":"info","message":"/api/v1/payment/payfast/checkout?","service":"user-service","timestamp":"2023-01-19T07:01:42.503Z"}
{"level":"info","message":{"Rdv_Message_Key":"1836DAA8-2C33-4347-8104-F85D2B2CA328","basket_id":"61213139-ABCD123343451","err_code":"000","err_msg":"Success","order_date":"2023-01-23","transaction_amount":"50","transaction_id":"7ddbff41-b3fe-15f9-3ea4-00e3878ecf01"},"service":"user-service","timestamp":"2023-01-19T07:01:42.504Z"}
{"level":"info","message":"OK","service":"user-service","timestamp":"2023-01-19T07:01:43.341Z"}
{"level":"info","message":"Docs available at http://localhost:3006/docs","service":"user-service","timestamp":"2023-01-19T07:02:22.062Z"}
{"level":"info","message":"Docs available at http://localhost:3006/docs","service":"user-service","timestamp":"2023-01-19T07:02:29.585Z"}
{"level":"info","message":"Docs available at http://localhost:3006/docs","service":"user-service","timestamp":"2023-01-19T09:13:43.708Z"}
{"level":"info","message":"/api/v1/zindigiWallet/varifyAcounTolink","service":"user-service","timestamp":"2023-01-19T09:35:14.656Z"}
{"level":"info","message":{"userId":"63a2b0b8153cfe5f98a05aff"},"service":"user-service","timestamp":"2023-01-19T09:35:14.656Z"}
{"level":"info","message":{"msg":"getaddrinfo ENOTFOUND blbuat.jsbl.com"},"service":"user-service","timestamp":"2023-01-19T09:35:15.942Z"}
{"level":"info","message":"{\"msg\":\"getaddrinfo ENOTFOUND blbuat.jsbl.com\"}","service":"user-service","timestamp":"2023-01-19T09:35:15.944Z"}
{"level":"info","message":"Docs available at http://localhost:3006/docs","service":"user-service","timestamp":"2023-01-19T09:36:11.782Z"}
{"level":"info","message":"Docs available at http://localhost:3006/docs","service":"user-service","timestamp":"2023-01-19T09:36:23.347Z"}
{"level":"info","message":"Docs available at http://localhost:3006/docs","service":"user-service","timestamp":"2023-01-19T09:36:41.291Z"}
{"level":"info","message":"/api/v1/zindigiWallet/varifyAcounTolink","service":"user-service","timestamp":"2023-01-19T09:36:41.870Z"}
{"level":"info","message":{"userId":"63a2b0b8153cfe5f98a05aff"},"service":"user-service","timestamp":"2023-01-19T09:36:41.871Z"}
{"level":"info","message":{"msg":"getaddrinfo ENOTFOUND blbuat.jsbl.com"},"service":"user-service","timestamp":"2023-01-19T09:36:44.954Z"}
{"level":"info","message":"{\"msg\":\"getaddrinfo ENOTFOUND blbuat.jsbl.com\"}","service":"user-service","timestamp":"2023-01-19T09:36:44.957Z"}
{"level":"info","message":"Docs available at http://localhost:3006/docs","service":"user-service","timestamp":"2023-01-19T09:37:41.124Z"}
{"level":"info","message":"/api/v1/zindigiWallet/varifyAcounTolink","service":"user-service","timestamp":"2023-01-19T09:38:35.260Z"}
{"level":"info","message":{"userId":"63a2b0b8153cfe5f98a05aff"},"service":"user-service","timestamp":"2023-01-19T09:38:35.260Z"}
{"level":"info","message":{"msg":"getaddrinfo ENOTFOUND blbuat.jsbl.com"},"service":"user-service","timestamp":"2023-01-19T09:38:35.776Z"}
{"level":"info","message":"{\"msg\":\"getaddrinfo ENOTFOUND blbuat.jsbl.com\"}","service":"user-service","timestamp":"2023-01-19T09:38:35.783Z"}
{"level":"info","message":"Docs available at http://localhost:3006/docs","service":"user-service","timestamp":"2023-01-19T09:43:41.788Z"}
{"level":"info","message":"Docs available at http://localhost:3006/docs","service":"user-service","timestamp":"2023-01-19T11:34:27.850Z"}
{"level":"info","message":"Docs available at http://localhost:3006/docs","service":"user-service","timestamp":"2023-01-19T11:35:41.878Z"}
{"level":"info","message":"Docs available at http://localhost:3006/docs","service":"user-service","timestamp":"2023-01-19T11:36:23.714Z"}
{"level":"info","message":"Docs available at http://localhost:3006/docs","service":"user-service","timestamp":"2023-01-19T11:36:56.074Z"}
{"level":"info","message":"Docs available at http://localhost:3006/docs","service":"user-service","timestamp":"2023-01-19T11:37:10.232Z"}
{"level":"info","message":"Docs available at http://localhost:3006/docs","service":"user-service","timestamp":"2023-01-19T11:44:39.816Z"}
{"level":"info","message":"/api/v1/order/orderReportByChannel","service":"user-service","timestamp":"2023-01-19T11:44:55.231Z"}
{"level":"info","message":{},"service":"user-service","timestamp":"2023-01-19T11:44:55.233Z"}
{"level":"info","message":{"data":[{"month":12,"totalDelivered":20,"year":2022},{"month":1,"totalDelivered":3,"year":2023},{"totalOrder":23}],"msg":"Orders Details"},"service":"user-service","timestamp":"2023-01-19T11:44:55.852Z"}
{"level":"info","message":"{\"msg\":\"Orders Details\",\"data\":[{\"year\":2022,\"month\":12,\"totalDelivered\":20},{\"year\":2023,\"month\":1,\"totalDelivered\":3},{\"totalOrder\":23}]}","service":"user-service","timestamp":"2023-01-19T11:44:55.856Z"}
{"level":"info","message":"Docs available at http://localhost:3006/docs","service":"user-service","timestamp":"2023-01-19T11:46:07.018Z"}
{"level":"info","message":"/api/v1/order/orderReportByChannel","service":"user-service","timestamp":"2023-01-19T11:46:10.453Z"}
{"level":"info","message":{},"service":"user-service","timestamp":"2023-01-19T11:46:10.453Z"}
{"level":"info","message":{"data":[{"_id":{"channel":"Web View","placedOn":12,"year":2022},"numberOfOrder":20},{"_id":{"channel":"Web View","placedOn":1,"year":2023},"numberOfOrder":3},{"totalOrder":23}],"msg":"Orders Details"},"service":"user-service","timestamp":"2023-01-19T11:46:10.735Z"}
{"level":"info","message":"{\"msg\":\"Orders Details\",\"data\":[{\"_id\":{\"year\":2022,\"placedOn\":12,\"channel\":\"Web View\"},\"numberOfOrder\":20},{\"_id\":{\"year\":2023,\"placedOn\":1,\"channel\":\"Web View\"},\"numberOfOrder\":3},{\"totalOrder\":23}]}","service":"user-service","timestamp":"2023-01-19T11:46:10.737Z"}
{"level":"info","message":"Docs available at http://localhost:3006/docs","service":"user-service","timestamp":"2023-01-19T11:47:21.467Z"}
{"level":"info","message":"/api/v1/order/orderReportByChannel","service":"user-service","timestamp":"2023-01-19T11:47:24.368Z"}
{"level":"info","message":{},"service":"user-service","timestamp":"2023-01-19T11:47:24.368Z"}
{"level":"info","message":{"data":[{"channel":"Web View","month":1,"totalDelivered":3,"year":2023},{"channel":"Web View","month":12,"totalDelivered":20,"year":2022},{"totalOrder":23}],"msg":"Orders Details"},"service":"user-service","timestamp":"2023-01-19T11:47:24.630Z"}
{"level":"info","message":"{\"msg\":\"Orders Details\",\"data\":[{\"year\":2023,\"month\":1,\"channel\":\"Web View\",\"totalDelivered\":3},{\"year\":2022,\"month\":12,\"channel\":\"Web View\",\"totalDelivered\":20},{\"totalOrder\":23}]}","service":"user-service","timestamp":"2023-01-19T11:47:24.631Z"}
{"level":"info","message":"Docs available at http://localhost:3006/docs","service":"user-service","timestamp":"2023-01-19T11:48:31.364Z"}
{"level":"info","message":"Docs available at http://localhost:3006/docs","service":"user-service","timestamp":"2023-01-19T11:49:39.277Z"}
{"level":"info","message":"Docs available at http://localhost:3006/docs","service":"user-service","timestamp":"2023-01-19T11:50:40.913Z"}
{"level":"info","message":"Docs available at http://localhost:3006/docs","service":"user-service","timestamp":"2023-01-19T11:51:16.819Z"}
{"level":"info","message":"/api/v1/order/orderReportByChannel","service":"user-service","timestamp":"2023-01-19T11:51:22.759Z"}
{"level":"info","message":{},"service":"user-service","timestamp":"2023-01-19T11:51:22.760Z"}
{"level":"info","message":{"data":[{"channel":"Web View","month":12,"totalDelivered":20,"year":2022},{"channel":"Web View","month":1,"totalDelivered":3,"year":2023},{"totalOrder":23}],"msg":"Orders Details"},"service":"user-service","timestamp":"2023-01-19T11:51:23.157Z"}
{"level":"info","message":"{\"msg\":\"Orders Details\",\"data\":[{\"year\":2022,\"month\":12,\"channel\":\"Web View\",\"totalDelivered\":20},{\"year\":2023,\"month\":1,\"channel\":\"Web View\",\"totalDelivered\":3},{\"totalOrder\":23}]}","service":"user-service","timestamp":"2023-01-19T11:51:23.160Z"}
{"level":"info","message":"Docs available at http://localhost:3006/docs","service":"user-service","timestamp":"2023-01-19T11:52:02.980Z"}
{"level":"info","message":"/api/v1/order/orderReportByChannel","service":"user-service","timestamp":"2023-01-19T11:52:07.280Z"}
{"level":"info","message":{},"service":"user-service","timestamp":"2023-01-19T11:52:07.280Z"}
{"level":"info","message":{"data":[{"channel":"Web Site","month":1,"totalDelivered":16,"year":2023},{"channel":"Web View","month":12,"totalDelivered":1,"year":2022},{"channel":"ANDROID APP","month":12,"totalDelivered":61,"year":2022},{"channel":"ANDROID APP","month":1,"totalDelivered":13,"year":2023},{"channel":"Web Site","month":12,"totalDelivered":18,"year":2022},{"totalOrder":109}],"msg":"Orders Details"},"service":"user-service","timestamp":"2023-01-19T11:52:08.091Z"}
{"level":"info","message":"{\"msg\":\"Orders Details\",\"data\":[{\"year\":2023,\"month\":1,\"channel\":\"Web Site\",\"totalDelivered\":16},{\"year\":2022,\"month\":12,\"channel\":\"Web View\",\"totalDelivered\":1},{\"year\":2022,\"month\":12,\"channel\":\"ANDROID APP\",\"totalDelivered\":61},{\"year\":2023,\"month\":1,\"channel\":\"ANDROID APP\",\"totalDelivered\":13},{\"year\":2022,\"month\":12,\"channel\":\"Web Site\",\"totalDelivered\":18},{\"totalOrder\":109}]}","service":"user-service","timestamp":"2023-01-19T11:52:08.094Z"}
{"level":"info","message":"Docs available at http://localhost:3006/docs","service":"user-service","timestamp":"2023-01-19T11:52:48.297Z"}
{"level":"info","message":"Docs available at http://localhost:3006/docs","service":"user-service","timestamp":"2023-01-19T11:55:31.675Z"}
{"level":"info","message":"/api/v1/order/orderReportByChannel","service":"user-service","timestamp":"2023-01-19T11:55:36.919Z"}
{"level":"info","message":{},"service":"user-service","timestamp":"2023-01-19T11:55:36.919Z"}
{"level":"info","message":{"data":[{"channel":"Web View","month":12,"order":20,"year":2022},{"channel":"Web View","month":1,"order":3,"year":2023},{"totalOrder":23}],"msg":"Orders Details"},"service":"user-service","timestamp":"2023-01-19T11:55:37.295Z"}
{"level":"info","message":"{\"msg\":\"Orders Details\",\"data\":[{\"year\":2022,\"month\":12,\"channel\":\"Web View\",\"order\":20},{\"year\":2023,\"month\":1,\"channel\":\"Web View\",\"order\":3},{\"totalOrder\":23}]}","service":"user-service","timestamp":"2023-01-19T11:55:37.297Z"}
{"level":"info","message":"Docs available at http://localhost:3006/docs","service":"user-service","timestamp":"2023-01-19T12:00:01.816Z"}
{"level":"info","message":"/api/v1/order/orderReportByChannel","service":"user-service","timestamp":"2023-01-19T12:00:21.310Z"}
{"level":"info","message":{},"service":"user-service","timestamp":"2023-01-19T12:00:21.311Z"}
{"level":"info","message":{"data":[{"channel":"Web View","month":12,"order":20,"year":2022},{"channel":"Web View","month":1,"order":3,"year":2023},{"totalOrder":23}],"msg":"Orders Details"},"service":"user-service","timestamp":"2023-01-19T12:00:21.575Z"}
{"level":"info","message":"{\"msg\":\"Orders Details\",\"data\":[{\"year\":2022,\"month\":12,\"channel\":\"Web View\",\"order\":20},{\"year\":2023,\"month\":1,\"channel\":\"Web View\",\"order\":3},{\"totalOrder\":23}]}","service":"user-service","timestamp":"2023-01-19T12:00:21.578Z"}
{"level":"info","message":"Docs available at http://localhost:3006/docs","service":"user-service","timestamp":"2023-01-19T12:05:00.275Z"}
{"level":"info","message":"/api/v1/order/orderReport","service":"user-service","timestamp":"2023-01-19T12:05:30.789Z"}
{"level":"info","message":{},"service":"user-service","timestamp":"2023-01-19T12:05:30.789Z"}
{"level":"info","message":{"data":[{"month":12,"status":"Delivered","totalDelivered":2,"year":2022},{"totalOrder":23}],"msg":"Orders Details"},"service":"user-service","timestamp":"2023-01-19T12:05:31.118Z"}
{"level":"info","message":"{\"msg\":\"Orders Details\",\"data\":[{\"year\":2022,\"month\":12,\"status\":\"Delivered\",\"totalDelivered\":2},{\"totalOrder\":23}]}","service":"user-service","timestamp":"2023-01-19T12:05:31.120Z"}
{"level":"info","message":"Docs available at http://localhost:3006/docs","service":"user-service","timestamp":"2023-01-19T12:06:25.799Z"}
{"level":"info","message":"/api/v1/order/orderReport","service":"user-service","timestamp":"2023-01-19T12:06:26.784Z"}
{"level":"info","message":{},"service":"user-service","timestamp":"2023-01-19T12:06:26.784Z"}
{"level":"info","message":{"data":[{"month":12,"status":"Delivered","totalDelivered":14,"year":2022},{"month":1,"status":"Delivered","totalDelivered":5,"year":2023},{"totalOrder":109}],"msg":"Orders Details"},"service":"user-service","timestamp":"2023-01-19T12:06:29.055Z"}
{"level":"info","message":"{\"msg\":\"Orders Details\",\"data\":[{\"year\":2022,\"month\":12,\"status\":\"Delivered\",\"totalDelivered\":14},{\"year\":2023,\"month\":1,\"status\":\"Delivered\",\"totalDelivered\":5},{\"totalOrder\":109}]}","service":"user-service","timestamp":"2023-01-19T12:06:29.057Z"}
