{"level":"info","message":"Docs available at http://localhost:3006/docs","service":"user-service","timestamp":"2023-01-26T04:32:25.224Z"}
{"level":"info","message":"Docs available at http://localhost:3006/docs","service":"user-service","timestamp":"2023-01-26T04:34:47.176Z"}
{"level":"info","message":"/api/v1/zindigiWallet/payment","service":"user-service","timestamp":"2023-01-26T04:34:50.097Z"}
{"level":"info","message":{"amount":500,"otp":"32445","userId":"63a45415bfb9c56c1f94d45d"},"service":"user-service","timestamp":"2023-01-26T04:34:50.097Z"}
{"level":"info","message":{"msg":"connect ETIMEDOUT 10.0.6.171:7070"},"service":"user-service","timestamp":"2023-01-26T04:35:11.452Z"}
{"level":"info","message":"{\"msg\":\"connect ETIMEDOUT 10.0.6.171:7070\"}","service":"user-service","timestamp":"2023-01-26T04:35:11.453Z"}
{"level":"info","message":"Docs available at http://localhost:3006/docs","service":"user-service","timestamp":"2023-01-26T04:35:15.669Z"}
{"level":"info","message":"Docs available at http://localhost:3006/docs","service":"user-service","timestamp":"2023-01-26T04:39:48.789Z"}
{"level":"info","message":"Docs available at http://localhost:3006/docs","service":"user-service","timestamp":"2023-01-26T04:41:19.900Z"}
{"level":"info","message":"/api/v1/zindigiWallet/payment","service":"user-service","timestamp":"2023-01-26T04:41:24.911Z"}
{"level":"info","message":{"amount":500,"otp":"32445","userId":"63a45415bfb9c56c1f94d45d"},"service":"user-service","timestamp":"2023-01-26T04:41:24.911Z"}
{"level":"info","message":{"msg":"connect ETIMEDOUT 10.0.6.171:7070"},"service":"user-service","timestamp":"2023-01-26T04:41:46.320Z"}
{"level":"info","message":"{\"msg\":\"connect ETIMEDOUT 10.0.6.171:7070\"}","service":"user-service","timestamp":"2023-01-26T04:41:46.322Z"}
{"level":"info","message":"Docs available at http://localhost:3006/docs","service":"user-service","timestamp":"2023-01-26T04:48:12.896Z"}
{"level":"info","message":"/api/v1/zindigiWallet/payment","service":"user-service","timestamp":"2023-01-26T04:48:23.697Z"}
{"level":"info","message":{"amount":500,"otp":"32445","userId":"63a45415bfb9c56c1f94d45d"},"service":"user-service","timestamp":"2023-01-26T04:48:23.697Z"}
{"level":"info","message":{"msg":"connect ETIMEDOUT 10.0.6.171:7070"},"service":"user-service","timestamp":"2023-01-26T04:48:45.078Z"}
{"level":"info","message":"{\"msg\":\"connect ETIMEDOUT 10.0.6.171:7070\"}","service":"user-service","timestamp":"2023-01-26T04:48:45.080Z"}
{"level":"info","message":"Docs available at http://localhost:3006/docs","service":"user-service","timestamp":"2023-01-26T04:50:20.338Z"}
{"level":"info","message":"/api/v1/zindigiWallet/payment","service":"user-service","timestamp":"2023-01-26T04:50:46.126Z"}
{"level":"info","message":{"amount":500,"otp":"32445","userId":"63a45415bfb9c56c1f94d45d"},"service":"user-service","timestamp":"2023-01-26T04:50:46.127Z"}
{"level":"info","message":{"msg":"connect ETIMEDOUT 10.0.6.171:7070"},"service":"user-service","timestamp":"2023-01-26T04:51:08.925Z"}
{"level":"info","message":"{\"msg\":\"connect ETIMEDOUT 10.0.6.171:7070\"}","service":"user-service","timestamp":"2023-01-26T04:51:08.927Z"}
{"level":"info","message":"/api/v1/zindigiWallet/payment","service":"user-service","timestamp":"2023-01-26T05:22:18.832Z"}
{"level":"info","message":{"amount":500,"otp":"32445","userId":"63a45415bfb9c56c1f94d45d"},"service":"user-service","timestamp":"2023-01-26T05:22:18.833Z"}
{"level":"info","message":{"msg":"connect ETIMEDOUT 10.0.6.171:7070"},"service":"user-service","timestamp":"2023-01-26T05:22:40.271Z"}
{"level":"info","message":"{\"msg\":\"connect ETIMEDOUT 10.0.6.171:7070\"}","service":"user-service","timestamp":"2023-01-26T05:22:40.272Z"}
{"level":"info","message":"Docs available at http://localhost:3006/docs","service":"user-service","timestamp":"2023-01-26T05:23:47.593Z"}
{"level":"info","message":"Docs available at http://localhost:3006/docs","service":"user-service","timestamp":"2023-01-26T05:27:27.035Z"}
{"level":"info","message":"/api/v1/zindigiWallet/deLinkAccountOtp?email=mfayyazkaror@gmail.com","service":"user-service","timestamp":"2023-01-26T05:28:57.078Z"}
{"level":"info","message":{},"service":"user-service","timestamp":"2023-01-26T05:28:57.079Z"}
{"level":"info","message":{"msg":"Otp Send to Your Mobile!"},"service":"user-service","timestamp":"2023-01-26T05:28:59.946Z"}
{"level":"info","message":"{\"msg\":\"Otp Send to Your Mobile!\"}","service":"user-service","timestamp":"2023-01-26T05:28:59.949Z"}
{"level":"info","message":"/api/v1/zindigiWallet/deLinkAccount","service":"user-service","timestamp":"2023-01-26T05:31:17.632Z"}
{"level":"info","message":{"email":"mfayyazkaror@gmail.com","otp":1376},"service":"user-service","timestamp":"2023-01-26T05:31:17.633Z"}
{"level":"info","message":{"msg":"Cast to string failed for value \"{ email: 'mfayyazkaror@gmail.com', otp: 1376 }\" (type Object) at path \"email\" for model \"ResetPassword\""},"service":"user-service","timestamp":"2023-01-26T05:31:17.844Z"}
{"level":"info","message":"{\"msg\":\"Cast to string failed for value \\\"{ email: 'mfayyazkaror@gmail.com', otp: 1376 }\\\" (type Object) at path \\\"email\\\" for model \\\"ResetPassword\\\"\"}","service":"user-service","timestamp":"2023-01-26T05:31:17.846Z"}
{"level":"info","message":"/api/v1/zindigiWallet/deLinkAccount","service":"user-service","timestamp":"2023-01-26T05:36:09.213Z"}
{"level":"info","message":{"email":"mfayyazkaror@gmail.com","otp":1376},"service":"user-service","timestamp":"2023-01-26T05:36:09.214Z"}
{"level":"info","message":{"msg":"Otp has been expired please try Again!"},"service":"user-service","timestamp":"2023-01-26T05:36:09.355Z"}
{"level":"info","message":"{\"msg\":\"Otp has been expired please try Again!\"}","service":"user-service","timestamp":"2023-01-26T05:36:09.356Z"}
{"level":"info","message":"/api/v1/zindigiWallet/deLinkAccountOtp?email=mfayyazkaror@gmail.com","service":"user-service","timestamp":"2023-01-26T05:36:45.381Z"}
{"level":"info","message":{},"service":"user-service","timestamp":"2023-01-26T05:36:45.382Z"}
{"level":"info","message":{"msg":"Otp Send to Your Mobile!"},"service":"user-service","timestamp":"2023-01-26T05:36:49.582Z"}
{"level":"info","message":"{\"msg\":\"Otp Send to Your Mobile!\"}","service":"user-service","timestamp":"2023-01-26T05:36:49.583Z"}
{"level":"info","message":"/api/v1/zindigiWallet/deLinkAccount","service":"user-service","timestamp":"2023-01-26T05:37:04.115Z"}
{"level":"info","message":{"email":"mfayyazkaror@gmail.com","otp":8811},"service":"user-service","timestamp":"2023-01-26T05:37:04.116Z"}
{"level":"info","message":{"msg":"Cast to string failed for value \"{ email: 'mfayyazkaror@gmail.com', otp: 8811 }\" (type Object) at path \"email\" for model \"ResetPassword\""},"service":"user-service","timestamp":"2023-01-26T05:37:04.291Z"}
{"level":"info","message":"{\"msg\":\"Cast to string failed for value \\\"{ email: 'mfayyazkaror@gmail.com', otp: 8811 }\\\" (type Object) at path \\\"email\\\" for model \\\"ResetPassword\\\"\"}","service":"user-service","timestamp":"2023-01-26T05:37:04.291Z"}
{"level":"info","message":"Docs available at http://localhost:3006/docs","service":"user-service","timestamp":"2023-01-26T05:38:31.930Z"}
{"level":"info","message":"Docs available at http://localhost:3006/docs","service":"user-service","timestamp":"2023-01-26T05:38:38.900Z"}
{"level":"info","message":"Docs available at http://localhost:3006/docs","service":"user-service","timestamp":"2023-01-26T05:38:49.184Z"}
{"level":"info","message":"Docs available at http://localhost:3006/docs","service":"user-service","timestamp":"2023-01-26T05:38:58.099Z"}
{"level":"info","message":"/api/v1/zindigiWallet/deLinkAccount","service":"user-service","timestamp":"2023-01-26T05:39:01.583Z"}
{"level":"info","message":{"email":"mfayyazkaror@gmail.com","otp":8811},"service":"user-service","timestamp":"2023-01-26T05:39:01.583Z"}
{"level":"info","message":{"msg":"Cast to string failed for value \"{ email: 'mfayyazkaror@gmail.com', otp: 8811 }\" (type Object) at path \"email\" for model \"ResetPassword\""},"service":"user-service","timestamp":"2023-01-26T05:39:04.511Z"}
{"level":"info","message":"{\"msg\":\"Cast to string failed for value \\\"{ email: 'mfayyazkaror@gmail.com', otp: 8811 }\\\" (type Object) at path \\\"email\\\" for model \\\"ResetPassword\\\"\"}","service":"user-service","timestamp":"2023-01-26T05:39:04.514Z"}
{"level":"info","message":"Docs available at http://localhost:3006/docs","service":"user-service","timestamp":"2023-01-26T05:40:39.421Z"}
{"level":"info","message":"/api/v1/zindigiWallet/deLinkAccount","service":"user-service","timestamp":"2023-01-26T05:40:40.716Z"}
{"level":"info","message":{"email":"mfayyazkaror@gmail.com","otp":8811},"service":"user-service","timestamp":"2023-01-26T05:40:40.717Z"}
{"level":"info","message":{"msg":"Otp has been expired please try Again!"},"service":"user-service","timestamp":"2023-01-26T05:40:49.405Z"}
{"level":"info","message":"{\"msg\":\"Otp has been expired please try Again!\"}","service":"user-service","timestamp":"2023-01-26T05:40:49.407Z"}
{"level":"info","message":"/api/v1/zindigiWallet/deLinkAccountOtp?email=mfayyazkaror@gmail.com","service":"user-service","timestamp":"2023-01-26T05:41:07.881Z"}
{"level":"info","message":{},"service":"user-service","timestamp":"2023-01-26T05:41:07.882Z"}
{"level":"info","message":{"msg":"Otp Send to Your Mobile!"},"service":"user-service","timestamp":"2023-01-26T05:41:10.245Z"}
{"level":"info","message":"{\"msg\":\"Otp Send to Your Mobile!\"}","service":"user-service","timestamp":"2023-01-26T05:41:10.247Z"}
{"level":"info","message":"/api/v1/zindigiWallet/deLinkAccount","service":"user-service","timestamp":"2023-01-26T05:41:27.308Z"}
{"level":"info","message":{"email":"mfayyazkaror@gmail.com","otp":1852},"service":"user-service","timestamp":"2023-01-26T05:41:27.308Z"}
{"level":"info","message":{"msg":"UserModel is not defined"},"service":"user-service","timestamp":"2023-01-26T05:41:28.561Z"}
{"level":"info","message":"{\"msg\":\"UserModel is not defined\"}","service":"user-service","timestamp":"2023-01-26T05:41:28.564Z"}
{"level":"info","message":"Docs available at http://localhost:3006/docs","service":"user-service","timestamp":"2023-01-26T05:42:20.697Z"}
{"level":"info","message":"/api/v1/zindigiWallet/deLinkAccount","service":"user-service","timestamp":"2023-01-26T05:42:23.478Z"}
{"level":"info","message":{"email":"mfayyazkaror@gmail.com","otp":1852},"service":"user-service","timestamp":"2023-01-26T05:42:23.478Z"}
{"level":"info","message":{"data":{"__v":0,"_id":"63a45415bfb9c56c1f94d45d","address":"appinsnap","cnic":"3220227861807","contact":"03074149786","createdAt":"2022-12-22T12:56:53.223Z","email":"mfayyazkaror@gmail.com","fcmToken":null,"firstName":"fayyaz","gender":"male","image":"images/profile.png","isVarified":false,"lastName":"danish","membershipCategory":"Silver","password":"$2b$10$BgDWs24zSHBMt6iyBtgSgOuTvcUuq/xW99TlZtA8tbMkOyfvqbskC","points":250,"updatedAt":"2023-01-26T05:42:31.982Z","zindigiWallet":{"linked":false,"title":""}},"msg":"Your Zindigi wallet account has been deLinked"},"service":"user-service","timestamp":"2023-01-26T05:42:32.235Z"}
{"level":"info","message":"{\"msg\":\"Your Zindigi wallet account has been deLinked\",\"data\":{\"_id\":\"63a45415bfb9c56c1f94d45d\",\"firstName\":\"fayyaz\",\"lastName\":\"danish\",\"email\":\"mfayyazkaror@gmail.com\",\"password\":\"$2b$10$BgDWs24zSHBMt6iyBtgSgOuTvcUuq/xW99TlZtA8tbMkOyfvqbskC\",\"cnic\":\"3220227861807\",\"contact\":\"03074149786\",\"address\":\"appinsnap\",\"gender\":\"male\",\"image\":\"images/profile.png\",\"isVarified\":false,\"points\":250,\"membershipCategory\":\"Silver\",\"fcmToken\":null,\"createdAt\":\"2022-12-22T12:56:53.223Z\",\"updatedAt\":\"2023-01-26T05:42:31.982Z\",\"__v\":0,\"zindigiWallet\":{\"linked\":false,\"title\":\"\"}}}","service":"user-service","timestamp":"2023-01-26T05:42:32.240Z"}
{"level":"info","message":"Docs available at http://localhost:3006/docs","service":"user-service","timestamp":"2023-01-26T05:55:24.916Z"}
{"level":"info","message":"Docs available at http://localhost:3006/docs","service":"user-service","timestamp":"2023-01-26T05:59:33.301Z"}
{"level":"info","message":"/api/v1/deletePromotion?promotionId=63a2899385a90af92b26068d","service":"user-service","timestamp":"2023-01-26T06:00:00.664Z"}
{"level":"info","message":{},"service":"user-service","timestamp":"2023-01-26T06:00:00.665Z"}
{"level":"info","message":{"msg":"Route Not found"},"service":"user-service","timestamp":"2023-01-26T06:00:00.670Z"}
{"level":"info","message":"{\"msg\":\"Route Not found\"}","service":"user-service","timestamp":"2023-01-26T06:00:00.672Z"}
{"level":"info","message":"/api/v1/promotion/deletePromotion?promotionId=63a2899385a90af92b26068d","service":"user-service","timestamp":"2023-01-26T06:00:15.312Z"}
{"level":"info","message":{},"service":"user-service","timestamp":"2023-01-26T06:00:15.312Z"}
{"level":"info","message":{"data":{"acknowledged":true,"deletedCount":1},"msg":"promotion deleted."},"service":"user-service","timestamp":"2023-01-26T06:00:15.470Z"}
{"level":"info","message":"{\"msg\":\"promotion deleted.\",\"data\":{\"acknowledged\":true,\"deletedCount\":1}}","service":"user-service","timestamp":"2023-01-26T06:00:15.471Z"}
{"level":"info","message":"Docs available at http://localhost:3006/docs","service":"user-service","timestamp":"2023-01-26T06:00:57.119Z"}
{"level":"info","message":"/api/v1/promotion/deletePromotion?promotionId=63a2899385a90af92b26068d","service":"user-service","timestamp":"2023-01-26T06:00:59.094Z"}
{"level":"info","message":{},"service":"user-service","timestamp":"2023-01-26T06:00:59.095Z"}
{"level":"info","message":{"data":{"acknowledged":true,"deletedCount":0},"msg":"promotion deleted"},"service":"user-service","timestamp":"2023-01-26T06:01:00.933Z"}
{"level":"info","message":"{\"msg\":\"promotion deleted\",\"data\":{\"acknowledged\":true,\"deletedCount\":0}}","service":"user-service","timestamp":"2023-01-26T06:01:00.934Z"}
{"level":"info","message":"/api/v1/promotion/deletePromotion?promotionId=63a2899385a90af92b26068d","service":"user-service","timestamp":"2023-01-26T06:01:05.649Z"}
{"level":"info","message":{},"service":"user-service","timestamp":"2023-01-26T06:01:05.649Z"}
{"level":"info","message":{"data":{"acknowledged":true,"deletedCount":0},"msg":"promotion deleted"},"service":"user-service","timestamp":"2023-01-26T06:01:05.789Z"}
{"level":"info","message":"{\"msg\":\"promotion deleted\",\"data\":{\"acknowledged\":true,\"deletedCount\":0}}","service":"user-service","timestamp":"2023-01-26T06:01:05.790Z"}
{"level":"info","message":"Docs available at http://localhost:3006/docs","service":"user-service","timestamp":"2023-01-26T06:01:42.565Z"}
{"level":"info","message":"/api/v1/promotion/deletePromotion?promotionId=63a2899385a90af92b26068d","service":"user-service","timestamp":"2023-01-26T06:01:46.011Z"}
{"level":"info","message":{},"service":"user-service","timestamp":"2023-01-26T06:01:46.012Z"}
{"level":"info","message":{"msg":"ID Not found"},"service":"user-service","timestamp":"2023-01-26T06:01:46.228Z"}
{"level":"info","message":"{\"msg\":\"ID Not found\"}","service":"user-service","timestamp":"2023-01-26T06:01:46.230Z"}
{"level":"info","message":"Docs available at http://localhost:3006/docs","service":"user-service","timestamp":"2023-01-26T07:38:29.865Z"}
{"level":"info","message":"/api/v1/zindigiWallet/payment","service":"user-service","timestamp":"2023-01-26T07:38:32.255Z"}
{"level":"info","message":{"amount":500,"otp":"33611","userId":"63a45415bfb9c56c1f94d45d"},"service":"user-service","timestamp":"2023-01-26T07:38:32.255Z"}
{"level":"info","message":{"msg":"User Not Found!"},"service":"user-service","timestamp":"2023-01-26T07:38:33.082Z"}
{"level":"info","message":"{\"msg\":\"User Not Found!\"}","service":"user-service","timestamp":"2023-01-26T07:38:33.083Z"}
{"level":"info","message":{"msg":"Cannot read properties of null (reading 'contact')"},"service":"user-service","timestamp":"2023-01-26T07:38:33.092Z"}
{"level":"info","message":"{\"msg\":\"Cannot read properties of null (reading 'contact')\"}","service":"user-service","timestamp":"2023-01-26T07:38:33.093Z"}
{"level":"info","message":"Docs available at http://localhost:3006/docs","service":"user-service","timestamp":"2023-01-26T07:39:09.182Z"}
{"level":"info","message":"/api/v1/zindigiWallet/payment","service":"user-service","timestamp":"2023-01-26T07:39:13.336Z"}
{"level":"info","message":{"amount":500,"otp":"33611","userId":"63a45415bfb9c56c1f94d45d"},"service":"user-service","timestamp":"2023-01-26T07:39:13.336Z"}
{"level":"info","message":{"msg":"connect ETIMEDOUT 10.0.6.171:7070"},"service":"user-service","timestamp":"2023-01-26T07:39:35.415Z"}
{"level":"info","message":"{\"msg\":\"connect ETIMEDOUT 10.0.6.171:7070\"}","service":"user-service","timestamp":"2023-01-26T07:39:35.416Z"}
{"level":"info","message":"Docs available at http://localhost:3006/docs","service":"user-service","timestamp":"2023-01-26T07:40:08.545Z"}
{"level":"info","message":"/api/v1/zindigiWallet/payment","service":"user-service","timestamp":"2023-01-26T07:40:11.977Z"}
{"level":"info","message":{"amount":500,"otp":"33611","userId":"63a45415bfb9c56c1f94d45d"},"service":"user-service","timestamp":"2023-01-26T07:40:11.977Z"}
{"level":"info","message":{"msg":"connect ETIMEDOUT 10.0.6.171:7070"},"service":"user-service","timestamp":"2023-01-26T07:40:33.548Z"}
{"level":"info","message":"{\"msg\":\"connect ETIMEDOUT 10.0.6.171:7070\"}","service":"user-service","timestamp":"2023-01-26T07:40:33.550Z"}
{"level":"info","message":"Docs available at http://localhost:3006/docs","service":"user-service","timestamp":"2023-01-26T07:41:39.496Z"}
{"level":"info","message":"/api/v1/zindigiWallet/payment","service":"user-service","timestamp":"2023-01-26T07:41:43.346Z"}
{"level":"info","message":{"amount":500,"otp":"33611","userId":"63a45415bfb9c56c1f94d45d"},"service":"user-service","timestamp":"2023-01-26T07:41:43.346Z"}
{"level":"info","message":"Docs available at http://localhost:3006/docs","service":"user-service","timestamp":"2023-01-26T07:42:07.896Z"}
{"level":"info","message":"/api/v1/zindigiWallet/payment","service":"user-service","timestamp":"2023-01-26T07:42:11.018Z"}
{"level":"info","message":{"amount":500,"otp":"33611","userId":"63a45415bfb9c56c1f94d45d"},"service":"user-service","timestamp":"2023-01-26T07:42:11.018Z"}
{"level":"info","message":{"msg":"connect ETIMEDOUT 10.0.6.171:7070"},"service":"user-service","timestamp":"2023-01-26T07:42:32.527Z"}
{"level":"info","message":"{\"msg\":\"connect ETIMEDOUT 10.0.6.171:7070\"}","service":"user-service","timestamp":"2023-01-26T07:42:32.532Z"}
{"level":"info","message":"Docs available at http://localhost:3006/docs","service":"user-service","timestamp":"2023-01-26T07:45:19.737Z"}
{"level":"info","message":"Docs available at http://localhost:3006/docs","service":"user-service","timestamp":"2023-01-26T09:05:15.767Z"}
{"level":"info","message":"Docs available at http://localhost:3006/docs","service":"user-service","timestamp":"2023-01-26T09:05:42.254Z"}
{"level":"info","message":"Docs available at http://localhost:3006/docs","service":"user-service","timestamp":"2023-01-26T09:06:07.796Z"}
{"level":"info","message":"/api/v1/zindigiWallet/payment","service":"user-service","timestamp":"2023-01-26T09:06:16.190Z"}
{"level":"info","message":{"amount":500,"otp":"33611","userId":"63a45415bfb9c56c1f94d45d"},"service":"user-service","timestamp":"2023-01-26T09:06:16.191Z"}
{"level":"info","message":{"msg":"connect ETIMEDOUT 10.0.6.171:7070"},"service":"user-service","timestamp":"2023-01-26T09:06:37.866Z"}
{"level":"info","message":"{\"msg\":\"connect ETIMEDOUT 10.0.6.171:7070\"}","service":"user-service","timestamp":"2023-01-26T09:06:37.867Z"}
{"level":"info","message":"Docs available at http://localhost:3006/docs","service":"user-service","timestamp":"2023-01-26T09:11:57.863Z"}
{"level":"info","message":"/api/v1/zindigiWallet/payment","service":"user-service","timestamp":"2023-01-26T09:12:21.815Z"}
{"level":"info","message":{"amount":500,"otp":"33611","userId":"63a45415bfb9c56c1f94d45d"},"service":"user-service","timestamp":"2023-01-26T09:12:21.816Z"}
{"level":"info","message":{"msg":"connect ETIMEDOUT 10.0.6.171:7070"},"service":"user-service","timestamp":"2023-01-26T09:12:43.242Z"}
{"level":"info","message":"{\"msg\":\"connect ETIMEDOUT 10.0.6.171:7070\"}","service":"user-service","timestamp":"2023-01-26T09:12:43.243Z"}
{"level":"info","message":"Docs available at http://localhost:3006/docs","service":"user-service","timestamp":"2023-01-26T09:45:02.493Z"}
{"level":"info","message":"/api/v1/zindigiWallet/payment","service":"user-service","timestamp":"2023-01-26T09:45:10.311Z"}
{"level":"info","message":{"amount":500,"otp":"33611","userId":"63a45415bfb9c56c1f94d45d"},"service":"user-service","timestamp":"2023-01-26T09:45:10.311Z"}
{"level":"info","message":{"msg":"connect ETIMEDOUT 10.0.6.171:7070"},"service":"user-service","timestamp":"2023-01-26T09:45:31.838Z"}
{"level":"info","message":"{\"msg\":\"connect ETIMEDOUT 10.0.6.171:7070\"}","service":"user-service","timestamp":"2023-01-26T09:45:31.839Z"}
{"level":"info","message":"/api/v1/order/customerOrderHistory?customerId=63a2b6255b3114b59034acda","service":"user-service","timestamp":"2023-01-26T11:18:42.986Z"}
{"level":"info","message":{},"service":"user-service","timestamp":"2023-01-26T11:18:42.988Z"}
{"level":"info","message":{"msg":"Cannot read properties of null (reading 'thumbnail')"},"service":"user-service","timestamp":"2023-01-26T11:18:43.349Z"}
{"level":"info","message":"{\"msg\":\"Cannot read properties of null (reading 'thumbnail')\"}","service":"user-service","timestamp":"2023-01-26T11:18:43.350Z"}
{"level":"info","message":"Docs available at http://localhost:3006/docs","service":"user-service","timestamp":"2023-01-26T11:19:05.257Z"}
{"level":"info","message":"/api/v1/order/customerOrderHistory?customerId=63a2b6255b3114b59034acda","service":"user-service","timestamp":"2023-01-26T11:19:05.934Z"}
{"level":"info","message":{},"service":"user-service","timestamp":"2023-01-26T11:19:05.935Z"}
{"level":"info","message":{"data":[{"_id":"63cf8384dc623530eac5b58e","orderId":"42537","placedOn":"2023-01-23T19:00:00.000Z","product":[{"productId":{"_id":"639c0393a1451a380fb3d961","thumbnail":"images/1671168915594.png"}}],"status":"Confirmed"},{"_id":"63cfb762dc623530eac5bd09","orderId":"96163","placedOn":"2023-01-23T19:00:00.000Z","product":[{"productId":{"_id":"639c0393a1451a380fb3d961","thumbnail":"images/1671168915594.png"}}],"status":"Pending"},{"_id":"63cfc60e69d516926264e4fd","orderId":"60635","placedOn":"2023-01-23T19:00:00.000Z","product":[{"productId":null}],"status":"Pending"},{"_id":"63cfc96f69d516926264e5ca","orderId":"92442","placedOn":"2023-01-23T19:00:00.000Z","product":[{"productId":{"_id":"63be8be07ffe594f8f5a4762","thumbnail":"images/1673432032402.png"}}],"status":"Pending"},{"_id":"63d0be0969d516926264f218","orderId":"71084","placedOn":"2023-01-24T19:00:00.000Z","product":[{"productId":{"_id":"639c0393a1451a380fb3d961","thumbnail":"images/1671168915594.png"}}],"status":"Pending"},{"_id":"63d0c026ef26dfd5b8f7cac9","orderId":"45291","placedOn":"2023-01-24T19:00:00.000Z","product":[{"productId":{"_id":"639c0393a1451a380fb3d961","thumbnail":"images/1671168915594.png"}}],"status":"Delivered"},{"_id":"63d0c7554cf7f8adfaeb47a8","orderId":"59191","placedOn":"2023-01-24T19:00:00.000Z","product":[{"productId":{"_id":"639c0393a1451a380fb3d961","thumbnail":"images/1671168915594.png"}}],"status":"Delivered"},{"_id":"63d0c7c04cf7f8adfaeb47fb","orderId":"18458","placedOn":"2023-01-24T19:00:00.000Z","product":[{"productId":{"_id":"639c0393a1451a380fb3d961","thumbnail":"images/1671168915594.png"}}],"status":"Delivered"},{"_id":"63d0c7d64cf7f8adfaeb4833","orderId":"73803","placedOn":"2023-01-24T19:00:00.000Z","product":[{"productId":{"_id":"639c0393a1451a380fb3d961","thumbnail":"images/1671168915594.png"}}],"status":"Delivered"},{"_id":"63d0c7e74cf7f8adfaeb4850","orderId":"73591","placedOn":"2023-01-24T19:00:00.000Z","product":[{"productId":{"_id":"639c0393a1451a380fb3d961","thumbnail":"images/1671168915594.png"}}],"status":"Delivered"},{"_id":"63d0c7fc4cf7f8adfaeb488a","orderId":"39450","placedOn":"2023-01-24T19:00:00.000Z","product":[{"productId":{"_id":"639c0393a1451a380fb3d961","thumbnail":"images/1671168915594.png"}}],"status":"Delivered"},{"_id":"63d0cd494cf7f8adfaeb4b4c","orderId":"79024","placedOn":"2023-01-24T19:00:00.000Z","product":[{"productId":{"_id":"63c68b3626c4aadd8a898116","thumbnail":"images/1673956150524.png"}}],"status":"Delivered"},{"_id":"63d0d0354cf7f8adfaeb4d16","orderId":"76553","placedOn":"2023-01-24T19:00:00.000Z","product":[{"productId":{"_id":"63be8be07ffe594f8f5a4762","thumbnail":"images/1673432032402.png"}}],"status":"Delivered"},{"_id":"63d0db0a4cf7f8adfaeb4fad","orderId":"21129","placedOn":"2023-01-24T19:00:00.000Z","product":[{"productId":{"_id":"639c0393a1451a380fb3d961","thumbnail":"images/1671168915594.png"}}],"status":"Pending"},{"_id":"63d0db524cf7f8adfaeb507f","orderId":"51231","placedOn":"2023-01-24T19:00:00.000Z","product":[{"productId":null}],"status":"Pending"},{"_id":"63d0db6e4cf7f8adfaeb50d2","orderId":"25117","placedOn":"2023-01-24T19:00:00.000Z","product":[{"productId":null}],"status":"Delivered"},{"_id":"63d0dc2d4cf7f8adfaeb5177","orderId":"26613","placedOn":"2023-01-24T19:00:00.000Z","product":[{"productId":null}],"status":"Pending"}],"msg":"Customer Order History"},"service":"user-service","timestamp":"2023-01-26T11:19:08.023Z"}
{"level":"info","message":"{\"msg\":\"Customer Order History\",\"data\":[{\"_id\":\"63cf8384dc623530eac5b58e\",\"product\":[{\"productId\":{\"_id\":\"639c0393a1451a380fb3d961\",\"thumbnail\":\"images/1671168915594.png\"}}],\"status\":\"Confirmed\",\"orderId\":\"42537\",\"placedOn\":\"2023-01-23T19:00:00.000Z\"},{\"_id\":\"63cfb762dc623530eac5bd09\",\"product\":[{\"productId\":{\"_id\":\"639c0393a1451a380fb3d961\",\"thumbnail\":\"images/1671168915594.png\"}}],\"status\":\"Pending\",\"orderId\":\"96163\",\"placedOn\":\"2023-01-23T19:00:00.000Z\"},{\"_id\":\"63cfc60e69d516926264e4fd\",\"product\":[{\"productId\":null}],\"status\":\"Pending\",\"orderId\":\"60635\",\"placedOn\":\"2023-01-23T19:00:00.000Z\"},{\"_id\":\"63cfc96f69d516926264e5ca\",\"product\":[{\"productId\":{\"_id\":\"63be8be07ffe594f8f5a4762\",\"thumbnail\":\"images/1673432032402.png\"}}],\"status\":\"Pending\",\"orderId\":\"92442\",\"placedOn\":\"2023-01-23T19:00:00.000Z\"},{\"_id\":\"63d0be0969d516926264f218\",\"product\":[{\"productId\":{\"_id\":\"639c0393a1451a380fb3d961\",\"thumbnail\":\"images/1671168915594.png\"}}],\"status\":\"Pending\",\"orderId\":\"71084\",\"placedOn\":\"2023-01-24T19:00:00.000Z\"},{\"_id\":\"63d0c026ef26dfd5b8f7cac9\",\"product\":[{\"productId\":{\"_id\":\"639c0393a1451a380fb3d961\",\"thumbnail\":\"images/1671168915594.png\"}}],\"status\":\"Delivered\",\"orderId\":\"45291\",\"placedOn\":\"2023-01-24T19:00:00.000Z\"},{\"_id\":\"63d0c7554cf7f8adfaeb47a8\",\"product\":[{\"productId\":{\"_id\":\"639c0393a1451a380fb3d961\",\"thumbnail\":\"images/1671168915594.png\"}}],\"status\":\"Delivered\",\"orderId\":\"59191\",\"placedOn\":\"2023-01-24T19:00:00.000Z\"},{\"_id\":\"63d0c7c04cf7f8adfaeb47fb\",\"product\":[{\"productId\":{\"_id\":\"639c0393a1451a380fb3d961\",\"thumbnail\":\"images/1671168915594.png\"}}],\"status\":\"Delivered\",\"orderId\":\"18458\",\"placedOn\":\"2023-01-24T19:00:00.000Z\"},{\"_id\":\"63d0c7d64cf7f8adfaeb4833\",\"product\":[{\"productId\":{\"_id\":\"639c0393a1451a380fb3d961\",\"thumbnail\":\"images/1671168915594.png\"}}],\"status\":\"Delivered\",\"orderId\":\"73803\",\"placedOn\":\"2023-01-24T19:00:00.000Z\"},{\"_id\":\"63d0c7e74cf7f8adfaeb4850\",\"product\":[{\"productId\":{\"_id\":\"639c0393a1451a380fb3d961\",\"thumbnail\":\"images/1671168915594.png\"}}],\"status\":\"Delivered\",\"orderId\":\"73591\",\"placedOn\":\"2023-01-24T19:00:00.000Z\"},{\"_id\":\"63d0c7fc4cf7f8adfaeb488a\",\"product\":[{\"productId\":{\"_id\":\"639c0393a1451a380fb3d961\",\"thumbnail\":\"images/1671168915594.png\"}}],\"status\":\"Delivered\",\"orderId\":\"39450\",\"placedOn\":\"2023-01-24T19:00:00.000Z\"},{\"_id\":\"63d0cd494cf7f8adfaeb4b4c\",\"product\":[{\"productId\":{\"_id\":\"63c68b3626c4aadd8a898116\",\"thumbnail\":\"images/1673956150524.png\"}}],\"status\":\"Delivered\",\"orderId\":\"79024\",\"placedOn\":\"2023-01-24T19:00:00.000Z\"},{\"_id\":\"63d0d0354cf7f8adfaeb4d16\",\"product\":[{\"productId\":{\"_id\":\"63be8be07ffe594f8f5a4762\",\"thumbnail\":\"images/1673432032402.png\"}}],\"status\":\"Delivered\",\"orderId\":\"76553\",\"placedOn\":\"2023-01-24T19:00:00.000Z\"},{\"_id\":\"63d0db0a4cf7f8adfaeb4fad\",\"product\":[{\"productId\":{\"_id\":\"639c0393a1451a380fb3d961\",\"thumbnail\":\"images/1671168915594.png\"}}],\"status\":\"Pending\",\"orderId\":\"21129\",\"placedOn\":\"2023-01-24T19:00:00.000Z\"},{\"_id\":\"63d0db524cf7f8adfaeb507f\",\"product\":[{\"productId\":null}],\"status\":\"Pending\",\"orderId\":\"51231\",\"placedOn\":\"2023-01-24T19:00:00.000Z\"},{\"_id\":\"63d0db6e4cf7f8adfaeb50d2\",\"product\":[{\"productId\":null}],\"status\":\"Delivered\",\"orderId\":\"25117\",\"placedOn\":\"2023-01-24T19:00:00.000Z\"},{\"_id\":\"63d0dc2d4cf7f8adfaeb5177\",\"product\":[{\"productId\":null}],\"status\":\"Pending\",\"orderId\":\"26613\",\"placedOn\":\"2023-01-24T19:00:00.000Z\"}]}","service":"user-service","timestamp":"2023-01-26T11:19:08.024Z"}
{"level":"info","message":"Docs available at http://localhost:3006/docs","service":"user-service","timestamp":"2023-01-26T11:21:36.493Z"}
{"level":"info","message":"Docs available at http://localhost:3006/docs","service":"user-service","timestamp":"2023-01-26T11:24:32.946Z"}
{"level":"info","message":"/api/v1/order/customerOrderHistory?customerId=63a2b6255b3114b59034acda","service":"user-service","timestamp":"2023-01-26T11:25:22.886Z"}
{"level":"info","message":{},"service":"user-service","timestamp":"2023-01-26T11:25:22.886Z"}
{"level":"info","message":{"data":[],"msg":"Customer Order History Not Found"},"service":"user-service","timestamp":"2023-01-26T11:25:23.008Z"}
{"level":"info","message":"{\"msg\":\"Customer Order History Not Found\",\"data\":[]}","service":"user-service","timestamp":"2023-01-26T11:25:23.010Z"}
{"level":"info","message":"/api/v1/zindigiWallet/payment","service":"user-service","timestamp":"2023-01-26T11:42:21.089Z"}
{"level":"info","message":{"amount":500,"otp":"33611","userId":"63a45415bfb9c56c1f94d45d"},"service":"user-service","timestamp":"2023-01-26T11:42:21.089Z"}
{"level":"info","message":{"msg":"connect ETIMEDOUT 10.0.6.171:7070"},"service":"user-service","timestamp":"2023-01-26T11:42:42.555Z"}
{"level":"info","message":"{\"msg\":\"connect ETIMEDOUT 10.0.6.171:7070\"}","service":"user-service","timestamp":"2023-01-26T11:42:42.556Z"}
{"level":"info","message":"Docs available at http://localhost:3006/docs","service":"user-service","timestamp":"2023-01-26T12:10:49.897Z"}
{"level":"info","message":"/api/v1/zindigiWallet/payment","service":"user-service","timestamp":"2023-01-26T12:10:54.181Z"}
{"level":"info","message":{"amount":500,"otp":"33611","userId":"63a45415bfb9c56c1f94d45d"},"service":"user-service","timestamp":"2023-01-26T12:10:54.181Z"}
{"level":"info","message":{"msg":"connect ETIMEDOUT 10.0.6.171:7070"},"service":"user-service","timestamp":"2023-01-26T12:12:36.285Z"}
{"level":"info","message":"{\"msg\":\"connect ETIMEDOUT 10.0.6.171:7070\"}","service":"user-service","timestamp":"2023-01-26T12:12:36.290Z"}
{"level":"info","message":"Docs available at http://localhost:3006/docs","service":"user-service","timestamp":"2023-01-26T12:18:00.354Z"}
{"level":"info","message":"/api/v1/order/customerOrderHistory?customerId=63a2b6255b3114b59034acda","service":"user-service","timestamp":"2023-01-26T12:45:32.058Z"}
{"level":"info","message":{},"service":"user-service","timestamp":"2023-01-26T12:45:32.059Z"}
{"level":"info","message":{"data":[],"msg":"Customer Order History Not Found"},"service":"user-service","timestamp":"2023-01-26T12:45:33.052Z"}
{"level":"info","message":"{\"msg\":\"Customer Order History Not Found\",\"data\":[]}","service":"user-service","timestamp":"2023-01-26T12:45:33.054Z"}
{"level":"info","message":"Docs available at http://localhost:3006/docs","service":"user-service","timestamp":"2023-01-26T12:45:53.433Z"}
{"level":"info","message":"Docs available at http://localhost:3006/docs","service":"user-service","timestamp":"2023-01-26T12:46:20.931Z"}
{"level":"info","message":"/api/v1/order/customerOrderHistory?customerId=63a2b6255b3114b59034acda","service":"user-service","timestamp":"2023-01-26T12:46:24.908Z"}
{"level":"info","message":{},"service":"user-service","timestamp":"2023-01-26T12:46:24.909Z"}
{"level":"info","message":{"msg":"$in needs an array"},"service":"user-service","timestamp":"2023-01-26T12:46:25.073Z"}
{"level":"info","message":"{\"msg\":\"$in needs an array\"}","service":"user-service","timestamp":"2023-01-26T12:46:25.075Z"}
{"level":"info","message":"Docs available at http://localhost:3006/docs","service":"user-service","timestamp":"2023-01-26T12:48:50.054Z"}
{"level":"info","message":"/api/v1/order/customerOrderHistory?customerId=63a2b6255b3114b59034acda","service":"user-service","timestamp":"2023-01-26T12:49:24.380Z"}
{"level":"info","message":{},"service":"user-service","timestamp":"2023-01-26T12:49:24.380Z"}
{"level":"info","message":{"data":[],"msg":"Customer Order History Not Found"},"service":"user-service","timestamp":"2023-01-26T12:49:24.547Z"}
{"level":"info","message":"{\"msg\":\"Customer Order History Not Found\",\"data\":[]}","service":"user-service","timestamp":"2023-01-26T12:49:24.549Z"}
{"level":"info","message":"/api/v1/order/customerOrderHistory?customerId=63aacc7772be3a49227deeee","service":"user-service","timestamp":"2023-01-26T12:50:00.457Z"}
{"level":"info","message":{},"service":"user-service","timestamp":"2023-01-26T12:50:00.457Z"}
{"level":"info","message":{"data":[],"msg":"Customer Order History Not Found"},"service":"user-service","timestamp":"2023-01-26T12:50:00.609Z"}
{"level":"info","message":"{\"msg\":\"Customer Order History Not Found\",\"data\":[]}","service":"user-service","timestamp":"2023-01-26T12:50:00.610Z"}
{"level":"info","message":"Docs available at http://localhost:3006/docs","service":"user-service","timestamp":"2023-01-26T12:50:28.571Z"}
{"level":"info","message":"/api/v1/order/customerOrderHistory?customerId=63aacc7772be3a49227deeee","service":"user-service","timestamp":"2023-01-26T12:50:53.827Z"}
{"level":"info","message":{},"service":"user-service","timestamp":"2023-01-26T12:50:53.827Z"}
{"level":"info","message":{"data":[],"msg":"Customer Order History Not Found"},"service":"user-service","timestamp":"2023-01-26T12:50:53.989Z"}
{"level":"info","message":"{\"msg\":\"Customer Order History Not Found\",\"data\":[]}","service":"user-service","timestamp":"2023-01-26T12:50:53.991Z"}
{"level":"info","message":"Docs available at http://localhost:3006/docs","service":"user-service","timestamp":"2023-01-26T12:53:21.385Z"}
{"level":"info","message":"/api/v1/order/customerOrderHistory?customerId=63aacc7772be3a49227deeee","service":"user-service","timestamp":"2023-01-26T12:53:25.173Z"}
{"level":"info","message":{},"service":"user-service","timestamp":"2023-01-26T12:53:25.173Z"}
{"level":"info","message":{"msg":"Argument passed in does not match the accepted types"},"service":"user-service","timestamp":"2023-01-26T12:53:25.185Z"}
{"level":"info","message":"{\"msg\":\"Argument passed in does not match the accepted types\"}","service":"user-service","timestamp":"2023-01-26T12:53:25.187Z"}
{"level":"info","message":"Docs available at http://localhost:3006/docs","service":"user-service","timestamp":"2023-01-26T12:54:53.292Z"}
{"level":"info","message":"/api/v1/order/customerOrderHistory?customerId=63aacc7772be3a49227deeee","service":"user-service","timestamp":"2023-01-26T12:54:56.603Z"}
{"level":"info","message":{},"service":"user-service","timestamp":"2023-01-26T12:54:56.603Z"}
{"level":"info","message":{"msg":"Argument passed in does not match the accepted types"},"service":"user-service","timestamp":"2023-01-26T12:54:56.621Z"}
{"level":"info","message":"{\"msg\":\"Argument passed in does not match the accepted types\"}","service":"user-service","timestamp":"2023-01-26T12:54:56.624Z"}
{"level":"info","message":"Docs available at http://localhost:3006/docs","service":"user-service","timestamp":"2023-01-26T12:55:10.354Z"}
{"level":"info","message":"/api/v1/order/customerOrderHistory?customerId=63aacc7772be3a49227deeee","service":"user-service","timestamp":"2023-01-26T12:55:14.441Z"}
{"level":"info","message":{},"service":"user-service","timestamp":"2023-01-26T12:55:14.441Z"}
{"level":"info","message":{"msg":"$in needs an array"},"service":"user-service","timestamp":"2023-01-26T12:55:14.617Z"}
{"level":"info","message":"{\"msg\":\"$in needs an array\"}","service":"user-service","timestamp":"2023-01-26T12:55:14.619Z"}
{"level":"info","message":"Docs available at http://localhost:3006/docs","service":"user-service","timestamp":"2023-01-26T12:59:27.554Z"}
{"level":"info","message":"/api/v1/order/customerOrderHistory?customerId=63aacc7772be3a49227deeee","service":"user-service","timestamp":"2023-01-26T12:59:30.917Z"}
{"level":"info","message":{},"service":"user-service","timestamp":"2023-01-26T12:59:30.917Z"}
{"level":"info","message":{"data":[],"msg":"Customer Order History Not Found"},"service":"user-service","timestamp":"2023-01-26T12:59:31.063Z"}
{"level":"info","message":"{\"msg\":\"Customer Order History Not Found\",\"data\":[]}","service":"user-service","timestamp":"2023-01-26T12:59:31.065Z"}
{"level":"info","message":"Docs available at http://localhost:3006/docs","service":"user-service","timestamp":"2023-01-26T13:01:43.609Z"}
{"level":"info","message":"/api/v1/order/customerOrderHistory?customerId=63aacc7772be3a49227deeee","service":"user-service","timestamp":"2023-01-26T13:01:47.179Z"}
{"level":"info","message":{},"service":"user-service","timestamp":"2023-01-26T13:01:47.180Z"}
{"level":"info","message":{"msg":"$in needs an array"},"service":"user-service","timestamp":"2023-01-26T13:01:47.342Z"}
{"level":"info","message":"{\"msg\":\"$in needs an array\"}","service":"user-service","timestamp":"2023-01-26T13:01:47.344Z"}
{"level":"info","message":"Docs available at http://localhost:3006/docs","service":"user-service","timestamp":"2023-01-26T13:02:08.223Z"}
{"level":"info","message":"/api/v1/order/customerOrderHistory?customerId=63aacc7772be3a49227deeee","service":"user-service","timestamp":"2023-01-26T13:02:11.617Z"}
{"level":"info","message":{},"service":"user-service","timestamp":"2023-01-26T13:02:11.618Z"}
{"level":"info","message":{"data":[],"msg":"Customer Order History Not Found"},"service":"user-service","timestamp":"2023-01-26T13:02:11.769Z"}
{"level":"info","message":"{\"msg\":\"Customer Order History Not Found\",\"data\":[]}","service":"user-service","timestamp":"2023-01-26T13:02:11.771Z"}
{"level":"info","message":"Docs available at http://localhost:3006/docs","service":"user-service","timestamp":"2023-01-26T13:02:59.608Z"}
{"level":"info","message":"Docs available at http://localhost:3006/docs","service":"user-service","timestamp":"2023-01-26T13:03:37.223Z"}
{"level":"info","message":"Docs available at http://localhost:3006/docs","service":"user-service","timestamp":"2023-01-26T13:04:37.094Z"}
{"level":"info","message":"/api/v1/order/customerOrderHistory?customerId=63a2b0b8153cfe5f98a05aff","service":"user-service","timestamp":"2023-01-26T13:04:40.806Z"}
{"level":"info","message":{},"service":"user-service","timestamp":"2023-01-26T13:04:40.806Z"}
{"level":"info","message":{"data":[],"msg":"Customer Order History Not Found"},"service":"user-service","timestamp":"2023-01-26T13:04:40.956Z"}
{"level":"info","message":"{\"msg\":\"Customer Order History Not Found\",\"data\":[]}","service":"user-service","timestamp":"2023-01-26T13:04:40.958Z"}
{"level":"info","message":"Docs available at http://localhost:3006/docs","service":"user-service","timestamp":"2023-01-26T13:05:01.120Z"}
{"level":"info","message":"/api/v1/order/customerOrderHistory?customerId=63a2b0b8153cfe5f98a05aff","service":"user-service","timestamp":"2023-01-26T13:05:08.446Z"}
{"level":"info","message":{},"service":"user-service","timestamp":"2023-01-26T13:05:08.447Z"}
{"level":"info","message":{"data":[],"msg":"Customer Order History Not Found"},"service":"user-service","timestamp":"2023-01-26T13:05:08.665Z"}
{"level":"info","message":"{\"msg\":\"Customer Order History Not Found\",\"data\":[]}","service":"user-service","timestamp":"2023-01-26T13:05:08.667Z"}
{"level":"info","message":"Docs available at http://localhost:3006/docs","service":"user-service","timestamp":"2023-01-26T13:05:29.264Z"}
{"level":"info","message":"Docs available at http://localhost:3006/docs","service":"user-service","timestamp":"2023-01-26T13:09:37.200Z"}
{"level":"info","message":"/api/v1/order/customerOrderHistory?customerId=63a2b0b8153cfe5f98a05aff","service":"user-service","timestamp":"2023-01-26T13:09:41.200Z"}
{"level":"info","message":{},"service":"user-service","timestamp":"2023-01-26T13:09:41.200Z"}
{"level":"info","message":{"data":[{"_id":"63a5a3151d65602c033aa708","orderId":"38599","placedOn":"2022-12-23T12:41:01.193Z","product":[{"productId":null}],"status":"Rejected"},{"_id":"63a94de6ce0b320edc1f2446","orderId":"64269","placedOn":"2022-12-26T07:31:49.847Z","product":[{"productId":{"_id":"639c0393a1451a380fb3d961","thumbnail":"images/1672053985568.png"}}],"status":"Canceled"},{"_id":"63a94e90c464d42d619636d7","orderId":"92534","placedOn":"2022-12-26T07:34:39.335Z","product":[{"productId":{"_id":"639c0393a1451a380fb3d961","thumbnail":"images/1672053985568.png"}}],"status":"Delivered"},{"_id":"63a94f03c464d42d619636e9","orderId":"86099","placedOn":"2022-12-26T07:36:35.428Z","product":[{"productId":{"_id":"639c0393a1451a380fb3d961","thumbnail":"images/1672053985568.png"}}],"status":"Pending"},{"_id":"63a94f0ec464d42d619636fb","orderId":"35981","placedOn":"2022-12-26T07:36:45.533Z","product":[{"productId":{"_id":"639c0393a1451a380fb3d961","thumbnail":"images/1672053985568.png"}}],"status":"Pending"},{"_id":"63a94f3bb83f6f08b871e701","orderId":"49408","placedOn":"2022-12-26T07:37:30.345Z","product":[{"productId":{"_id":"639c0393a1451a380fb3d961","thumbnail":"images/1672053985568.png"}}],"status":"Pending"},{"_id":"63a94f5ec4f2f07b7ff4fb06","orderId":"71859","placedOn":"2022-12-26T07:38:05.512Z","product":[{"productId":{"_id":"639c0393a1451a380fb3d961","thumbnail":"images/1672053985568.png"}}],"status":"Pending"},{"_id":"63a94fda163f7a28af7b7e3e","orderId":"67607","placedOn":"2022-12-26T07:40:10.453Z","product":[{"productId":{"_id":"639c0393a1451a380fb3d961","thumbnail":"images/1672053985568.png"}}],"status":"Pending"},{"_id":"63a9501dde966fabfe3ff320","orderId":"93350","placedOn":"2022-12-26T07:41:16.627Z","product":[{"productId":{"_id":"639c0393a1451a380fb3d961","thumbnail":"images/1672053985568.png"}}],"status":"Pending"},{"_id":"63a9682eb94a77cbdd5c46ad","orderId":"78857","placedOn":"2022-12-26T09:23:58.545Z","product":[{"productId":{"_id":"639c0393a1451a380fb3d961","thumbnail":"images/1672053985568.png"}}],"status":"Pending"},{"_id":"63a970e510509af708b226d2","orderId":"29706","placedOn":"2022-12-25T19:00:00.000Z","product":[{"productId":{"_id":"639c0393a1451a380fb3d961","thumbnail":"images/1672053985568.png"}}],"status":"Pending"},{"_id":"63a970f210509af708b226e0","orderId":"70430","placedOn":"2022-12-25T19:00:00.000Z","product":[{"productId":{"_id":"639c0393a1451a380fb3d961","thumbnail":"images/1672053985568.png"}}],"status":"Pending"},{"_id":"63a970ff10509af708b226ee","orderId":"26591","placedOn":"2022-12-25T19:00:00.000Z","product":[{"productId":{"_id":"639c0393a1451a380fb3d961","thumbnail":"images/1672053985568.png"}}],"status":"Pending"},{"_id":"63a9710810509af708b226fc","orderId":"97070","placedOn":"2022-12-25T19:00:00.000Z","product":[{"productId":{"_id":"639c0393a1451a380fb3d961","thumbnail":"images/1672053985568.png"}}],"status":"Pending"},{"_id":"63a97152d7755ca8ee324ce1","orderId":"56444","placedOn":"2022-12-25T19:00:00.000Z","product":[{"productId":{"_id":"639c0393a1451a380fb3d961","thumbnail":"images/1672053985568.png"}}],"status":"Pending"},{"_id":"63a979dd865f0dbe795a83df","orderId":"29863","placedOn":"2022-12-25T19:00:00.000Z","product":[{"productId":{"_id":"639c0393a1451a380fb3d961","thumbnail":"images/1672053985568.png"}}],"status":"Pending"},{"_id":"63a97aed865f0dbe795a83f1","orderId":"13850","placedOn":"2022-12-25T19:00:00.000Z","product":[{"productId":{"_id":"639bfeeea1451a380fb3d906","thumbnail":"images/1671167726780.png"}}],"status":"Pending"},{"_id":"63a97af9865f0dbe795a83fe","orderId":"80676","placedOn":"2022-12-25T19:00:00.000Z","product":[{"productId":{"_id":"639bfeeea1451a380fb3d906","thumbnail":"images/1671167726780.png"}}],"status":"Returned"},{"_id":"63a97b01865f0dbe795a840b","orderId":"21601","placedOn":"2022-12-25T19:00:00.000Z","product":[],"status":"Delivered"},{"_id":"63a97b08865f0dbe795a8418","orderId":"50720","placedOn":"2022-12-20T19:00:00.000Z","product":[{"productId":{"_id":"639bfeeea1451a380fb3d906","thumbnail":"images/1671167726780.png"}}],"status":"Delivered"},{"_id":"63b80e24151a6734964be6dc","orderId":"69028","placedOn":"2023-01-05T19:00:00.000Z","product":[{"productId":{"_id":"639bfeeea1451a380fb3d906","thumbnail":"images/1671167726780.png"}}],"status":"Pending"},{"_id":"63b80e3f151a6734964be6e9","orderId":"59776","placedOn":"2023-01-05T19:00:00.000Z","product":[{"productId":{"_id":"639bfeeea1451a380fb3d906","thumbnail":"images/1671167726780.png"}}],"status":"Pending"},{"_id":"63b80f65bf58b8a6f652733c","orderId":"02206","placedOn":"2023-01-05T19:00:00.000Z","product":[{"productId":{"_id":"639bfeeea1451a380fb3d906","thumbnail":"images/1671167726780.png"}}],"status":"Pending"}],"msg":"Customer Order History"},"service":"user-service","timestamp":"2023-01-26T13:09:41.684Z"}
{"level":"info","message":"{\"msg\":\"Customer Order History\",\"data\":[{\"_id\":\"63a5a3151d65602c033aa708\",\"product\":[{\"productId\":null}],\"status\":\"Rejected\",\"orderId\":\"38599\",\"placedOn\":\"2022-12-23T12:41:01.193Z\"},{\"_id\":\"63a94de6ce0b320edc1f2446\",\"product\":[{\"productId\":{\"_id\":\"639c0393a1451a380fb3d961\",\"thumbnail\":\"images/1672053985568.png\"}}],\"status\":\"Canceled\",\"orderId\":\"64269\",\"placedOn\":\"2022-12-26T07:31:49.847Z\"},{\"_id\":\"63a94e90c464d42d619636d7\",\"product\":[{\"productId\":{\"_id\":\"639c0393a1451a380fb3d961\",\"thumbnail\":\"images/1672053985568.png\"}}],\"status\":\"Delivered\",\"orderId\":\"92534\",\"placedOn\":\"2022-12-26T07:34:39.335Z\"},{\"_id\":\"63a94f03c464d42d619636e9\",\"product\":[{\"productId\":{\"_id\":\"639c0393a1451a380fb3d961\",\"thumbnail\":\"images/1672053985568.png\"}}],\"status\":\"Pending\",\"orderId\":\"86099\",\"placedOn\":\"2022-12-26T07:36:35.428Z\"},{\"_id\":\"63a94f0ec464d42d619636fb\",\"product\":[{\"productId\":{\"_id\":\"639c0393a1451a380fb3d961\",\"thumbnail\":\"images/1672053985568.png\"}}],\"status\":\"Pending\",\"orderId\":\"35981\",\"placedOn\":\"2022-12-26T07:36:45.533Z\"},{\"_id\":\"63a94f3bb83f6f08b871e701\",\"product\":[{\"productId\":{\"_id\":\"639c0393a1451a380fb3d961\",\"thumbnail\":\"images/1672053985568.png\"}}],\"status\":\"Pending\",\"orderId\":\"49408\",\"placedOn\":\"2022-12-26T07:37:30.345Z\"},{\"_id\":\"63a94f5ec4f2f07b7ff4fb06\",\"product\":[{\"productId\":{\"_id\":\"639c0393a1451a380fb3d961\",\"thumbnail\":\"images/1672053985568.png\"}}],\"status\":\"Pending\",\"orderId\":\"71859\",\"placedOn\":\"2022-12-26T07:38:05.512Z\"},{\"_id\":\"63a94fda163f7a28af7b7e3e\",\"product\":[{\"productId\":{\"_id\":\"639c0393a1451a380fb3d961\",\"thumbnail\":\"images/1672053985568.png\"}}],\"status\":\"Pending\",\"orderId\":\"67607\",\"placedOn\":\"2022-12-26T07:40:10.453Z\"},{\"_id\":\"63a9501dde966fabfe3ff320\",\"product\":[{\"productId\":{\"_id\":\"639c0393a1451a380fb3d961\",\"thumbnail\":\"images/1672053985568.png\"}}],\"status\":\"Pending\",\"orderId\":\"93350\",\"placedOn\":\"2022-12-26T07:41:16.627Z\"},{\"_id\":\"63a9682eb94a77cbdd5c46ad\",\"product\":[{\"productId\":{\"_id\":\"639c0393a1451a380fb3d961\",\"thumbnail\":\"images/1672053985568.png\"}}],\"status\":\"Pending\",\"orderId\":\"78857\",\"placedOn\":\"2022-12-26T09:23:58.545Z\"},{\"_id\":\"63a970e510509af708b226d2\",\"product\":[{\"productId\":{\"_id\":\"639c0393a1451a380fb3d961\",\"thumbnail\":\"images/1672053985568.png\"}}],\"status\":\"Pending\",\"orderId\":\"29706\",\"placedOn\":\"2022-12-25T19:00:00.000Z\"},{\"_id\":\"63a970f210509af708b226e0\",\"product\":[{\"productId\":{\"_id\":\"639c0393a1451a380fb3d961\",\"thumbnail\":\"images/1672053985568.png\"}}],\"status\":\"Pending\",\"orderId\":\"70430\",\"placedOn\":\"2022-12-25T19:00:00.000Z\"},{\"_id\":\"63a970ff10509af708b226ee\",\"product\":[{\"productId\":{\"_id\":\"639c0393a1451a380fb3d961\",\"thumbnail\":\"images/1672053985568.png\"}}],\"status\":\"Pending\",\"orderId\":\"26591\",\"placedOn\":\"2022-12-25T19:00:00.000Z\"},{\"_id\":\"63a9710810509af708b226fc\",\"product\":[{\"productId\":{\"_id\":\"639c0393a1451a380fb3d961\",\"thumbnail\":\"images/1672053985568.png\"}}],\"status\":\"Pending\",\"orderId\":\"97070\",\"placedOn\":\"2022-12-25T19:00:00.000Z\"},{\"_id\":\"63a97152d7755ca8ee324ce1\",\"product\":[{\"productId\":{\"_id\":\"639c0393a1451a380fb3d961\",\"thumbnail\":\"images/1672053985568.png\"}}],\"status\":\"Pending\",\"orderId\":\"56444\",\"placedOn\":\"2022-12-25T19:00:00.000Z\"},{\"_id\":\"63a979dd865f0dbe795a83df\",\"product\":[{\"productId\":{\"_id\":\"639c0393a1451a380fb3d961\",\"thumbnail\":\"images/1672053985568.png\"}}],\"status\":\"Pending\",\"orderId\":\"29863\",\"placedOn\":\"2022-12-25T19:00:00.000Z\"},{\"_id\":\"63a97aed865f0dbe795a83f1\",\"product\":[{\"productId\":{\"_id\":\"639bfeeea1451a380fb3d906\",\"thumbnail\":\"images/1671167726780.png\"}}],\"status\":\"Pending\",\"orderId\":\"13850\",\"placedOn\":\"2022-12-25T19:00:00.000Z\"},{\"_id\":\"63a97af9865f0dbe795a83fe\",\"product\":[{\"productId\":{\"_id\":\"639bfeeea1451a380fb3d906\",\"thumbnail\":\"images/1671167726780.png\"}}],\"status\":\"Returned\",\"orderId\":\"80676\",\"placedOn\":\"2022-12-25T19:00:00.000Z\"},{\"_id\":\"63a97b01865f0dbe795a840b\",\"product\":[],\"status\":\"Delivered\",\"orderId\":\"21601\",\"placedOn\":\"2022-12-25T19:00:00.000Z\"},{\"_id\":\"63a97b08865f0dbe795a8418\",\"product\":[{\"productId\":{\"_id\":\"639bfeeea1451a380fb3d906\",\"thumbnail\":\"images/1671167726780.png\"}}],\"status\":\"Delivered\",\"orderId\":\"50720\",\"placedOn\":\"2022-12-20T19:00:00.000Z\"},{\"_id\":\"63b80e24151a6734964be6dc\",\"product\":[{\"productId\":{\"_id\":\"639bfeeea1451a380fb3d906\",\"thumbnail\":\"images/1671167726780.png\"}}],\"status\":\"Pending\",\"orderId\":\"69028\",\"placedOn\":\"2023-01-05T19:00:00.000Z\"},{\"_id\":\"63b80e3f151a6734964be6e9\",\"product\":[{\"productId\":{\"_id\":\"639bfeeea1451a380fb3d906\",\"thumbnail\":\"images/1671167726780.png\"}}],\"status\":\"Pending\",\"orderId\":\"59776\",\"placedOn\":\"2023-01-05T19:00:00.000Z\"},{\"_id\":\"63b80f65bf58b8a6f652733c\",\"product\":[{\"productId\":{\"_id\":\"639bfeeea1451a380fb3d906\",\"thumbnail\":\"images/1671167726780.png\"}}],\"status\":\"Pending\",\"orderId\":\"02206\",\"placedOn\":\"2023-01-05T19:00:00.000Z\"}]}","service":"user-service","timestamp":"2023-01-26T13:09:41.696Z"}
{"level":"info","message":"/api/v1/order/customerOrderHistory?customerId=63a2b0b8153cfe5f98a05aff","service":"user-service","timestamp":"2023-01-26T13:12:23.063Z"}
{"level":"info","message":{},"service":"user-service","timestamp":"2023-01-26T13:12:23.064Z"}
{"level":"info","message":{"data":[{"_id":"63a94de6ce0b320edc1f2446","orderId":"64269","placedOn":"2022-12-26T07:31:49.847Z","product":[{"productId":{"_id":"639c0393a1451a380fb3d961","thumbnail":"images/1672053985568.png"}}],"status":"Canceled"},{"_id":"63a94e90c464d42d619636d7","orderId":"92534","placedOn":"2022-12-26T07:34:39.335Z","product":[{"productId":{"_id":"639c0393a1451a380fb3d961","thumbnail":"images/1672053985568.png"}}],"status":"Delivered"},{"_id":"63a94f03c464d42d619636e9","orderId":"86099","placedOn":"2022-12-26T07:36:35.428Z","product":[{"productId":{"_id":"639c0393a1451a380fb3d961","thumbnail":"images/1672053985568.png"}}],"status":"Pending"},{"_id":"63a94f0ec464d42d619636fb","orderId":"35981","placedOn":"2022-12-26T07:36:45.533Z","product":[{"productId":{"_id":"639c0393a1451a380fb3d961","thumbnail":"images/1672053985568.png"}}],"status":"Pending"},{"_id":"63a94f3bb83f6f08b871e701","orderId":"49408","placedOn":"2022-12-26T07:37:30.345Z","product":[{"productId":{"_id":"639c0393a1451a380fb3d961","thumbnail":"images/1672053985568.png"}}],"status":"Pending"},{"_id":"63a94f5ec4f2f07b7ff4fb06","orderId":"71859","placedOn":"2022-12-26T07:38:05.512Z","product":[{"productId":{"_id":"639c0393a1451a380fb3d961","thumbnail":"images/1672053985568.png"}}],"status":"Pending"},{"_id":"63a94fda163f7a28af7b7e3e","orderId":"67607","placedOn":"2022-12-26T07:40:10.453Z","product":[{"productId":{"_id":"639c0393a1451a380fb3d961","thumbnail":"images/1672053985568.png"}}],"status":"Pending"},{"_id":"63a9501dde966fabfe3ff320","orderId":"93350","placedOn":"2022-12-26T07:41:16.627Z","product":[{"productId":{"_id":"639c0393a1451a380fb3d961","thumbnail":"images/1672053985568.png"}}],"status":"Pending"},{"_id":"63a9682eb94a77cbdd5c46ad","orderId":"78857","placedOn":"2022-12-26T09:23:58.545Z","product":[{"productId":{"_id":"639c0393a1451a380fb3d961","thumbnail":"images/1672053985568.png"}}],"status":"Pending"},{"_id":"63a970e510509af708b226d2","orderId":"29706","placedOn":"2022-12-25T19:00:00.000Z","product":[{"productId":{"_id":"639c0393a1451a380fb3d961","thumbnail":"images/1672053985568.png"}}],"status":"Pending"},{"_id":"63a970f210509af708b226e0","orderId":"70430","placedOn":"2022-12-25T19:00:00.000Z","product":[{"productId":{"_id":"639c0393a1451a380fb3d961","thumbnail":"images/1672053985568.png"}}],"status":"Pending"},{"_id":"63a970ff10509af708b226ee","orderId":"26591","placedOn":"2022-12-25T19:00:00.000Z","product":[{"productId":{"_id":"639c0393a1451a380fb3d961","thumbnail":"images/1672053985568.png"}}],"status":"Pending"},{"_id":"63a9710810509af708b226fc","orderId":"97070","placedOn":"2022-12-25T19:00:00.000Z","product":[{"productId":{"_id":"639c0393a1451a380fb3d961","thumbnail":"images/1672053985568.png"}}],"status":"Pending"},{"_id":"63a97152d7755ca8ee324ce1","orderId":"56444","placedOn":"2022-12-25T19:00:00.000Z","product":[{"productId":{"_id":"639c0393a1451a380fb3d961","thumbnail":"images/1672053985568.png"}}],"status":"Pending"},{"_id":"63a979dd865f0dbe795a83df","orderId":"29863","placedOn":"2022-12-25T19:00:00.000Z","product":[{"productId":{"_id":"639c0393a1451a380fb3d961","thumbnail":"images/1672053985568.png"}}],"status":"Pending"},{"_id":"63a97aed865f0dbe795a83f1","orderId":"13850","placedOn":"2022-12-25T19:00:00.000Z","product":[{"productId":{"_id":"639bfeeea1451a380fb3d906","thumbnail":"images/1671167726780.png"}}],"status":"Pending"},{"_id":"63a97af9865f0dbe795a83fe","orderId":"80676","placedOn":"2022-12-25T19:00:00.000Z","product":[{"productId":{"_id":"639bfeeea1451a380fb3d906","thumbnail":"images/1671167726780.png"}}],"status":"Returned"},{"_id":"63a97b01865f0dbe795a840b","orderId":"21601","placedOn":"2022-12-25T19:00:00.000Z","product":[],"status":"Delivered"},{"_id":"63a97b08865f0dbe795a8418","orderId":"50720","placedOn":"2022-12-20T19:00:00.000Z","product":[{"productId":{"_id":"639bfeeea1451a380fb3d906","thumbnail":"images/1671167726780.png"}}],"status":"Delivered"},{"_id":"63b80e24151a6734964be6dc","orderId":"69028","placedOn":"2023-01-05T19:00:00.000Z","product":[{"productId":{"_id":"639bfeeea1451a380fb3d906","thumbnail":"images/1671167726780.png"}}],"status":"Pending"},{"_id":"63b80e3f151a6734964be6e9","orderId":"59776","placedOn":"2023-01-05T19:00:00.000Z","product":[{"productId":{"_id":"639bfeeea1451a380fb3d906","thumbnail":"images/1671167726780.png"}}],"status":"Pending"},{"_id":"63b80f65bf58b8a6f652733c","orderId":"02206","placedOn":"2023-01-05T19:00:00.000Z","product":[{"productId":{"_id":"639bfeeea1451a380fb3d906","thumbnail":"images/1671167726780.png"}}],"status":"Pending"}],"msg":"Customer Order History"},"service":"user-service","timestamp":"2023-01-26T13:12:23.480Z"}
{"level":"info","message":"{\"msg\":\"Customer Order History\",\"data\":[{\"_id\":\"63a94de6ce0b320edc1f2446\",\"product\":[{\"productId\":{\"_id\":\"639c0393a1451a380fb3d961\",\"thumbnail\":\"images/1672053985568.png\"}}],\"status\":\"Canceled\",\"orderId\":\"64269\",\"placedOn\":\"2022-12-26T07:31:49.847Z\"},{\"_id\":\"63a94e90c464d42d619636d7\",\"product\":[{\"productId\":{\"_id\":\"639c0393a1451a380fb3d961\",\"thumbnail\":\"images/1672053985568.png\"}}],\"status\":\"Delivered\",\"orderId\":\"92534\",\"placedOn\":\"2022-12-26T07:34:39.335Z\"},{\"_id\":\"63a94f03c464d42d619636e9\",\"product\":[{\"productId\":{\"_id\":\"639c0393a1451a380fb3d961\",\"thumbnail\":\"images/1672053985568.png\"}}],\"status\":\"Pending\",\"orderId\":\"86099\",\"placedOn\":\"2022-12-26T07:36:35.428Z\"},{\"_id\":\"63a94f0ec464d42d619636fb\",\"product\":[{\"productId\":{\"_id\":\"639c0393a1451a380fb3d961\",\"thumbnail\":\"images/1672053985568.png\"}}],\"status\":\"Pending\",\"orderId\":\"35981\",\"placedOn\":\"2022-12-26T07:36:45.533Z\"},{\"_id\":\"63a94f3bb83f6f08b871e701\",\"product\":[{\"productId\":{\"_id\":\"639c0393a1451a380fb3d961\",\"thumbnail\":\"images/1672053985568.png\"}}],\"status\":\"Pending\",\"orderId\":\"49408\",\"placedOn\":\"2022-12-26T07:37:30.345Z\"},{\"_id\":\"63a94f5ec4f2f07b7ff4fb06\",\"product\":[{\"productId\":{\"_id\":\"639c0393a1451a380fb3d961\",\"thumbnail\":\"images/1672053985568.png\"}}],\"status\":\"Pending\",\"orderId\":\"71859\",\"placedOn\":\"2022-12-26T07:38:05.512Z\"},{\"_id\":\"63a94fda163f7a28af7b7e3e\",\"product\":[{\"productId\":{\"_id\":\"639c0393a1451a380fb3d961\",\"thumbnail\":\"images/1672053985568.png\"}}],\"status\":\"Pending\",\"orderId\":\"67607\",\"placedOn\":\"2022-12-26T07:40:10.453Z\"},{\"_id\":\"63a9501dde966fabfe3ff320\",\"product\":[{\"productId\":{\"_id\":\"639c0393a1451a380fb3d961\",\"thumbnail\":\"images/1672053985568.png\"}}],\"status\":\"Pending\",\"orderId\":\"93350\",\"placedOn\":\"2022-12-26T07:41:16.627Z\"},{\"_id\":\"63a9682eb94a77cbdd5c46ad\",\"product\":[{\"productId\":{\"_id\":\"639c0393a1451a380fb3d961\",\"thumbnail\":\"images/1672053985568.png\"}}],\"status\":\"Pending\",\"orderId\":\"78857\",\"placedOn\":\"2022-12-26T09:23:58.545Z\"},{\"_id\":\"63a970e510509af708b226d2\",\"product\":[{\"productId\":{\"_id\":\"639c0393a1451a380fb3d961\",\"thumbnail\":\"images/1672053985568.png\"}}],\"status\":\"Pending\",\"orderId\":\"29706\",\"placedOn\":\"2022-12-25T19:00:00.000Z\"},{\"_id\":\"63a970f210509af708b226e0\",\"product\":[{\"productId\":{\"_id\":\"639c0393a1451a380fb3d961\",\"thumbnail\":\"images/1672053985568.png\"}}],\"status\":\"Pending\",\"orderId\":\"70430\",\"placedOn\":\"2022-12-25T19:00:00.000Z\"},{\"_id\":\"63a970ff10509af708b226ee\",\"product\":[{\"productId\":{\"_id\":\"639c0393a1451a380fb3d961\",\"thumbnail\":\"images/1672053985568.png\"}}],\"status\":\"Pending\",\"orderId\":\"26591\",\"placedOn\":\"2022-12-25T19:00:00.000Z\"},{\"_id\":\"63a9710810509af708b226fc\",\"product\":[{\"productId\":{\"_id\":\"639c0393a1451a380fb3d961\",\"thumbnail\":\"images/1672053985568.png\"}}],\"status\":\"Pending\",\"orderId\":\"97070\",\"placedOn\":\"2022-12-25T19:00:00.000Z\"},{\"_id\":\"63a97152d7755ca8ee324ce1\",\"product\":[{\"productId\":{\"_id\":\"639c0393a1451a380fb3d961\",\"thumbnail\":\"images/1672053985568.png\"}}],\"status\":\"Pending\",\"orderId\":\"56444\",\"placedOn\":\"2022-12-25T19:00:00.000Z\"},{\"_id\":\"63a979dd865f0dbe795a83df\",\"product\":[{\"productId\":{\"_id\":\"639c0393a1451a380fb3d961\",\"thumbnail\":\"images/1672053985568.png\"}}],\"status\":\"Pending\",\"orderId\":\"29863\",\"placedOn\":\"2022-12-25T19:00:00.000Z\"},{\"_id\":\"63a97aed865f0dbe795a83f1\",\"product\":[{\"productId\":{\"_id\":\"639bfeeea1451a380fb3d906\",\"thumbnail\":\"images/1671167726780.png\"}}],\"status\":\"Pending\",\"orderId\":\"13850\",\"placedOn\":\"2022-12-25T19:00:00.000Z\"},{\"_id\":\"63a97af9865f0dbe795a83fe\",\"product\":[{\"productId\":{\"_id\":\"639bfeeea1451a380fb3d906\",\"thumbnail\":\"images/1671167726780.png\"}}],\"status\":\"Returned\",\"orderId\":\"80676\",\"placedOn\":\"2022-12-25T19:00:00.000Z\"},{\"_id\":\"63a97b01865f0dbe795a840b\",\"product\":[],\"status\":\"Delivered\",\"orderId\":\"21601\",\"placedOn\":\"2022-12-25T19:00:00.000Z\"},{\"_id\":\"63a97b08865f0dbe795a8418\",\"product\":[{\"productId\":{\"_id\":\"639bfeeea1451a380fb3d906\",\"thumbnail\":\"images/1671167726780.png\"}}],\"status\":\"Delivered\",\"orderId\":\"50720\",\"placedOn\":\"2022-12-20T19:00:00.000Z\"},{\"_id\":\"63b80e24151a6734964be6dc\",\"product\":[{\"productId\":{\"_id\":\"639bfeeea1451a380fb3d906\",\"thumbnail\":\"images/1671167726780.png\"}}],\"status\":\"Pending\",\"orderId\":\"69028\",\"placedOn\":\"2023-01-05T19:00:00.000Z\"},{\"_id\":\"63b80e3f151a6734964be6e9\",\"product\":[{\"productId\":{\"_id\":\"639bfeeea1451a380fb3d906\",\"thumbnail\":\"images/1671167726780.png\"}}],\"status\":\"Pending\",\"orderId\":\"59776\",\"placedOn\":\"2023-01-05T19:00:00.000Z\"},{\"_id\":\"63b80f65bf58b8a6f652733c\",\"product\":[{\"productId\":{\"_id\":\"639bfeeea1451a380fb3d906\",\"thumbnail\":\"images/1671167726780.png\"}}],\"status\":\"Pending\",\"orderId\":\"02206\",\"placedOn\":\"2023-01-05T19:00:00.000Z\"}]}","service":"user-service","timestamp":"2023-01-26T13:12:23.492Z"}
{"level":"info","message":"Docs available at http://localhost:3006/docs","service":"user-service","timestamp":"2023-01-26T13:13:21.985Z"}
{"level":"info","message":"/api/v1/order/customerOrderHistory?customerId=63a2b0b8153cfe5f98a05aff","service":"user-service","timestamp":"2023-01-26T13:13:27.266Z"}
{"level":"info","message":{},"service":"user-service","timestamp":"2023-01-26T13:13:27.266Z"}
{"level":"info","message":{"data":[],"msg":"Customer Order History Not Found"},"service":"user-service","timestamp":"2023-01-26T13:13:27.416Z"}
{"level":"info","message":"{\"msg\":\"Customer Order History Not Found\",\"data\":[]}","service":"user-service","timestamp":"2023-01-26T13:13:27.418Z"}
{"level":"info","message":"Docs available at http://localhost:3006/docs","service":"user-service","timestamp":"2023-01-26T13:15:34.225Z"}
{"level":"info","message":"Docs available at http://localhost:3006/docs","service":"user-service","timestamp":"2023-01-26T13:15:44.133Z"}
{"level":"info","message":"Docs available at http://localhost:3006/docs","service":"user-service","timestamp":"2023-01-26T16:04:10.979Z"}
{"level":"info","message":"Docs available at http://localhost:3006/docs","service":"user-service","timestamp":"2023-01-26T16:04:45.820Z"}
{"level":"info","message":"/api/v1/order/customerOrderHistory?customerId=63a2b6255b3114b59034acda","service":"user-service","timestamp":"2023-01-26T16:05:10.526Z"}
{"level":"info","message":{},"service":"user-service","timestamp":"2023-01-26T16:05:10.526Z"}
{"level":"info","message":{"msg":"Cannot read properties of null (reading 'thumbnail')"},"service":"user-service","timestamp":"2023-01-26T16:05:15.100Z"}
{"level":"info","message":"{\"msg\":\"Cannot read properties of null (reading 'thumbnail')\"}","service":"user-service","timestamp":"2023-01-26T16:05:15.103Z"}
{"level":"info","message":"Docs available at http://localhost:3006/docs","service":"user-service","timestamp":"2023-01-26T16:07:13.799Z"}
{"level":"info","message":"/api/v1/order/customerOrderHistory?customerId=63a2b6255b3114b59034acda","service":"user-service","timestamp":"2023-01-26T16:07:18.307Z"}
{"level":"info","message":{},"service":"user-service","timestamp":"2023-01-26T16:07:18.308Z"}
{"level":"info","message":{"msg":"ObjectId is not defined"},"service":"user-service","timestamp":"2023-01-26T16:07:18.325Z"}
{"level":"info","message":"{\"msg\":\"ObjectId is not defined\"}","service":"user-service","timestamp":"2023-01-26T16:07:18.330Z"}
{"level":"info","message":"Docs available at http://localhost:3006/docs","service":"user-service","timestamp":"2023-01-26T16:08:05.612Z"}
{"level":"info","message":"/api/v1/order/customerOrderHistory?customerId=63a2b6255b3114b59034acda","service":"user-service","timestamp":"2023-01-26T16:08:25.327Z"}
{"level":"info","message":{},"service":"user-service","timestamp":"2023-01-26T16:08:25.327Z"}
{"level":"info","message":{"data":[{"_id":"63cf8384dc623530eac5b58e","orderId":"42537","placedOn":"2023-01-23T19:00:00.000Z","status":"Confirmed","thumbnail":"images/1671168915594.png"},{"_id":"63cfb762dc623530eac5bd09","orderId":"96163","placedOn":"2023-01-23T19:00:00.000Z","status":"Pending","thumbnail":"images/1671168915594.png"},{"_id":"63cfc96f69d516926264e5ca","orderId":"92442","placedOn":"2023-01-23T19:00:00.000Z","status":"Pending","thumbnail":"images/1673432032402.png"},{"_id":"63d0be0969d516926264f218","orderId":"71084","placedOn":"2023-01-24T19:00:00.000Z","status":"Pending","thumbnail":"images/1671168915594.png"},{"_id":"63d0c026ef26dfd5b8f7cac9","orderId":"45291","placedOn":"2023-01-24T19:00:00.000Z","status":"Delivered","thumbnail":"images/1671168915594.png"},{"_id":"63d0c7554cf7f8adfaeb47a8","orderId":"59191","placedOn":"2023-01-24T19:00:00.000Z","status":"Delivered","thumbnail":"images/1671168915594.png"},{"_id":"63d0c7c04cf7f8adfaeb47fb","orderId":"18458","placedOn":"2023-01-24T19:00:00.000Z","status":"Delivered","thumbnail":"images/1671168915594.png"},{"_id":"63d0c7d64cf7f8adfaeb4833","orderId":"73803","placedOn":"2023-01-24T19:00:00.000Z","status":"Delivered","thumbnail":"images/1671168915594.png"},{"_id":"63d0c7e74cf7f8adfaeb4850","orderId":"73591","placedOn":"2023-01-24T19:00:00.000Z","status":"Delivered","thumbnail":"images/1671168915594.png"},{"_id":"63d0c7fc4cf7f8adfaeb488a","orderId":"39450","placedOn":"2023-01-24T19:00:00.000Z","status":"Delivered","thumbnail":"images/1671168915594.png"},{"_id":"63d0cd494cf7f8adfaeb4b4c","orderId":"79024","placedOn":"2023-01-24T19:00:00.000Z","status":"Delivered","thumbnail":"images/1673956150524.png"},{"_id":"63d0d0354cf7f8adfaeb4d16","orderId":"76553","placedOn":"2023-01-24T19:00:00.000Z","status":"Delivered","thumbnail":"images/1673432032402.png"},{"_id":"63d0db0a4cf7f8adfaeb4fad","orderId":"21129","placedOn":"2023-01-24T19:00:00.000Z","status":"Pending","thumbnail":"images/1671168915594.png"}],"msg":"Customer Order History"},"service":"user-service","timestamp":"2023-01-26T16:09:07.449Z"}
{"level":"info","message":"{\"msg\":\"Customer Order History\",\"data\":[{\"_id\":\"63cf8384dc623530eac5b58e\",\"status\":\"Confirmed\",\"orderId\":\"42537\",\"placedOn\":\"2023-01-23T19:00:00.000Z\",\"thumbnail\":\"images/1671168915594.png\"},{\"_id\":\"63cfb762dc623530eac5bd09\",\"status\":\"Pending\",\"orderId\":\"96163\",\"placedOn\":\"2023-01-23T19:00:00.000Z\",\"thumbnail\":\"images/1671168915594.png\"},{\"_id\":\"63cfc96f69d516926264e5ca\",\"status\":\"Pending\",\"orderId\":\"92442\",\"placedOn\":\"2023-01-23T19:00:00.000Z\",\"thumbnail\":\"images/1673432032402.png\"},{\"_id\":\"63d0be0969d516926264f218\",\"status\":\"Pending\",\"orderId\":\"71084\",\"placedOn\":\"2023-01-24T19:00:00.000Z\",\"thumbnail\":\"images/1671168915594.png\"},{\"_id\":\"63d0c026ef26dfd5b8f7cac9\",\"status\":\"Delivered\",\"orderId\":\"45291\",\"placedOn\":\"2023-01-24T19:00:00.000Z\",\"thumbnail\":\"images/1671168915594.png\"},{\"_id\":\"63d0c7554cf7f8adfaeb47a8\",\"status\":\"Delivered\",\"orderId\":\"59191\",\"placedOn\":\"2023-01-24T19:00:00.000Z\",\"thumbnail\":\"images/1671168915594.png\"},{\"_id\":\"63d0c7c04cf7f8adfaeb47fb\",\"status\":\"Delivered\",\"orderId\":\"18458\",\"placedOn\":\"2023-01-24T19:00:00.000Z\",\"thumbnail\":\"images/1671168915594.png\"},{\"_id\":\"63d0c7d64cf7f8adfaeb4833\",\"status\":\"Delivered\",\"orderId\":\"73803\",\"placedOn\":\"2023-01-24T19:00:00.000Z\",\"thumbnail\":\"images/1671168915594.png\"},{\"_id\":\"63d0c7e74cf7f8adfaeb4850\",\"status\":\"Delivered\",\"orderId\":\"73591\",\"placedOn\":\"2023-01-24T19:00:00.000Z\",\"thumbnail\":\"images/1671168915594.png\"},{\"_id\":\"63d0c7fc4cf7f8adfaeb488a\",\"status\":\"Delivered\",\"orderId\":\"39450\",\"placedOn\":\"2023-01-24T19:00:00.000Z\",\"thumbnail\":\"images/1671168915594.png\"},{\"_id\":\"63d0cd494cf7f8adfaeb4b4c\",\"status\":\"Delivered\",\"orderId\":\"79024\",\"placedOn\":\"2023-01-24T19:00:00.000Z\",\"thumbnail\":\"images/1673956150524.png\"},{\"_id\":\"63d0d0354cf7f8adfaeb4d16\",\"status\":\"Delivered\",\"orderId\":\"76553\",\"placedOn\":\"2023-01-24T19:00:00.000Z\",\"thumbnail\":\"images/1673432032402.png\"},{\"_id\":\"63d0db0a4cf7f8adfaeb4fad\",\"status\":\"Pending\",\"orderId\":\"21129\",\"placedOn\":\"2023-01-24T19:00:00.000Z\",\"thumbnail\":\"images/1671168915594.png\"}]}","service":"user-service","timestamp":"2023-01-26T16:09:07.455Z"}
