{"level":"info","message":"Docs available at http://localhost:3006/docs","service":"user-service","timestamp":"2023-02-02T09:10:41.337Z"}
{"level":"info","message":"/api/v1/review/customerReviewDetails?reviewId=637f64d00c40a1a1c58bfb7a","service":"user-service","timestamp":"2023-02-02T09:11:02.153Z"}
{"level":"info","message":{},"service":"user-service","timestamp":"2023-02-02T09:11:02.154Z"}
{"level":"info","message":{"msg":"Review Not Found"},"service":"user-service","timestamp":"2023-02-02T09:11:02.325Z"}
{"level":"info","message":"{\"msg\":\"Review Not Found\"}","service":"user-service","timestamp":"2023-02-02T09:11:02.327Z"}
{"level":"info","message":"/api/v1/review/customerReviewDetails?reviewId=63b54f5202f44286bd102f1a","service":"user-service","timestamp":"2023-02-02T09:18:25.881Z"}
{"level":"info","message":{},"service":"user-service","timestamp":"2023-02-02T09:18:25.881Z"}
{"level":"info","message":{"msg":"Review Not Found"},"service":"user-service","timestamp":"2023-02-02T09:18:26.022Z"}
{"level":"info","message":"{\"msg\":\"Review Not Found\"}","service":"user-service","timestamp":"2023-02-02T09:18:26.023Z"}
{"level":"info","message":"Docs available at http://localhost:3006/docs","service":"user-service","timestamp":"2023-02-02T09:18:51.705Z"}
{"level":"info","message":"/api/v1/review/customerReviewDetails?reviewId=63b54f5202f44286bd102f1a","service":"user-service","timestamp":"2023-02-02T09:18:55.594Z"}
{"level":"info","message":{},"service":"user-service","timestamp":"2023-02-02T09:18:55.594Z"}
{"level":"info","message":{"data":{"_id":"63b54f5202f44286bd102f1a","comment":"<!DOCTYPE html PUBLIC \"-//W3C//DTD XHTML 1.0 Transitional//EN\"\r\n\"http://www.w3.org/TR/xhtml1/DTD/xhtml1-transitional.dtd\">\r\n    <html>\r\n    <head>\r\n    <meta http-equiv=\"content-type\" content=\"text/html;charset=UTF-8\" />\r\n        <title>...</title>\r\n    </head>\r\n    <body>\r\n        <div id=\"header\">...</div>\r\n        <div id=\"nav\">...</div>\r\n        <div id=\"article\">...</div>\r\n        <div id=\"footer\">...</div>\r\n    </body>\r\n    </html>","customerName":"fayyaz danish","images":["images/1672826706275.png"],"productName":"Sport Cap","rating":5},"msg":"Reviews"},"service":"user-service","timestamp":"2023-02-02T09:18:55.895Z"}
{"level":"info","message":"{\"msg\":\"Reviews\",\"data\":{\"_id\":\"63b54f5202f44286bd102f1a\",\"rating\":5,\"comment\":\"<!DOCTYPE html PUBLIC \\\"-//W3C//DTD XHTML 1.0 Transitional//EN\\\"\\r\\n\\\"http://www.w3.org/TR/xhtml1/DTD/xhtml1-transitional.dtd\\\">\\r\\n    <html>\\r\\n    <head>\\r\\n    <meta http-equiv=\\\"content-type\\\" content=\\\"text/html;charset=UTF-8\\\" />\\r\\n        <title>...</title>\\r\\n    </head>\\r\\n    <body>\\r\\n        <div id=\\\"header\\\">...</div>\\r\\n        <div id=\\\"nav\\\">...</div>\\r\\n        <div id=\\\"article\\\">...</div>\\r\\n        <div id=\\\"footer\\\">...</div>\\r\\n    </body>\\r\\n    </html>\",\"images\":[\"images/1672826706275.png\"],\"customerName\":\"fayyaz danish\",\"productName\":\"Sport Cap\"}}","service":"user-service","timestamp":"2023-02-02T09:18:55.897Z"}
{"level":"info","message":"Docs available at http://localhost:3006/docs","service":"user-service","timestamp":"2023-02-02T09:33:32.425Z"}
{"level":"info","message":"/api/v1/review/customerReviewDetails?reviewId=63b54f5202f44286bd102f1a","service":"user-service","timestamp":"2023-02-02T09:33:38.420Z"}
{"level":"info","message":{},"service":"user-service","timestamp":"2023-02-02T09:33:38.421Z"}
{"level":"info","message":{"data":[{"_id":"63b54f5202f44286bd102f1a","comment":"<!DOCTYPE html PUBLIC \"-//W3C//DTD XHTML 1.0 Transitional//EN\"\r\n\"http://www.w3.org/TR/xhtml1/DTD/xhtml1-transitional.dtd\">\r\n    <html>\r\n    <head>\r\n    <meta http-equiv=\"content-type\" content=\"text/html;charset=UTF-8\" />\r\n        <title>...</title>\r\n    </head>\r\n    <body>\r\n        <div id=\"header\">...</div>\r\n        <div id=\"nav\">...</div>\r\n        <div id=\"article\">...</div>\r\n        <div id=\"footer\">...</div>\r\n    </body>\r\n    </html>","customerName":"fayyaz danish","images":["images/1672826706275.png"],"productName":"Sport Cap","rating":5}],"msg":"Reviews"},"service":"user-service","timestamp":"2023-02-02T09:33:38.572Z"}
{"level":"info","message":"{\"msg\":\"Reviews\",\"data\":[{\"_id\":\"63b54f5202f44286bd102f1a\",\"rating\":5,\"comment\":\"<!DOCTYPE html PUBLIC \\\"-//W3C//DTD XHTML 1.0 Transitional//EN\\\"\\r\\n\\\"http://www.w3.org/TR/xhtml1/DTD/xhtml1-transitional.dtd\\\">\\r\\n    <html>\\r\\n    <head>\\r\\n    <meta http-equiv=\\\"content-type\\\" content=\\\"text/html;charset=UTF-8\\\" />\\r\\n        <title>...</title>\\r\\n    </head>\\r\\n    <body>\\r\\n        <div id=\\\"header\\\">...</div>\\r\\n        <div id=\\\"nav\\\">...</div>\\r\\n        <div id=\\\"article\\\">...</div>\\r\\n        <div id=\\\"footer\\\">...</div>\\r\\n    </body>\\r\\n    </html>\",\"images\":[\"images/1672826706275.png\"],\"customerName\":\"fayyaz danish\",\"productName\":\"Sport Cap\"}]}","service":"user-service","timestamp":"2023-02-02T09:33:38.575Z"}
{"level":"info","message":"Docs available at http://localhost:3006/docs","service":"user-service","timestamp":"2023-02-02T09:34:52.320Z"}
{"level":"info","message":"/api/v1/review/customerReviewDetails?reviewId=63b54f5202f44286bd102f1a","service":"user-service","timestamp":"2023-02-02T09:34:54.539Z"}
{"level":"info","message":{},"service":"user-service","timestamp":"2023-02-02T09:34:54.539Z"}
{"level":"info","message":{"data":{"_id":"63b54f5202f44286bd102f1a","comment":"<!DOCTYPE html PUBLIC \"-//W3C//DTD XHTML 1.0 Transitional//EN\"\r\n\"http://www.w3.org/TR/xhtml1/DTD/xhtml1-transitional.dtd\">\r\n    <html>\r\n    <head>\r\n    <meta http-equiv=\"content-type\" content=\"text/html;charset=UTF-8\" />\r\n        <title>...</title>\r\n    </head>\r\n    <body>\r\n        <div id=\"header\">...</div>\r\n        <div id=\"nav\">...</div>\r\n        <div id=\"article\">...</div>\r\n        <div id=\"footer\">...</div>\r\n    </body>\r\n    </html>","customerName":"fayyaz danish","images":["images/1672826706275.png"],"productName":"Sport Cap","rating":5},"msg":"Reviews"},"service":"user-service","timestamp":"2023-02-02T09:34:55.244Z"}
{"level":"info","message":"{\"msg\":\"Reviews\",\"data\":{\"_id\":\"63b54f5202f44286bd102f1a\",\"rating\":5,\"comment\":\"<!DOCTYPE html PUBLIC \\\"-//W3C//DTD XHTML 1.0 Transitional//EN\\\"\\r\\n\\\"http://www.w3.org/TR/xhtml1/DTD/xhtml1-transitional.dtd\\\">\\r\\n    <html>\\r\\n    <head>\\r\\n    <meta http-equiv=\\\"content-type\\\" content=\\\"text/html;charset=UTF-8\\\" />\\r\\n        <title>...</title>\\r\\n    </head>\\r\\n    <body>\\r\\n        <div id=\\\"header\\\">...</div>\\r\\n        <div id=\\\"nav\\\">...</div>\\r\\n        <div id=\\\"article\\\">...</div>\\r\\n        <div id=\\\"footer\\\">...</div>\\r\\n    </body>\\r\\n    </html>\",\"images\":[\"images/1672826706275.png\"],\"customerName\":\"fayyaz danish\",\"productName\":\"Sport Cap\"}}","service":"user-service","timestamp":"2023-02-02T09:34:55.245Z"}
{"level":"info","message":"Docs available at http://localhost:3006/docs","service":"user-service","timestamp":"2023-02-02T09:42:02.835Z"}
{"level":"info","message":"Docs available at http://localhost:3006/docs","service":"user-service","timestamp":"2023-02-02T10:01:24.418Z"}
{"level":"info","message":"Docs available at http://localhost:3006/docs","service":"user-service","timestamp":"2023-02-02T10:01:59.753Z"}
{"level":"info","message":"Docs available at http://localhost:3006/docs","service":"user-service","timestamp":"2023-02-02T12:57:01.653Z"}
{"level":"info","message":"Docs available at http://localhost:3006/docs","service":"user-service","timestamp":"2023-02-02T12:57:31.281Z"}
{"level":"info","message":"/api/v1/order/","service":"user-service","timestamp":"2023-02-02T12:57:39.063Z"}
{"level":"info","message":{"address":"Gulberg","channel":"Web View","contact":"03074149786","couponCode":"","customer":"63a45415bfb9c56c1f94d45d","paymentMode":"zindigi","product":[{"price":900,"productId":"639bfeeea1451a380fb3d906","quantity":1,"size":"","sku":"P-217200ml"}],"redeemValue":150,"totalAmount":550,"totalBill":"5"},"service":"user-service","timestamp":"2023-02-02T12:57:39.064Z"}
{"level":"info","message":"connect ETIMEDOUT 10.0.6.171:7070","service":"user-service","timestamp":"2023-02-02T12:58:00.552Z"}
{"level":"info","message":"Docs available at http://localhost:3006/docs","service":"user-service","timestamp":"2023-02-02T12:58:56.233Z"}
{"level":"info","message":"/api/v1/order/","service":"user-service","timestamp":"2023-02-02T12:59:15.064Z"}
{"level":"info","message":{"address":"Gulberg","channel":"Web View","contact":"03074149786","couponCode":"","customer":"63a45415bfb9c56c1f94d45d","paymentMode":"zindigi","product":[{"price":900,"productId":"639bfeeea1451a380fb3d906","quantity":1,"size":"","sku":"P-217200ml"}],"redeemValue":150,"totalAmount":550,"totalBill":"5"},"service":"user-service","timestamp":"2023-02-02T12:59:15.065Z"}
{"level":"info","message":"connect ETIMEDOUT 10.0.6.171:7070","service":"user-service","timestamp":"2023-02-02T12:59:36.586Z"}
{"level":"info","message":"Docs available at http://localhost:3006/docs","service":"user-service","timestamp":"2023-02-02T12:59:59.023Z"}
{"level":"info","message":"/api/v1/order/","service":"user-service","timestamp":"2023-02-02T13:00:04.080Z"}
{"level":"info","message":{"address":"Gulberg","channel":"Web View","contact":"03074149786","couponCode":"","customer":"63a45415bfb9c56c1f94d45d","paymentMode":"zindigi","product":[{"price":900,"productId":"639bfeeea1451a380fb3d906","quantity":1,"size":"","sku":"P-217200ml"}],"redeemValue":150,"totalAmount":550,"totalBill":"5"},"service":"user-service","timestamp":"2023-02-02T13:00:04.081Z"}
{"level":"info","message":"zindigiPymentResult is not defined","service":"user-service","timestamp":"2023-02-02T13:00:04.295Z"}
{"level":"info","message":"Docs available at http://localhost:3006/docs","service":"user-service","timestamp":"2023-02-02T13:00:32.172Z"}
{"level":"info","message":"/api/v1/order/","service":"user-service","timestamp":"2023-02-02T13:00:37.780Z"}
{"level":"info","message":{"address":"Gulberg","channel":"Web View","contact":"03074149786","couponCode":"","customer":"63a45415bfb9c56c1f94d45d","paymentMode":"zindigi","product":[{"price":900,"productId":"639bfeeea1451a380fb3d906","quantity":1,"size":"","sku":"P-217200ml"}],"redeemValue":150,"totalAmount":550,"totalBill":"5"},"service":"user-service","timestamp":"2023-02-02T13:00:37.780Z"}
{"level":"info","message":{},"service":"user-service","timestamp":"2023-02-02T13:00:37.998Z"}
{"level":"info","message":"{}","service":"user-service","timestamp":"2023-02-02T13:00:38.000Z"}
{"level":"info","message":"Docs available at http://localhost:3006/docs","service":"user-service","timestamp":"2023-02-02T13:00:57.158Z"}
{"level":"info","message":"Docs available at http://localhost:3006/docs","service":"user-service","timestamp":"2023-02-02T13:01:29.648Z"}
{"level":"info","message":"/api/v1/order/","service":"user-service","timestamp":"2023-02-02T13:01:33.800Z"}
{"level":"info","message":{"address":"Gulberg","channel":"Web View","contact":"03074149786","couponCode":"","customer":"63a45415bfb9c56c1f94d45d","paymentMode":"zindigi","product":[{"price":900,"productId":"639bfeeea1451a380fb3d906","quantity":1,"size":"","sku":"P-217200ml"}],"redeemValue":150,"totalAmount":550,"totalBill":"5"},"service":"user-service","timestamp":"2023-02-02T13:01:33.800Z"}
{"level":"info","message":{},"service":"user-service","timestamp":"2023-02-02T13:01:34.021Z"}
{"level":"info","message":"{}","service":"user-service","timestamp":"2023-02-02T13:01:34.023Z"}
{"level":"info","message":"Docs available at http://localhost:3006/docs","service":"user-service","timestamp":"2023-02-02T13:02:05.022Z"}
{"level":"info","message":"Docs available at http://localhost:3006/docs","service":"user-service","timestamp":"2023-02-02T13:02:16.542Z"}
{"level":"info","message":"Docs available at http://localhost:3006/docs","service":"user-service","timestamp":"2023-02-02T13:02:27.134Z"}
