{"level":"info","message":"Docs available at http://localhost:3006/docs","service":"user-service","timestamp":"2023-02-03T04:47:36.674Z"}
{"level":"info","message":"/api/v1/order/","service":"user-service","timestamp":"2023-02-03T04:47:40.171Z"}
{"level":"info","message":{"address":"Gulberg","channel":"Web View","contact":"03074149786","couponCode":"","customer":"63a45415bfb9c56c1f94d45d","paymentMode":"zindigi","product":[{"price":900,"productId":"639bfeeea1451a380fb3d906","quantity":1,"size":"","sku":"P-217200ml"}],"redeemValue":150,"totalAmount":550,"totalBill":"5"},"service":"user-service","timestamp":"2023-02-03T04:47:40.171Z"}
{"level":"info","message":"connect ETIMEDOUT 10.0.6.171:7070","service":"user-service","timestamp":"2023-02-03T04:48:01.576Z"}
{"level":"info","message":"Docs available at http://localhost:3006/docs","service":"user-service","timestamp":"2023-02-03T04:49:19.868Z"}
{"level":"info","message":"/api/v1/order/","service":"user-service","timestamp":"2023-02-03T04:49:25.311Z"}
{"level":"info","message":{"address":"Gulberg","channel":"Web View","contact":"03074149786","couponCode":"","customer":"63a45415bfb9c56c1f94d45d","paymentMode":"zindigi","product":[{"price":900,"productId":"639bfeeea1451a380fb3d906","quantity":1,"size":"","sku":"P-217200ml"}],"redeemValue":150,"totalAmount":550,"totalBill":"5"},"service":"user-service","timestamp":"2023-02-03T04:49:25.311Z"}
{"level":"info","message":"Docs available at http://localhost:3006/docs","service":"user-service","timestamp":"2023-02-03T04:50:58.716Z"}
{"level":"info","message":"/api/v1/order/","service":"user-service","timestamp":"2023-02-03T04:51:17.260Z"}
{"level":"info","message":{"address":"Gulberg","channel":"Web View","contact":"03074149786","couponCode":"00","customer":"63a45415bfb9c56c1f94d45d","paymentMode":"zindigi","product":[{"price":900,"productId":"639bfeeea1451a380fb3d906","quantity":1,"size":"","sku":"P-217200ml"}],"redeemValue":150,"totalAmount":550,"totalBill":"5"},"service":"user-service","timestamp":"2023-02-03T04:51:17.261Z"}
{"level":"info","message":"Request failed with status code 400","service":"user-service","timestamp":"2023-02-03T04:51:22.192Z"}
{"level":"info","message":"Docs available at http://localhost:3006/docs","service":"user-service","timestamp":"2023-02-03T04:53:51.617Z"}
{"level":"info","message":"/api/v1/order/","service":"user-service","timestamp":"2023-02-03T04:53:55.341Z"}
{"level":"info","message":{"address":"Gulberg","channel":"Web View","contact":"03074149786","couponCode":"00","customer":"63a45415bfb9c56c1f94d45d","paymentMode":"zindigi","product":[{"price":900,"productId":"639bfeeea1451a380fb3d906","quantity":1,"size":"","sku":"P-217200ml"}],"redeemValue":150,"totalAmount":550,"totalBill":"5"},"service":"user-service","timestamp":"2023-02-03T04:53:55.342Z"}
{"level":"info","message":"Request failed with status code 400","service":"user-service","timestamp":"2023-02-03T04:54:00.336Z"}
{"level":"info","message":"Docs available at http://localhost:3006/docs","service":"user-service","timestamp":"2023-02-03T04:54:16.187Z"}
{"level":"info","message":"Docs available at http://localhost:3006/docs","service":"user-service","timestamp":"2023-02-03T04:54:57.968Z"}
{"level":"info","message":"/api/v1/order/","service":"user-service","timestamp":"2023-02-03T04:55:00.370Z"}
{"level":"info","message":{"address":"Gulberg","channel":"Web View","contact":"03074149786","couponCode":"00","customer":"63a45415bfb9c56c1f94d45d","paymentMode":"zindigi","product":[{"price":900,"productId":"639bfeeea1451a380fb3d906","quantity":1,"size":"","sku":"P-217200ml"}],"redeemValue":150,"totalAmount":550,"totalBill":"5"},"service":"user-service","timestamp":"2023-02-03T04:55:00.370Z"}
{"level":"info","message":"Request failed with status code 400","service":"user-service","timestamp":"2023-02-03T04:55:05.592Z"}
{"level":"info","message":"Docs available at http://localhost:3006/docs","service":"user-service","timestamp":"2023-02-03T04:55:14.955Z"}
{"level":"info","message":"Docs available at http://localhost:3006/docs","service":"user-service","timestamp":"2023-02-03T04:56:22.905Z"}
{"level":"info","message":"/api/v1/order/","service":"user-service","timestamp":"2023-02-03T04:56:28.738Z"}
{"level":"info","message":{"address":"Gulberg","channel":"Web View","contact":"03074149786","couponCode":"00","customer":"63a45415bfb9c56c1f94d45d","paymentMode":"zindigi","product":[{"price":900,"productId":"639bfeeea1451a380fb3d906","quantity":1,"size":"","sku":"P-217200ml"}],"redeemValue":150,"totalAmount":550,"totalBill":"5"},"service":"user-service","timestamp":"2023-02-03T04:56:28.738Z"}
{"level":"info","message":"Request failed with status code 400","service":"user-service","timestamp":"2023-02-03T04:56:33.494Z"}
{"level":"info","message":"Docs available at http://localhost:3006/docs","service":"user-service","timestamp":"2023-02-03T04:56:45.854Z"}
{"level":"info","message":"Docs available at http://localhost:3006/docs","service":"user-service","timestamp":"2023-02-03T04:56:53.500Z"}
{"level":"info","message":"/api/v1/order/","service":"user-service","timestamp":"2023-02-03T04:56:57.055Z"}
{"level":"info","message":{"address":"Gulberg","channel":"Web View","contact":"03074149786","couponCode":"00","customer":"63a45415bfb9c56c1f94d45d","paymentMode":"zindigi","product":[{"price":900,"productId":"639bfeeea1451a380fb3d906","quantity":1,"size":"","sku":"P-217200ml"}],"redeemValue":150,"totalAmount":550,"totalBill":"5"},"service":"user-service","timestamp":"2023-02-03T04:56:57.055Z"}
{"level":"info","message":"Request failed with status code 400","service":"user-service","timestamp":"2023-02-03T04:57:01.937Z"}
{"level":"info","message":"Docs available at http://localhost:3006/docs","service":"user-service","timestamp":"2023-02-03T04:57:15.072Z"}
{"level":"info","message":"Docs available at http://localhost:3006/docs","service":"user-service","timestamp":"2023-02-03T04:57:42.424Z"}
{"level":"info","message":"/api/v1/order/","service":"user-service","timestamp":"2023-02-03T04:57:46.325Z"}
{"level":"info","message":{"address":"Gulberg","channel":"Web View","contact":"03074149786","couponCode":"00","customer":"63a45415bfb9c56c1f94d45d","paymentMode":"zindigi","product":[{"price":900,"productId":"639bfeeea1451a380fb3d906","quantity":1,"size":"","sku":"P-217200ml"}],"redeemValue":150,"totalAmount":550,"totalBill":"5"},"service":"user-service","timestamp":"2023-02-03T04:57:46.326Z"}
{"level":"info","message":"zindigiPymentResult is not defined","service":"user-service","timestamp":"2023-02-03T04:57:50.483Z"}
{"level":"info","message":"Docs available at http://localhost:3006/docs","service":"user-service","timestamp":"2023-02-03T04:58:56.551Z"}
{"level":"info","message":"Docs available at http://localhost:3006/docs","service":"user-service","timestamp":"2023-02-03T04:59:11.776Z"}
{"level":"info","message":"Docs available at http://localhost:3006/docs","service":"user-service","timestamp":"2023-02-03T05:00:01.112Z"}
{"level":"info","message":"Docs available at http://localhost:3006/docs","service":"user-service","timestamp":"2023-02-03T05:00:33.574Z"}
{"level":"info","message":"/api/v1/order/","service":"user-service","timestamp":"2023-02-03T05:00:42.858Z"}
{"level":"info","message":{"address":"Gulberg","channel":"Web View","contact":"03074149786","couponCode":"00","customer":"63a45415bfb9c56c1f94d45d","paymentMode":"zindigi","product":[{"price":900,"productId":"639bfeeea1451a380fb3d906","quantity":1,"size":"","sku":"P-217200ml"}],"redeemValue":150,"totalAmount":550,"totalBill":"5"},"service":"user-service","timestamp":"2023-02-03T05:00:42.858Z"}
{"level":"info","message":{"data":{"_id":"63dc94fb3a933b9422758544","orderId":"71868","trackingId":"ZStore-90651"},"msg":"Order Placed Successfully."},"service":"user-service","timestamp":"2023-02-03T05:00:47.284Z"}
{"level":"info","message":"{\"msg\":\"Order Placed Successfully.\",\"data\":{\"_id\":\"63dc94fb3a933b9422758544\",\"trackingId\":\"ZStore-90651\",\"orderId\":\"71868\"}}","service":"user-service","timestamp":"2023-02-03T05:00:47.286Z"}
{"level":"info","message":"Docs available at http://localhost:3006/docs","service":"user-service","timestamp":"2023-02-03T05:02:58.028Z"}
{"level":"info","message":"/api/v1/order/","service":"user-service","timestamp":"2023-02-03T05:03:01.229Z"}
{"level":"info","message":{"address":"Gulberg","channel":"Web View","contact":"03074149786","couponCode":"00","customer":"63a45415bfb9c56c1f94d45d","paymentMode":"zindigi","product":[{"price":900,"productId":"639bfeeea1451a380fb3d906","quantity":1,"size":"","sku":"P-217200ml"}],"redeemValue":150,"totalAmount":550,"totalBill":"5"},"service":"user-service","timestamp":"2023-02-03T05:03:01.229Z"}
{"level":"info","message":{"data":{"_id":"63dc958558dd5469b08cc90c","orderId":"23738","trackingId":"ZStore-56490"},"msg":"Order Placed Successfully."},"service":"user-service","timestamp":"2023-02-03T05:03:13.875Z"}
{"level":"info","message":"{\"msg\":\"Order Placed Successfully.\",\"data\":{\"_id\":\"63dc958558dd5469b08cc90c\",\"trackingId\":\"ZStore-56490\",\"orderId\":\"23738\"}}","service":"user-service","timestamp":"2023-02-03T05:03:13.877Z"}
{"level":"info","message":"Docs available at http://localhost:3006/docs","service":"user-service","timestamp":"2023-02-03T05:03:47.933Z"}
{"level":"info","message":"Docs available at http://localhost:3006/docs","service":"user-service","timestamp":"2023-02-03T05:04:24.986Z"}
{"level":"info","message":"Docs available at http://localhost:3006/docs","service":"user-service","timestamp":"2023-02-03T05:04:59.771Z"}
{"level":"info","message":"/api/v1/order/","service":"user-service","timestamp":"2023-02-03T05:05:07.467Z"}
{"level":"info","message":{"address":"Gulberg","channel":"Web View","contact":"03074149786","couponCode":"00","customer":"63a45415bfb9c56c1f94d45d","paymentMode":"zindigi","product":[{"price":900,"productId":"639bfeeea1451a380fb3d906","quantity":1,"size":"","sku":"P-217200ml"}],"redeemValue":150,"totalAmount":550,"totalBill":"5"},"service":"user-service","timestamp":"2023-02-03T05:05:07.467Z"}
{"level":"info","message":{"data":{"_id":"63dc960348bd676bdeecaad6","orderId":"33124","trackingId":"ZStore-15565"},"msg":"Order Placed Successfully."},"service":"user-service","timestamp":"2023-02-03T05:05:17.951Z"}
{"level":"info","message":"{\"msg\":\"Order Placed Successfully.\",\"data\":{\"_id\":\"63dc960348bd676bdeecaad6\",\"trackingId\":\"ZStore-15565\",\"orderId\":\"33124\"}}","service":"user-service","timestamp":"2023-02-03T05:05:17.952Z"}
{"level":"info","message":"Docs available at http://localhost:3006/docs","service":"user-service","timestamp":"2023-02-03T05:05:45.469Z"}
{"level":"info","message":"Docs available at http://localhost:3006/docs","service":"user-service","timestamp":"2023-02-03T06:22:56.241Z"}
{"level":"info","message":"Docs available at http://localhost:3006/docs","service":"user-service","timestamp":"2023-02-03T06:23:17.349Z"}
{"level":"info","message":"Docs available at http://localhost:3006/docs","service":"user-service","timestamp":"2023-02-03T06:25:34.824Z"}
{"level":"info","message":"Docs available at http://localhost:3006/docs","service":"user-service","timestamp":"2023-02-03T06:26:54.570Z"}
{"level":"info","message":"/api/v1/zindigiWallet/payment","service":"user-service","timestamp":"2023-02-03T06:27:11.082Z"}
{"level":"info","message":{"amount":5,"otp":"33611","userId":"63a45415bfb9c56c1f94d45d"},"service":"user-service","timestamp":"2023-02-03T06:27:11.083Z"}
{"level":"info","message":{"msg":"connect ETIMEDOUT 10.0.6.171:7070"},"service":"user-service","timestamp":"2023-02-03T06:27:33.016Z"}
{"level":"info","message":"{\"msg\":\"connect ETIMEDOUT 10.0.6.171:7070\"}","service":"user-service","timestamp":"2023-02-03T06:27:33.017Z"}
{"level":"info","message":"/api/v1/order/","service":"user-service","timestamp":"2023-02-03T06:27:51.227Z"}
{"level":"info","message":{"address":"Gulberg","channel":"Web View","contact":"03074149786","couponCode":"00","customer":"63a45415bfb9c56c1f94d45d","paymentMode":"zindigi","product":[{"price":900,"productId":"639bfeeea1451a380fb3d906","quantity":1,"size":"","sku":"P-217200ml"}],"redeemValue":150,"totalAmount":550,"totalBill":"5"},"service":"user-service","timestamp":"2023-02-03T06:27:51.227Z"}
{"level":"info","message":"createHash is not defined","service":"user-service","timestamp":"2023-02-03T06:27:51.453Z"}
{"level":"info","message":"Docs available at http://localhost:3006/docs","service":"user-service","timestamp":"2023-02-03T06:28:56.273Z"}
{"level":"info","message":"/api/v1/order/","service":"user-service","timestamp":"2023-02-03T06:29:00.553Z"}
{"level":"info","message":{"address":"Gulberg","channel":"Web View","contact":"03074149786","couponCode":"00","customer":"63a45415bfb9c56c1f94d45d","paymentMode":"zindigi","product":[{"price":900,"productId":"639bfeeea1451a380fb3d906","quantity":1,"size":"","sku":"P-217200ml"}],"redeemValue":150,"totalAmount":550,"totalBill":"5"},"service":"user-service","timestamp":"2023-02-03T06:29:00.554Z"}
{"level":"info","message":"connect ETIMEDOUT 10.0.6.171:7070","service":"user-service","timestamp":"2023-02-03T06:29:22.152Z"}
{"level":"info","message":"Docs available at http://localhost:3006/docs","service":"user-service","timestamp":"2023-02-03T07:08:19.614Z"}
{"level":"info","message":"Docs available at http://localhost:3006/docs","service":"user-service","timestamp":"2023-02-03T07:20:25.947Z"}
{"level":"info","message":"Docs available at http://localhost:3006/docs","service":"user-service","timestamp":"2023-02-03T07:20:37.315Z"}
{"level":"info","message":"Docs available at http://localhost:3006/docs","service":"user-service","timestamp":"2023-02-03T12:16:34.878Z"}
