{"level":"info","message":"Docs available at http://localhost:3006/docs","service":"user-service","timestamp":"2023-02-01T06:10:56.941Z"}
{"level":"info","message":"Docs available at http://localhost:3006/docs","service":"user-service","timestamp":"2023-02-01T06:14:49.489Z"}
{"level":"info","message":"Docs available at http://localhost:3006/docs","service":"user-service","timestamp":"2023-02-01T06:14:58.500Z"}
{"level":"info","message":"Docs available at http://localhost:3006/docs","service":"user-service","timestamp":"2023-02-01T06:15:09.716Z"}
{"level":"info","message":"Docs available at http://localhost:3006/docs","service":"user-service","timestamp":"2023-02-01T06:15:34.861Z"}
{"level":"info","message":"Docs available at http://localhost:3006/docs","service":"user-service","timestamp":"2023-02-01T06:15:40.978Z"}
{"level":"info","message":"Docs available at http://localhost:3006/docs","service":"user-service","timestamp":"2023-02-01T06:16:42.491Z"}
{"level":"info","message":"Docs available at http://localhost:3006/docs","service":"user-service","timestamp":"2023-02-01T06:17:09.795Z"}
{"level":"info","message":"Docs available at http://localhost:3006/docs","service":"user-service","timestamp":"2023-02-01T06:18:20.091Z"}
{"level":"info","message":"Docs available at http://localhost:3006/docs","service":"user-service","timestamp":"2023-02-01T06:18:44.491Z"}
{"level":"info","message":"Docs available at http://localhost:3006/docs","service":"user-service","timestamp":"2023-02-01T06:19:00.119Z"}
{"level":"info","message":"Docs available at http://localhost:3006/docs","service":"user-service","timestamp":"2023-02-01T06:19:26.558Z"}
{"level":"info","message":"Docs available at http://localhost:3006/docs","service":"user-service","timestamp":"2023-02-01T06:19:46.283Z"}
{"level":"info","message":"Docs available at http://localhost:3006/docs","service":"user-service","timestamp":"2023-02-01T06:20:59.697Z"}
{"level":"info","message":"Docs available at http://localhost:3006/docs","service":"user-service","timestamp":"2023-02-01T06:21:24.491Z"}
{"level":"info","message":"Docs available at http://localhost:3006/docs","service":"user-service","timestamp":"2023-02-01T06:21:36.904Z"}
{"level":"info","message":"Docs available at http://localhost:3006/docs","service":"user-service","timestamp":"2023-02-01T06:22:00.309Z"}
{"level":"info","message":"Docs available at http://localhost:3006/docs","service":"user-service","timestamp":"2023-02-01T06:22:08.298Z"}
{"level":"info","message":"Docs available at http://localhost:3006/docs","service":"user-service","timestamp":"2023-02-01T06:22:36.227Z"}
{"level":"info","message":"Docs available at http://localhost:3006/docs","service":"user-service","timestamp":"2023-02-01T06:22:45.711Z"}
{"level":"info","message":"Docs available at http://localhost:3006/docs","service":"user-service","timestamp":"2023-02-01T06:50:50.073Z"}
{"level":"info","message":"Docs available at http://localhost:3006/docs","service":"user-service","timestamp":"2023-02-01T06:51:27.647Z"}
{"level":"info","message":"/api/v1/category/","service":"user-service","timestamp":"2023-02-01T06:52:13.552Z"}
{"level":"info","message":{"categoryId":"63a286cf85a90af92b260677"},"service":"user-service","timestamp":"2023-02-01T06:52:13.552Z"}
{"level":"info","message":{"msg":"This category linked with subcategory or  product!"},"service":"user-service","timestamp":"2023-02-01T06:52:14.261Z"}
{"level":"info","message":"{\"msg\":\"This category linked with subcategory or  product!\"}","service":"user-service","timestamp":"2023-02-01T06:52:14.262Z"}
{"level":"info","message":"/api/v1/category/","service":"user-service","timestamp":"2023-02-01T06:52:38.810Z"}
{"level":"info","message":{"categoryId":"63a286cf85a90af92b260675"},"service":"user-service","timestamp":"2023-02-01T06:52:38.810Z"}
{"level":"info","message":{"msg":"ID Not found"},"service":"user-service","timestamp":"2023-02-01T06:52:39.311Z"}
{"level":"info","message":"{\"msg\":\"ID Not found\"}","service":"user-service","timestamp":"2023-02-01T06:52:39.312Z"}
{"level":"info","message":"Docs available at http://localhost:3006/docs","service":"user-service","timestamp":"2023-02-01T06:53:29.444Z"}
{"level":"info","message":"/api/v1/subcategory/","service":"user-service","timestamp":"2023-02-01T06:53:32.501Z"}
{"level":"info","message":{"subcategoryId":"63a2878785a90af92b260681"},"service":"user-service","timestamp":"2023-02-01T06:53:32.501Z"}
{"level":"info","message":{"msg":"categoryId is not defined"},"service":"user-service","timestamp":"2023-02-01T06:53:32.508Z"}
{"level":"info","message":"{\"msg\":\"categoryId is not defined\"}","service":"user-service","timestamp":"2023-02-01T06:53:32.508Z"}
{"level":"info","message":"Docs available at http://localhost:3006/docs","service":"user-service","timestamp":"2023-02-01T06:53:53.106Z"}
{"level":"info","message":"/api/v1/subcategory/","service":"user-service","timestamp":"2023-02-01T06:53:55.916Z"}
{"level":"info","message":{"subcategoryId":"63a2878785a90af92b260681"},"service":"user-service","timestamp":"2023-02-01T06:53:55.917Z"}
{"level":"info","message":{"data":{"acknowledged":true,"deletedCount":1},"msg":"subCategory deleted."},"service":"user-service","timestamp":"2023-02-01T06:53:56.157Z"}
{"level":"info","message":"{\"msg\":\"subCategory deleted.\",\"data\":{\"acknowledged\":true,\"deletedCount\":1}}","service":"user-service","timestamp":"2023-02-01T06:53:56.159Z"}
{"level":"info","message":"/api/v1/subcategory/","service":"user-service","timestamp":"2023-02-01T06:56:31.209Z"}
{"level":"info","message":{"subcategoryId":"63a2878785a90af92b260681"},"service":"user-service","timestamp":"2023-02-01T06:56:31.209Z"}
{"level":"info","message":{"msg":"ID Not found"},"service":"user-service","timestamp":"2023-02-01T06:56:31.440Z"}
{"level":"info","message":"{\"msg\":\"ID Not found\"}","service":"user-service","timestamp":"2023-02-01T06:56:31.441Z"}
{"level":"info","message":"/api/v1/subcategory/","service":"user-service","timestamp":"2023-02-01T06:57:12.154Z"}
{"level":"info","message":{"subcategoryId":"63a2878785a90af92b260681"},"service":"user-service","timestamp":"2023-02-01T06:57:12.154Z"}
{"level":"info","message":{"msg":"ID Not found"},"service":"user-service","timestamp":"2023-02-01T06:57:12.454Z"}
{"level":"info","message":"{\"msg\":\"ID Not found\"}","service":"user-service","timestamp":"2023-02-01T06:57:12.454Z"}
{"level":"info","message":"Docs available at http://localhost:3006/docs","service":"user-service","timestamp":"2023-02-01T06:57:37.885Z"}
{"level":"info","message":"/api/v1/subcategory/","service":"user-service","timestamp":"2023-02-01T06:57:40.985Z"}
{"level":"info","message":{"subcategoryId":"63a2878785a90af92b260681"},"service":"user-service","timestamp":"2023-02-01T06:57:40.985Z"}
{"level":"info","message":{"msg":"This subcategory linked with product!"},"service":"user-service","timestamp":"2023-02-01T06:57:41.166Z"}
{"level":"info","message":"{\"msg\":\"This subcategory linked with product!\"}","service":"user-service","timestamp":"2023-02-01T06:57:41.167Z"}
