{"level":"info","message":"Docs available at http://localhost:3006/docs","service":"user-service","timestamp":"2023-03-29T06:30:13.759Z"}
{"level":"info","message":"Docs available at http://localhost:3006/docs","service":"user-service","timestamp":"2023-03-29T06:31:51.230Z"}
{"level":"info","message":"Docs available at http://localhost:3006/docs","service":"user-service","timestamp":"2023-03-29T06:35:04.473Z"}
{"level":"info","message":"/api/v1/postExCourier/operationalCities","service":"user-service","timestamp":"2023-03-29T06:35:49.895Z"}
{"level":"info","message":{},"service":"user-service","timestamp":"2023-03-29T06:35:49.895Z"}
{"level":"info","message":{"dist":[{"countryName":"Pakistan","isDeliveryCity":true,"isPickupCity":true,"operationalCityName":"Lahore"},{"countryName":"Pakistan","isDeliveryCity":true,"isPickupCity":true,"operationalCityName":"Islamabad"},{"countryName":"Pakistan","isDeliveryCity":true,"isPickupCity":true,"operationalCityName":"Rawalpindi"},{"countryName":"Pakistan","isDeliveryCity":true,"isPickupCity":true,"operationalCityName":"Karachi"},{"countryName":"Pakistan","isDeliveryCity":true,"isPickupCity":true,"operationalCityName":"Faisalabad"}],"statusCode":"200","statusMessage":"SUCCESSFULLY OPERATED"},"service":"user-service","timestamp":"2023-03-29T06:35:51.011Z"}
{"level":"info","message":"Docs available at http://localhost:3006/docs","service":"user-service","timestamp":"2023-03-29T06:36:42.314Z"}
{"level":"info","message":"/api/v1/postExCourier/warehouse","service":"user-service","timestamp":"2023-03-29T06:36:45.653Z"}
{"level":"info","message":{},"service":"user-service","timestamp":"2023-03-29T06:36:45.653Z"}
{"level":"info","message":{"dist":[{"address":"141-A, Main boulevard, Chaklala Scheme 3, Rawalpindi","addressCode":"001","cityId":3,"cityName":"Rawalpindi","contactPersonName":"Needs Store","isEditable":false,"merchantAddressId":71,"merchantId":68,"phone1":"03136688319","phone2":"03136688319"},{"address":"141-A, Main boulevard, Chaklala Scheme 3, Rawalpindi.","addressCode":"002","cityId":3,"cityName":"Rawalpindi","contactPersonName":"Needs Store","isEditable":false,"merchantAddressId":1801,"merchantId":68,"phone1":"03136688319","phone2":"03136688319"}],"statusCode":"200","statusMessage":"SUCCESSFULLY OPERATED"},"service":"user-service","timestamp":"2023-03-29T06:36:46.585Z"}
{"level":"info","message":"{\"statusCode\":\"200\",\"statusMessage\":\"SUCCESSFULLY OPERATED\",\"dist\":[{\"merchantAddressId\":71,\"address\":\"141-A, Main boulevard, Chaklala Scheme 3, Rawalpindi\",\"phone1\":\"03136688319\",\"phone2\":\"03136688319\",\"contactPersonName\":\"Needs Store\",\"merchantId\":68,\"cityId\":3,\"cityName\":\"Rawalpindi\",\"addressCode\":\"001\",\"isEditable\":false},{\"merchantAddressId\":1801,\"address\":\"141-A, Main boulevard, Chaklala Scheme 3, Rawalpindi.\",\"phone1\":\"03136688319\",\"phone2\":\"03136688319\",\"contactPersonName\":\"Needs Store\",\"merchantId\":68,\"cityId\":3,\"cityName\":\"Rawalpindi\",\"addressCode\":\"002\",\"isEditable\":false}]}","service":"user-service","timestamp":"2023-03-29T06:36:46.586Z"}
{"level":"info","message":"/api/v1/postExCourier/orderTrack?trackingNumber=20000680006874","service":"user-service","timestamp":"2023-03-29T06:37:20.877Z"}
{"level":"info","message":{},"service":"user-service","timestamp":"2023-03-29T06:37:20.878Z"}
{"level":"info","message":{"msg":"Request failed with status code 522"},"service":"user-service","timestamp":"2023-03-29T06:37:52.141Z"}
{"level":"info","message":"{\"msg\":\"Request failed with status code 522\"}","service":"user-service","timestamp":"2023-03-29T06:37:52.143Z"}
{"level":"info","message":"/api/v1/subcategory/","service":"user-service","timestamp":"2023-03-29T10:54:32.921Z"}
{"level":"info","message":{"categoryId":"63a2ce99d93da17f6bcb5efa","description":" iron collection ","icon":"{{image}}","name":"iron"},"service":"user-service","timestamp":"2023-03-29T10:54:32.924Z"}
{"level":"info","message":{"msg":"subCategory not added"},"service":"user-service","timestamp":"2023-03-29T10:54:32.936Z"}
{"level":"info","message":"{\"msg\":\"subCategory not added\"}","service":"user-service","timestamp":"2023-03-29T10:54:32.937Z"}
{"level":"info","message":"/api/v1/subcategory/","service":"user-service","timestamp":"2023-03-29T10:55:43.198Z"}
{"level":"info","message":{"categoryId":"63a2ce99d93da17f6bcb5efa","description":" iron collection ","icon":"{{image}}","name":"iron"},"service":"user-service","timestamp":"2023-03-29T10:55:43.198Z"}
{"level":"info","message":{"msg":"subCategory not added"},"service":"user-service","timestamp":"2023-03-29T10:55:43.202Z"}
{"level":"info","message":"{\"msg\":\"subCategory not added\"}","service":"user-service","timestamp":"2023-03-29T10:55:43.203Z"}
{"level":"info","message":"Docs available at http://localhost:3006/docs","service":"user-service","timestamp":"2023-03-29T10:56:26.400Z"}
{"level":"info","message":"/api/v1/subcategory/","service":"user-service","timestamp":"2023-03-29T10:56:29.572Z"}
{"level":"info","message":{"categoryId":"63a2ce99d93da17f6bcb5efa","description":" iron collection ","icon":"{{image}}","name":"iron"},"service":"user-service","timestamp":"2023-03-29T10:56:29.572Z"}
{"level":"info","message":{"msg":["Path `icon` is required."]},"service":"user-service","timestamp":"2023-03-29T10:56:29.625Z"}
{"level":"info","message":"{\"msg\":[\"Path `icon` is required.\"]}","service":"user-service","timestamp":"2023-03-29T10:56:29.632Z"}
{"level":"info","message":"Docs available at http://localhost:3006/docs","service":"user-service","timestamp":"2023-03-29T10:57:18.578Z"}
{"level":"info","message":"Docs available at http://localhost:3006/docs","service":"user-service","timestamp":"2023-03-29T10:57:30.195Z"}
{"level":"info","message":"Docs available at http://localhost:3006/docs","service":"user-service","timestamp":"2023-03-29T10:57:41.672Z"}
{"level":"info","message":"/api/v1/subcategory/","service":"user-service","timestamp":"2023-03-29T10:57:45.373Z"}
{"level":"info","message":{"categoryId":"63a2ce99d93da17f6bcb5efa","description":" iron collection ","icon":"{{image}}","name":"iron"},"service":"user-service","timestamp":"2023-03-29T10:57:45.373Z"}
{"level":"info","message":{"msg":"subCategory not added"},"service":"user-service","timestamp":"2023-03-29T10:57:45.385Z"}
{"level":"info","message":"{\"msg\":\"subCategory not added\"}","service":"user-service","timestamp":"2023-03-29T10:57:45.387Z"}
{"level":"info","message":"/api/v1/subcategory/","service":"user-service","timestamp":"2023-03-29T10:58:17.198Z"}
{"level":"info","message":{"categoryId":"63a2ce99d93da17f6bcb5efa","description":" iron collection ","icon":"","name":"iron"},"service":"user-service","timestamp":"2023-03-29T10:58:17.200Z"}
{"level":"info","message":{"msg":"Fields Missing"},"service":"user-service","timestamp":"2023-03-29T10:58:17.201Z"}
{"level":"info","message":"{\"msg\":\"Fields Missing\"}","service":"user-service","timestamp":"2023-03-29T10:58:17.202Z"}
