{"level":"info","message":"Docs available at http://localhost:3006/docs","service":"user-service","timestamp":"2023-03-30T06:42:38.814Z"}
{"level":"info","message":"Docs available at http://localhost:3006/docs","service":"user-service","timestamp":"2023-03-30T08:27:48.003Z"}
{"level":"info","message":"Docs available at http://localhost:3006/docs","service":"user-service","timestamp":"2023-03-30T08:29:54.588Z"}
{"level":"info","message":"Docs available at http://localhost:3006/docs","service":"user-service","timestamp":"2023-03-30T08:30:28.076Z"}
{"level":"info","message":"Docs available at http://localhost:3006/docs","service":"user-service","timestamp":"2023-03-30T08:32:28.946Z"}
{"level":"info","message":"Docs available at http://localhost:3006/docs","service":"user-service","timestamp":"2023-03-30T08:32:54.750Z"}
{"level":"info","message":"Docs available at http://localhost:3006/docs","service":"user-service","timestamp":"2023-03-30T08:33:15.287Z"}
{"level":"info","message":"Docs available at http://localhost:3006/docs","service":"user-service","timestamp":"2023-03-30T08:33:33.280Z"}
{"level":"info","message":"Docs available at http://localhost:3006/docs","service":"user-service","timestamp":"2023-03-30T08:33:41.994Z"}
{"level":"info","message":"/api/order/v1/track-order/20000680006874","service":"user-service","timestamp":"2023-03-30T10:53:43.415Z"}
{"level":"info","message":{},"service":"user-service","timestamp":"2023-03-30T10:53:43.422Z"}
{"level":"info","message":{"msg":"Route Not found"},"service":"user-service","timestamp":"2023-03-30T10:53:43.431Z"}
{"level":"info","message":"{\"msg\":\"Route Not found\"}","service":"user-service","timestamp":"2023-03-30T10:53:43.440Z"}
{"level":"info","message":"Docs available at http://localhost:3006/docs","service":"user-service","timestamp":"2023-03-30T10:55:07.707Z"}
{"level":"info","message":"/api/order/v1/track-order/20000680006874","service":"user-service","timestamp":"2023-03-30T10:55:09.916Z"}
{"level":"info","message":{},"service":"user-service","timestamp":"2023-03-30T10:55:09.917Z"}
{"level":"info","message":{"msg":"Route Not found"},"service":"user-service","timestamp":"2023-03-30T10:55:09.921Z"}
{"level":"info","message":"{\"msg\":\"Route Not found\"}","service":"user-service","timestamp":"2023-03-30T10:55:09.921Z"}
{"level":"info","message":"/api/order/v1/track-order","service":"user-service","timestamp":"2023-03-30T10:55:19.554Z"}
{"level":"info","message":{},"service":"user-service","timestamp":"2023-03-30T10:55:19.554Z"}
{"level":"info","message":{"msg":"Route Not found"},"service":"user-service","timestamp":"2023-03-30T10:55:19.561Z"}
{"level":"info","message":"{\"msg\":\"Route Not found\"}","service":"user-service","timestamp":"2023-03-30T10:55:19.562Z"}
{"level":"info","message":"Docs available at http://localhost:3006/docs","service":"user-service","timestamp":"2023-03-30T10:55:50.528Z"}
{"level":"info","message":"Docs available at http://localhost:3006/docs","service":"user-service","timestamp":"2023-03-30T10:56:14.409Z"}
{"level":"info","message":"/api/v1/postExCourier/orderTrack","service":"user-service","timestamp":"2023-03-30T10:56:55.316Z"}
{"level":"info","message":{},"service":"user-service","timestamp":"2023-03-30T10:56:55.318Z"}
{"level":"info","message":{"dist":{"actualWeight":0,"balancePayment":0,"bookingWeight":0,"cityName":"Islamabad","customerName":"fayyaz danish","customerPhone":"03074149786","deliveryAddress":"mfayyazkaror@gmail.com","invoiceDivision":1,"invoicePayment":0,"items":1,"merchantName":"Needs Store","orderRefNumber":"63a94de6ce0b320edc1f2446","pickupAddress":"141-A, Main boulevard, Chaklala Scheme 3, Rawalpindi","reservePayment":0,"reversalFee":0,"reversalTax":0,"trackingNumber":"20000680006874","transactionDate":"2023-03-28","transactionFee":0,"transactionStatus":"Unbooked","transactionStatusHistory":[{"transactionStatusMessage":"At Needs Store Warehouse","transactionStatusMessageCode":"0001","updatedAt":"2023-03-28T16:20:42.000+0500"}],"transactionTax":0,"upfrontPayment":0},"statusCode":"200","statusMessage":"SUCCESSFULLY OPERATED"},"service":"user-service","timestamp":"2023-03-30T10:56:56.583Z"}
{"level":"info","message":"{\"statusCode\":\"200\",\"statusMessage\":\"SUCCESSFULLY OPERATED\",\"dist\":{\"customerName\":\"fayyaz danish\",\"customerPhone\":\"03074149786\",\"deliveryAddress\":\"mfayyazkaror@gmail.com\",\"invoicePayment\":0,\"orderRefNumber\":\"63a94de6ce0b320edc1f2446\",\"transactionTax\":0,\"transactionFee\":0,\"trackingNumber\":\"20000680006874\",\"transactionDate\":\"2023-03-28\",\"upfrontPayment\":0,\"merchantName\":\"Needs Store\",\"transactionStatus\":\"Unbooked\",\"reversalTax\":0,\"reversalFee\":0,\"cityName\":\"Islamabad\",\"pickupAddress\":\"141-A, Main boulevard, Chaklala Scheme 3, Rawalpindi\",\"reservePayment\":0,\"balancePayment\":0,\"bookingWeight\":0,\"actualWeight\":0,\"transactionStatusHistory\":[{\"transactionStatusMessage\":\"At Needs Store Warehouse\",\"transactionStatusMessageCode\":\"0001\",\"updatedAt\":\"2023-03-28T16:20:42.000+0500\"}],\"items\":1,\"invoiceDivision\":1}}","service":"user-service","timestamp":"2023-03-30T10:56:56.586Z"}
{"level":"info","message":"Docs available at http://localhost:3006/docs","service":"user-service","timestamp":"2023-03-30T10:57:16.915Z"}
{"level":"info","message":"Docs available at http://localhost:3006/docs","service":"user-service","timestamp":"2023-03-30T10:57:31.881Z"}
{"level":"info","message":"/api/v1/postExCourier/orderTrack?","service":"user-service","timestamp":"2023-03-30T10:57:33.352Z"}
{"level":"info","message":{},"service":"user-service","timestamp":"2023-03-30T10:57:33.352Z"}
{"level":"info","message":{"msg":"RECORD NOT FOUND"},"service":"user-service","timestamp":"2023-03-30T10:57:35.898Z"}
{"level":"info","message":"{\"msg\":\"RECORD NOT FOUND\"}","service":"user-service","timestamp":"2023-03-30T10:57:35.900Z"}
{"level":"info","message":"/api/v1/postExCourier/orderTrack?trackingNumber=20000680006874","service":"user-service","timestamp":"2023-03-30T10:57:44.811Z"}
{"level":"info","message":{},"service":"user-service","timestamp":"2023-03-30T10:57:44.812Z"}
{"level":"info","message":{"dist":{"actualWeight":0,"balancePayment":0,"bookingWeight":0,"cityName":"Islamabad","customerName":"fayyaz danish","customerPhone":"03074149786","deliveryAddress":"mfayyazkaror@gmail.com","invoiceDivision":1,"invoicePayment":0,"items":1,"merchantName":"Needs Store","orderRefNumber":"63a94de6ce0b320edc1f2446","pickupAddress":"141-A, Main boulevard, Chaklala Scheme 3, Rawalpindi","reservePayment":0,"reversalFee":0,"reversalTax":0,"trackingNumber":"20000680006874","transactionDate":"2023-03-28","transactionFee":0,"transactionStatus":"Unbooked","transactionStatusHistory":[{"transactionStatusMessage":"At Needs Store Warehouse","transactionStatusMessageCode":"0001","updatedAt":"2023-03-28T16:20:42.000+0500"}],"transactionTax":0,"upfrontPayment":0},"statusCode":"200","statusMessage":"SUCCESSFULLY OPERATED"},"service":"user-service","timestamp":"2023-03-30T10:57:45.669Z"}
{"level":"info","message":"{\"statusCode\":\"200\",\"statusMessage\":\"SUCCESSFULLY OPERATED\",\"dist\":{\"customerName\":\"fayyaz danish\",\"customerPhone\":\"03074149786\",\"deliveryAddress\":\"mfayyazkaror@gmail.com\",\"invoicePayment\":0,\"orderRefNumber\":\"63a94de6ce0b320edc1f2446\",\"transactionTax\":0,\"transactionFee\":0,\"trackingNumber\":\"20000680006874\",\"transactionDate\":\"2023-03-28\",\"upfrontPayment\":0,\"merchantName\":\"Needs Store\",\"transactionStatus\":\"Unbooked\",\"reversalTax\":0,\"reversalFee\":0,\"cityName\":\"Islamabad\",\"pickupAddress\":\"141-A, Main boulevard, Chaklala Scheme 3, Rawalpindi\",\"reservePayment\":0,\"balancePayment\":0,\"bookingWeight\":0,\"actualWeight\":0,\"transactionStatusHistory\":[{\"transactionStatusMessage\":\"At Needs Store Warehouse\",\"transactionStatusMessageCode\":\"0001\",\"updatedAt\":\"2023-03-28T16:20:42.000+0500\"}],\"items\":1,\"invoiceDivision\":1}}","service":"user-service","timestamp":"2023-03-30T10:57:45.671Z"}
{"level":"info","message":"Docs available at http://localhost:3006/docs","service":"user-service","timestamp":"2023-03-30T10:58:37.263Z"}
