{"level":"info","message":"Docs available at http://localhost:3006/docs","service":"user-service","timestamp":"2023-03-02T05:01:15.674Z"}
{"level":"info","message":"/api/v1/customer/login","service":"user-service","timestamp":"2023-03-02T05:01:54.929Z"}
{"level":"info","message":{"email":"mfayyaz0786@gmail.com","fcmToken":"chPk6twrQW2qd_bMcA5VoF:APA91bG4yDS33V2VR9caIG6vs4QzGCQPXjODixZV9An0mLPoZWWvIvgoxvIFmJa05Hf785ee3v7tlTogVh8KDW3Qbv5iKxNXJi8i0KfW8Gu4-yF0OfVAeaIrFcG5KrqRAInELQIoz3le","password":"Audi@786"},"service":"user-service","timestamp":"2023-03-02T05:01:54.929Z"}
{"level":"info","message":{"msg":"result is not defined"},"service":"user-service","timestamp":"2023-03-02T05:01:55.081Z"}
{"level":"info","message":"{\"msg\":\"result is not defined\"}","service":"user-service","timestamp":"2023-03-02T05:01:55.083Z"}
{"level":"info","message":"Docs available at http://localhost:3006/docs","service":"user-service","timestamp":"2023-03-02T05:02:17.824Z"}
{"level":"info","message":"/api/v1/customer/login","service":"user-service","timestamp":"2023-03-02T05:02:21.722Z"}
{"level":"info","message":{"email":"mfayyaz0786@gmail.com","fcmToken":"chPk6twrQW2qd_bMcA5VoF:APA91bG4yDS33V2VR9caIG6vs4QzGCQPXjODixZV9An0mLPoZWWvIvgoxvIFmJa05Hf785ee3v7tlTogVh8KDW3Qbv5iKxNXJi8i0KfW8Gu4-yF0OfVAeaIrFcG5KrqRAInELQIoz3le","password":"Audi@786"},"service":"user-service","timestamp":"2023-03-02T05:02:21.722Z"}
{"level":"info","message":{"msg":"User doesn't exist!"},"service":"user-service","timestamp":"2023-03-02T05:02:21.874Z"}
{"level":"info","message":"{\"msg\":\"User doesn't exist!\"}","service":"user-service","timestamp":"2023-03-02T05:02:21.874Z"}
{"level":"info","message":"/api/v1/customer/login","service":"user-service","timestamp":"2023-03-02T05:02:43.021Z"}
{"level":"info","message":{"email":"arslanali.isb242@gmail.com","fcmToken":"website","password":"Pakistan123@"},"service":"user-service","timestamp":"2023-03-02T05:02:43.022Z"}
{"level":"info","message":{"msg":"result is not defined"},"service":"user-service","timestamp":"2023-03-02T05:02:43.180Z"}
{"level":"info","message":"{\"msg\":\"result is not defined\"}","service":"user-service","timestamp":"2023-03-02T05:02:43.184Z"}
{"level":"info","message":"Docs available at http://localhost:3006/docs","service":"user-service","timestamp":"2023-03-02T05:03:05.803Z"}
{"level":"info","message":"Docs available at http://localhost:3006/docs","service":"user-service","timestamp":"2023-03-02T05:03:22.498Z"}
{"level":"info","message":"/api/v1/customer/login","service":"user-service","timestamp":"2023-03-02T05:03:24.732Z"}
{"level":"info","message":{"email":"arslanali.isb242@gmail.com","fcmToken":"website","password":"Pakistan123@"},"service":"user-service","timestamp":"2023-03-02T05:03:24.732Z"}
{"level":"info","message":{"msg":"result is not defined"},"service":"user-service","timestamp":"2023-03-02T05:03:28.936Z"}
{"level":"info","message":"{\"msg\":\"result is not defined\"}","service":"user-service","timestamp":"2023-03-02T05:03:28.938Z"}
{"level":"info","message":"Docs available at http://localhost:3006/docs","service":"user-service","timestamp":"2023-03-02T05:03:47.361Z"}
{"level":"info","message":"/api/v1/customer/login","service":"user-service","timestamp":"2023-03-02T05:03:50.400Z"}
{"level":"info","message":{"email":"arslanali.isb242@gmail.com","fcmToken":"website","password":"Pakistan123@"},"service":"user-service","timestamp":"2023-03-02T05:03:50.400Z"}
{"level":"info","message":{"data":{"__v":0,"_id":"63d3749a8bb7b07fec39a71a","address":"Islamababad","cnic":"6110109146413","contact":"03325941664","createdAt":"2023-01-27T06:52:10.683Z","email":"arslanali.isb242@gmail.com","fcmToken":"website","firstName":"Arslan","gender":"male","image":"images/1677672952646.png","isVarified":true,"lastName":"Ali","membershipCategory":"Gold","password":"$2b$10$.OB3IUNB/6IZuJsJZuVhvOaxobkUdFcjdyltzfaqO9wE37rfumV7W","points":10450,"token":"eyJhbGciOiJIUzI1NiIsInR5cCI6IkpXVCJ9.eyJ1c2VySWQiOiI2M2QzNzQ5YThiYjdiMDdmZWMzOWE3MWEiLCJ0eXBlIjoidXNlciIsImlhdCI6MTY3NzczMzQzMCwiZXhwIjoxNzA5MjY5NDMwfQ.nd2VwwP5PSay_JxSoK70iCRT3wsXmdoeImBw18QydsQ","updatedAt":"2023-03-02T05:03:28.025Z","zindigiWallet":{"linked":false,"title":"","zindigiWalletNumber":""}},"msg":"Logged in Successfully"},"service":"user-service","timestamp":"2023-03-02T05:03:51.746Z"}
{"level":"info","message":"{\"msg\":\"Logged in Successfully\",\"data\":{\"zindigiWallet\":{\"zindigiWalletNumber\":\"\",\"linked\":false,\"title\":\"\"},\"_id\":\"63d3749a8bb7b07fec39a71a\",\"firstName\":\"Arslan\",\"lastName\":\"Ali\",\"email\":\"arslanali.isb242@gmail.com\",\"password\":\"$2b$10$.OB3IUNB/6IZuJsJZuVhvOaxobkUdFcjdyltzfaqO9wE37rfumV7W\",\"cnic\":\"6110109146413\",\"contact\":\"03325941664\",\"address\":\"Islamababad\",\"gender\":\"male\",\"image\":\"images/1677672952646.png\",\"isVarified\":true,\"points\":10450,\"membershipCategory\":\"Gold\",\"fcmToken\":\"website\",\"createdAt\":\"2023-01-27T06:52:10.683Z\",\"updatedAt\":\"2023-03-02T05:03:28.025Z\",\"__v\":0,\"token\":\"eyJhbGciOiJIUzI1NiIsInR5cCI6IkpXVCJ9.eyJ1c2VySWQiOiI2M2QzNzQ5YThiYjdiMDdmZWMzOWE3MWEiLCJ0eXBlIjoidXNlciIsImlhdCI6MTY3NzczMzQzMCwiZXhwIjoxNzA5MjY5NDMwfQ.nd2VwwP5PSay_JxSoK70iCRT3wsXmdoeImBw18QydsQ\"}}","service":"user-service","timestamp":"2023-03-02T05:03:51.748Z"}
{"level":"info","message":"/api/v1/user/login","service":"user-service","timestamp":"2023-03-02T05:04:12.385Z"}
{"level":"info","message":{"email":"ali@gmail.com","password":"Aliraza@786"},"service":"user-service","timestamp":"2023-03-02T05:04:12.386Z"}
{"level":"info","message":{"msg":"result is not defined"},"service":"user-service","timestamp":"2023-03-02T05:04:12.952Z"}
{"level":"info","message":"{\"msg\":\"result is not defined\"}","service":"user-service","timestamp":"2023-03-02T05:04:12.953Z"}
{"level":"info","message":"Docs available at http://localhost:3006/docs","service":"user-service","timestamp":"2023-03-02T05:04:49.031Z"}
{"level":"info","message":"/api/v1/user/login","service":"user-service","timestamp":"2023-03-02T05:04:52.595Z"}
{"level":"info","message":{"email":"ali@gmail.com","password":"Aliraza@786"},"service":"user-service","timestamp":"2023-03-02T05:04:52.595Z"}
{"level":"info","message":{"msg":"Invalid Credentials!"},"service":"user-service","timestamp":"2023-03-02T05:04:52.769Z"}
{"level":"info","message":"{\"msg\":\"Invalid Credentials!\"}","service":"user-service","timestamp":"2023-03-02T05:04:52.770Z"}
{"level":"info","message":"/api/v1/user/login","service":"user-service","timestamp":"2023-03-02T05:05:09.064Z"}
{"level":"info","message":{"email":"admin@gmail.com","password":"Admin@786"},"service":"user-service","timestamp":"2023-03-02T05:05:09.064Z"}
{"level":"info","message":{"msg":"data and hash arguments required"},"service":"user-service","timestamp":"2023-03-02T05:05:09.797Z"}
{"level":"info","message":"{\"msg\":\"data and hash arguments required\"}","service":"user-service","timestamp":"2023-03-02T05:05:09.798Z"}
{"level":"info","message":"Docs available at http://localhost:3006/docs","service":"user-service","timestamp":"2023-03-02T05:06:20.213Z"}
{"level":"info","message":"/api/v1/user/login","service":"user-service","timestamp":"2023-03-02T05:06:23.581Z"}
{"level":"info","message":{"email":"admin@gmail.com","password":"Admin@786"},"service":"user-service","timestamp":"2023-03-02T05:06:23.581Z"}
{"level":"info","message":{"msg":"data and hash arguments required"},"service":"user-service","timestamp":"2023-03-02T05:06:24.194Z"}
{"level":"info","message":"{\"msg\":\"data and hash arguments required\"}","service":"user-service","timestamp":"2023-03-02T05:06:24.195Z"}
{"level":"info","message":"Docs available at http://localhost:3006/docs","service":"user-service","timestamp":"2023-03-02T05:07:16.384Z"}
{"level":"info","message":"/api/v1/user/login","service":"user-service","timestamp":"2023-03-02T05:07:19.638Z"}
{"level":"info","message":{"email":"admin@gmail.com","password":"Admin@786"},"service":"user-service","timestamp":"2023-03-02T05:07:19.639Z"}
{"level":"info","message":{"msg":"data and hash arguments required"},"service":"user-service","timestamp":"2023-03-02T05:07:20.240Z"}
{"level":"info","message":"{\"msg\":\"data and hash arguments required\"}","service":"user-service","timestamp":"2023-03-02T05:07:20.241Z"}
{"level":"info","message":"Docs available at http://localhost:3006/docs","service":"user-service","timestamp":"2023-03-02T05:08:06.561Z"}
{"level":"info","message":"/api/v1/user/login","service":"user-service","timestamp":"2023-03-02T05:08:10.270Z"}
{"level":"info","message":{"email":"admin@gmail.com","password":"Admin@786"},"service":"user-service","timestamp":"2023-03-02T05:08:10.270Z"}
{"level":"info","message":{"msg":"Invalid Credentials!"},"service":"user-service","timestamp":"2023-03-02T05:08:10.933Z"}
{"level":"info","message":"{\"msg\":\"Invalid Credentials!\"}","service":"user-service","timestamp":"2023-03-02T05:08:10.934Z"}
{"level":"info","message":"/api/v1/user/login","service":"user-service","timestamp":"2023-03-02T05:08:18.703Z"}
{"level":"info","message":{"email":"admin@gmail.com","password":"Admin@555"},"service":"user-service","timestamp":"2023-03-02T05:08:18.703Z"}
{"level":"info","message":{"msg":"Invalid Credentials!"},"service":"user-service","timestamp":"2023-03-02T05:08:19.507Z"}
{"level":"info","message":"{\"msg\":\"Invalid Credentials!\"}","service":"user-service","timestamp":"2023-03-02T05:08:19.508Z"}
{"level":"info","message":"/api/v1/user/login","service":"user-service","timestamp":"2023-03-02T05:09:25.972Z"}
{"level":"info","message":{"email":"aliraza.hamd@gmail.com","password":"Hhh254372@"},"service":"user-service","timestamp":"2023-03-02T05:09:25.972Z"}
{"level":"info","message":{"data":{"_id":"63ff0193ee802a1638199272","contact":"03415176490","email":"aliraza.hamd@gmail.com","isLogin":false,"name":"Aliraza","password":"$2b$10$nvxot9yTWLSaXDbNIC2CXOe4wMV4S1y39j9MB0x.UHWg4GPS6itme","refreshToken":"eyJhbGciOiJIUzI1NiIsInR5cCI6IkpXVCJ9.eyJ1dWlkIjoiMWY5ZGM5ZGQtOTZhOS00YTZkLTkxOWMtNzA0OWRmNWJiZDBmIiwidHlwZSI6ImFkbWluIiwiaWF0IjoxNjc3NzMzNzY2LCJleHAiOjE3MDkyNjk3NjZ9.IQCtrLfb8hzlwHG8x71JxeDQTFkw8WMdQkN3fBXcucg","role":"63fc3380793ec7b77c8399e4","token":null},"msg":"Logged in Successfully"},"service":"user-service","timestamp":"2023-03-02T05:09:26.584Z"}
{"level":"info","message":"{\"msg\":\"Logged in Successfully\",\"data\":{\"_id\":\"63ff0193ee802a1638199272\",\"role\":\"63fc3380793ec7b77c8399e4\",\"name\":\"Aliraza\",\"email\":\"aliraza.hamd@gmail.com\",\"password\":\"$2b$10$nvxot9yTWLSaXDbNIC2CXOe4wMV4S1y39j9MB0x.UHWg4GPS6itme\",\"contact\":\"03415176490\",\"token\":null,\"refreshToken\":\"eyJhbGciOiJIUzI1NiIsInR5cCI6IkpXVCJ9.eyJ1dWlkIjoiMWY5ZGM5ZGQtOTZhOS00YTZkLTkxOWMtNzA0OWRmNWJiZDBmIiwidHlwZSI6ImFkbWluIiwiaWF0IjoxNjc3NzMzNzY2LCJleHAiOjE3MDkyNjk3NjZ9.IQCtrLfb8hzlwHG8x71JxeDQTFkw8WMdQkN3fBXcucg\",\"isLogin\":false}}","service":"user-service","timestamp":"2023-03-02T05:09:26.585Z"}
{"level":"info","message":"/api/v1/review/approvedReview","service":"user-service","timestamp":"2023-03-02T05:10:54.522Z"}
{"level":"info","message":{"isApproved":true,"reviewId":"63b54f5202f44286bd102f1a"},"service":"user-service","timestamp":"2023-03-02T05:10:54.523Z"}
{"level":"info","message":{"data":{"__v":0,"_id":"63b54f5202f44286bd102f1a","channel":"","comment":"<!DOCTYPE html PUBLIC \"-//W3C//DTD XHTML 1.0 Transitional//EN\"\r\n\"http://www.w3.org/TR/xhtml1/DTD/xhtml1-transitional.dtd\">\r\n    <html>\r\n    <head>\r\n    <meta http-equiv=\"content-type\" content=\"text/html;charset=UTF-8\" />\r\n        <title>...</title>\r\n    </head>\r\n    <body>\r\n        <div id=\"header\">...</div>\r\n        <div id=\"nav\">...</div>\r\n        <div id=\"article\">...</div>\r\n        <div id=\"footer\">...</div>\r\n    </body>\r\n    </html>","createdAt":"2023-01-04T10:05:06.278Z","customerId":"63a45415bfb9c56c1f94d45d","images":["images/1672826706275.png"],"isApproved":false,"productId":"63c641ea26c4aadd8a896711","rating":5,"updatedAt":"2023-02-06T07:30:39.781Z"},"msg":"Review Approved"},"service":"user-service","timestamp":"2023-03-02T05:10:55.003Z"}
{"level":"info","message":"{\"msg\":\"Review Approved\",\"data\":{\"_id\":\"63b54f5202f44286bd102f1a\",\"productId\":\"63c641ea26c4aadd8a896711\",\"customerId\":\"63a45415bfb9c56c1f94d45d\",\"rating\":5,\"comment\":\"<!DOCTYPE html PUBLIC \\\"-//W3C//DTD XHTML 1.0 Transitional//EN\\\"\\r\\n\\\"http://www.w3.org/TR/xhtml1/DTD/xhtml1-transitional.dtd\\\">\\r\\n    <html>\\r\\n    <head>\\r\\n    <meta http-equiv=\\\"content-type\\\" content=\\\"text/html;charset=UTF-8\\\" />\\r\\n        <title>...</title>\\r\\n    </head>\\r\\n    <body>\\r\\n        <div id=\\\"header\\\">...</div>\\r\\n        <div id=\\\"nav\\\">...</div>\\r\\n        <div id=\\\"article\\\">...</div>\\r\\n        <div id=\\\"footer\\\">...</div>\\r\\n    </body>\\r\\n    </html>\",\"images\":[\"images/1672826706275.png\"],\"isApproved\":false,\"channel\":\"\",\"createdAt\":\"2023-01-04T10:05:06.278Z\",\"updatedAt\":\"2023-02-06T07:30:39.781Z\",\"__v\":0}}","service":"user-service","timestamp":"2023-03-02T05:10:55.004Z"}
{"level":"info","message":"/api/v1/review/approvedReview","service":"user-service","timestamp":"2023-03-02T05:12:09.182Z"}
{"level":"info","message":{"isApproved":true,"reviewId":"64002cbbc10686079ac678a1"},"service":"user-service","timestamp":"2023-03-02T05:12:09.182Z"}
{"level":"info","message":{"data":{"__v":0,"_id":"64002cbbc10686079ac678a1","channel":"ANDROID APP","comment":"review","createdAt":"2023-03-02T04:57:31.060Z","customerId":"63d375b58bb7b07fec39a755","images":["images/profile.png"],"isApproved":false,"productId":"63f89ed9793ec7b77c836fef","rating":5,"updatedAt":"2023-03-02T04:57:46.982Z"},"msg":"Review Approved"},"service":"user-service","timestamp":"2023-03-02T05:12:09.726Z"}
{"level":"info","message":"{\"msg\":\"Review Approved\",\"data\":{\"_id\":\"64002cbbc10686079ac678a1\",\"productId\":\"63f89ed9793ec7b77c836fef\",\"customerId\":\"63d375b58bb7b07fec39a755\",\"rating\":5,\"comment\":\"review\",\"images\":[\"images/profile.png\"],\"isApproved\":false,\"channel\":\"ANDROID APP\",\"createdAt\":\"2023-03-02T04:57:31.060Z\",\"updatedAt\":\"2023-03-02T04:57:46.982Z\",\"__v\":0}}","service":"user-service","timestamp":"2023-03-02T05:12:09.727Z"}
{"level":"info","message":"Docs available at http://localhost:3006/docs","service":"user-service","timestamp":"2023-03-02T05:13:50.928Z"}
{"level":"info","message":"/api/v1/review/approvedReview","service":"user-service","timestamp":"2023-03-02T05:14:43.249Z"}
{"level":"info","message":{"isApproved":true,"reviewId":"64002cbbc10686079ac678a1"},"service":"user-service","timestamp":"2023-03-02T05:14:43.249Z"}
{"level":"info","message":{"data":{"__v":0,"_id":"64002cbbc10686079ac678a1","channel":"ANDROID APP","comment":"review","createdAt":"2023-03-02T04:57:31.060Z","customerId":"63d375b58bb7b07fec39a755","images":["images/profile.png"],"isApproved":false,"productId":"63f89ed9793ec7b77c836fef","rating":5,"updatedAt":"2023-03-02T05:12:09.183Z"},"msg":"Review Approved"},"service":"user-service","timestamp":"2023-03-02T05:14:43.568Z"}
{"level":"info","message":"{\"msg\":\"Review Approved\",\"data\":{\"_id\":\"64002cbbc10686079ac678a1\",\"productId\":\"63f89ed9793ec7b77c836fef\",\"customerId\":\"63d375b58bb7b07fec39a755\",\"rating\":5,\"comment\":\"review\",\"images\":[\"images/profile.png\"],\"isApproved\":false,\"channel\":\"ANDROID APP\",\"createdAt\":\"2023-03-02T04:57:31.060Z\",\"updatedAt\":\"2023-03-02T05:12:09.183Z\",\"__v\":0}}","service":"user-service","timestamp":"2023-03-02T05:14:43.572Z"}
{"level":"info","message":"Docs available at http://localhost:3006/docs","service":"user-service","timestamp":"2023-03-02T05:16:39.529Z"}
{"level":"info","message":"Docs available at http://localhost:3006/docs","service":"user-service","timestamp":"2023-03-02T05:17:24.408Z"}
{"level":"info","message":"/api/v1/review/approvedReview","service":"user-service","timestamp":"2023-03-02T05:17:45.267Z"}
{"level":"info","message":{"isApproved":true,"reviewId":"64002cbbc10686079ac678a1"},"service":"user-service","timestamp":"2023-03-02T05:17:45.268Z"}
{"level":"info","message":{"data":{"__v":0,"_id":"64002cbbc10686079ac678a1","channel":"ANDROID APP","comment":"review","createdAt":"2023-03-02T04:57:31.060Z","customerId":"63d375b58bb7b07fec39a755","images":["images/profile.png"],"isApproved":false,"productId":"63f89ed9793ec7b77c836fef","rating":5,"updatedAt":"2023-03-02T05:14:43.253Z"},"msg":"Review Approved"},"service":"user-service","timestamp":"2023-03-02T05:17:45.590Z"}
{"level":"info","message":"{\"msg\":\"Review Approved\",\"data\":{\"_id\":\"64002cbbc10686079ac678a1\",\"productId\":\"63f89ed9793ec7b77c836fef\",\"customerId\":\"63d375b58bb7b07fec39a755\",\"rating\":5,\"comment\":\"review\",\"images\":[\"images/profile.png\"],\"isApproved\":false,\"channel\":\"ANDROID APP\",\"createdAt\":\"2023-03-02T04:57:31.060Z\",\"updatedAt\":\"2023-03-02T05:14:43.253Z\",\"__v\":0}}","service":"user-service","timestamp":"2023-03-02T05:17:45.593Z"}
{"level":"info","message":"Docs available at http://localhost:3006/docs","service":"user-service","timestamp":"2023-03-02T05:19:02.792Z"}
{"level":"info","message":"Docs available at http://localhost:3006/docs","service":"user-service","timestamp":"2023-03-02T05:20:37.551Z"}
{"level":"info","message":"Docs available at http://localhost:3006/docs","service":"user-service","timestamp":"2023-03-02T05:21:13.355Z"}
{"level":"info","message":"Docs available at http://localhost:3006/docs","service":"user-service","timestamp":"2023-03-02T05:21:20.547Z"}
{"level":"info","message":"Docs available at http://localhost:3006/docs","service":"user-service","timestamp":"2023-03-02T05:21:28.265Z"}
{"level":"info","message":"Docs available at http://localhost:3006/docs","service":"user-service","timestamp":"2023-03-02T05:22:50.392Z"}
{"level":"info","message":"Docs available at http://localhost:3006/docs","service":"user-service","timestamp":"2023-03-02T05:22:54.936Z"}
{"level":"info","message":"/api/v1/review/approvedReview","service":"user-service","timestamp":"2023-03-02T05:23:04.878Z"}
{"level":"info","message":{"isApproved":true,"reviewId":"64002cbbc10686079ac678a1"},"service":"user-service","timestamp":"2023-03-02T05:23:04.878Z"}
{"level":"info","message":{"msg":"reviewServices.isApproved is not a function"},"service":"user-service","timestamp":"2023-03-02T05:23:04.888Z"}
{"level":"info","message":"{\"msg\":\"reviewServices.isApproved is not a function\"}","service":"user-service","timestamp":"2023-03-02T05:23:04.888Z"}
{"level":"info","message":"Docs available at http://localhost:3006/docs","service":"user-service","timestamp":"2023-03-02T05:23:30.893Z"}
{"level":"info","message":"/api/v1/review/approvedReview","service":"user-service","timestamp":"2023-03-02T05:23:32.755Z"}
{"level":"info","message":{"isApproved":true,"reviewId":"64002cbbc10686079ac678a1"},"service":"user-service","timestamp":"2023-03-02T05:23:32.755Z"}
{"level":"info","message":{"msg":"Review already Approved!"},"service":"user-service","timestamp":"2023-03-02T05:23:37.604Z"}
{"level":"info","message":"{\"msg\":\"Review already Approved!\"}","service":"user-service","timestamp":"2023-03-02T05:23:37.605Z"}
{"level":"info","message":"Docs available at http://localhost:3006/docs","service":"user-service","timestamp":"2023-03-02T05:25:28.552Z"}
{"level":"info","message":"/api/v1/review/getPoductAllReviews?productId=63f89ed9793ec7b77c836fef","service":"user-service","timestamp":"2023-03-02T05:26:46.196Z"}
{"level":"info","message":{},"service":"user-service","timestamp":"2023-03-02T05:26:46.197Z"}
{"level":"info","message":{"data":[{"_id":"64002bf7c10686079ac67890","actualPrice":500,"customerName":"Nouman Ejaz","discountedPrice":0,"image":["images/profile.png"],"productName":"fddff","rating":5},{"_id":"64002cbbc10686079ac678a1","actualPrice":500,"customerName":"Nouman Ejaz","discountedPrice":0,"image":["images/profile.png"],"productName":"fddff","rating":5}],"id":"63f89ed9793ec7b77c836fef","msg":"Product Reviews"},"service":"user-service","timestamp":"2023-03-02T05:26:46.513Z"}
{"level":"info","message":"{\"msg\":\"Product Reviews\",\"id\":\"63f89ed9793ec7b77c836fef\",\"data\":[{\"_id\":\"64002bf7c10686079ac67890\",\"rating\":5,\"image\":[\"images/profile.png\"],\"productName\":\"fddff\",\"actualPrice\":500,\"discountedPrice\":0,\"customerName\":\"Nouman Ejaz\"},{\"_id\":\"64002cbbc10686079ac678a1\",\"rating\":5,\"image\":[\"images/profile.png\"],\"productName\":\"fddff\",\"actualPrice\":500,\"discountedPrice\":0,\"customerName\":\"Nouman Ejaz\"}]}","service":"user-service","timestamp":"2023-03-02T05:26:46.515Z"}
{"level":"info","message":"Docs available at http://localhost:3006/docs","service":"user-service","timestamp":"2023-03-02T05:46:58.485Z"}
{"level":"info","message":"/api/v1/customer/details","service":"user-service","timestamp":"2023-03-02T05:47:23.369Z"}
{"level":"info","message":{"customerID":"63d375b58bb7b07fec39a755"},"service":"user-service","timestamp":"2023-03-02T05:47:23.369Z"}
{"level":"info","message":{"msg":"result is not defined"},"service":"user-service","timestamp":"2023-03-02T05:47:23.830Z"}
{"level":"info","message":"{\"msg\":\"result is not defined\"}","service":"user-service","timestamp":"2023-03-02T05:47:23.836Z"}
{"level":"info","message":"Docs available at http://localhost:3006/docs","service":"user-service","timestamp":"2023-03-02T05:48:07.122Z"}
{"level":"info","message":"/api/v1/customer/details","service":"user-service","timestamp":"2023-03-02T05:48:12.695Z"}
{"level":"info","message":{"customerID":"63d375b58bb7b07fec39a755"},"service":"user-service","timestamp":"2023-03-02T05:48:12.696Z"}
{"level":"info","message":"{\"msg\":\"Customer\",\"data\":{\"_id\":\"63d375b58bb7b07fec39a755\",\"firstName\":\"Nouman\",\"lastName\":\"Ejaz\",\"email\":\"nomisatti0999@gmail.com\",\"password\":\"$2b$10$BxliRyV7.DtvE3UQPsWV1OwiN9IN7QwUaTJuTK.pjvRyeRUCdnE/G\",\"cnic\":\"3740430956995\",\"contact\":\"03329699933\",\"address\":\"appinsnap\",\"gender\":\"male\",\"image\":\"images/profile.png\",\"isVarified\":false,\"points\":1500,\"membershipCategory\":\"Platinum\",\"fcmToken\":\"website\",\"zindigiWallet\":{\"zindigiWalletNumber\":\"03329699933\",\"linked\":true},\"token\":\"eyJhbGciOiJIUzI1NiIsInR5cCI6IkpXVCJ9.eyJ1c2VySWQiOiI2M2QzNzViNThiYjdiMDdmZWMzOWE3NTUiLCJ0eXBlIjoidXNlciIsImlhdCI6MTY3NzczNTk0NywiZXhwIjoxNzA5MjcxOTQ3fQ.C9pJg1W3WWprqjgH9ZiCf4zuAhsa_TTwFnnkTXactfc\",\"refreshToken\":\"eyJhbGciOiJIUzI1NiIsInR5cCI6IkpXVCJ9.eyJ1dWlkIjoiY2VhOGJkYjItNGJiMS00NjU1LWFiZDYtMWNkNzExOWU3MDRjIiwidHlwZSI6InVzZXIiLCJpYXQiOjE2Nzc3MzYwOTIsImV4cCI6MTcwOTI3MjA5Mn0.Ex_AVu5mkcWkJn1iqlqRVfSNJUBG6QTeWVJtutX4mog\"}}","service":"user-service","timestamp":"2023-03-02T05:48:13.137Z"}
